{"/home/runner/work/stacks-wallet-web/stacks-wallet-web/src/app/common/calculate-averages.ts": {"path":"/home/runner/work/stacks-wallet-web/stacks-wallet-web/src/app/common/calculate-averages.ts","statementMap":{"0":{"start":{"line":4,"column":2},"end":{"line":6,"column":null}},"1":{"start":{"line":5,"column":28},"end":{"line":5,"column":45}}},"fnMap":{"0":{"name":"calculateMeanAverage","decl":{"start":{"line":3,"column":16},"end":{"line":3,"column":37}},"loc":{"start":{"line":3,"column":59},"end":{"line":7,"column":null}}},"1":{"name":"(anonymous_1)","decl":{"start":{"line":5,"column":12},"end":{"line":5,"column":13}},"loc":{"start":{"line":5,"column":28},"end":{"line":5,"column":45}}}},"branchMap":{},"s":{"0":2,"1":4},"f":{"0":2,"1":4},"b":{}}
,"/home/runner/work/stacks-wallet-web/stacks-wallet-web/src/app/common/date-utils.ts": {"path":"/home/runner/work/stacks-wallet-web/stacks-wallet-web/src/app/common/date-utils.ts","statementMap":{"0":{"start":{"line":8,"column":0},"end":{"line":8,"column":null}},"1":{"start":{"line":9,"column":0},"end":{"line":9,"column":null}},"2":{"start":{"line":10,"column":0},"end":{"line":10,"column":null}},"3":{"start":{"line":11,"column":0},"end":{"line":11,"column":null}},"4":{"start":{"line":12,"column":0},"end":{"line":12,"column":null}},"5":{"start":{"line":15,"column":2},"end":{"line":15,"column":null}},"6":{"start":{"line":20,"column":2},"end":{"line":20,"column":null}},"7":{"start":{"line":25,"column":15},"end":{"line":25,"column":null}},"8":{"start":{"line":26,"column":2},"end":{"line":26,"column":null}},"9":{"start":{"line":26,"column":22},"end":{"line":26,"column":null}},"10":{"start":{"line":27,"column":2},"end":{"line":27,"column":null}},"11":{"start":{"line":27,"column":26},"end":{"line":27,"column":null}},"12":{"start":{"line":28,"column":2},"end":{"line":30,"column":null}},"13":{"start":{"line":29,"column":4},"end":{"line":29,"column":null}},"14":{"start":{"line":31,"column":2},"end":{"line":31,"column":null}},"15":{"start":{"line":35,"column":2},"end":{"line":39,"column":null}},"16":{"start":{"line":36,"column":4},"end":{"line":36,"column":null}},"17":{"start":{"line":38,"column":4},"end":{"line":38,"column":null}}},"fnMap":{"0":{"name":"todaysIsoDate","decl":{"start":{"line":14,"column":16},"end":{"line":14,"column":32}},"loc":{"start":{"line":14,"column":32},"end":{"line":16,"column":null}}},"1":{"name":"isoDateToLocalDate","decl":{"start":{"line":19,"column":16},"end":{"line":19,"column":35}},"loc":{"start":{"line":19,"column":60},"end":{"line":21,"column":null}}},"2":{"name":"displayDate","decl":{"start":{"line":24,"column":16},"end":{"line":24,"column":28}},"loc":{"start":{"line":24,"column":52},"end":{"line":32,"column":null}}},"3":{"name":"isoDateToLocalDateSafe","decl":{"start":{"line":34,"column":16},"end":{"line":34,"column":39}},"loc":{"start":{"line":34,"column":56},"end":{"line":40,"column":null}}}},"branchMap":{"0":{"loc":{"start":{"line":26,"column":2},"end":{"line":26,"column":null}},"type":"if","locations":[{"start":{"line":26,"column":2},"end":{"line":26,"column":null}},{"start":{"line":26,"column":2},"end":{"line":26,"column":null}}]},"1":{"loc":{"start":{"line":27,"column":2},"end":{"line":27,"column":null}},"type":"if","locations":[{"start":{"line":27,"column":2},"end":{"line":27,"column":null}},{"start":{"line":27,"column":2},"end":{"line":27,"column":null}}]},"2":{"loc":{"start":{"line":28,"column":2},"end":{"line":30,"column":null}},"type":"if","locations":[{"start":{"line":28,"column":2},"end":{"line":30,"column":null}},{"start":{"line":28,"column":2},"end":{"line":30,"column":null}}]}},"s":{"0":2,"1":2,"2":2,"3":2,"4":2,"5":0,"6":11,"7":4,"8":4,"9":1,"10":3,"11":1,"12":2,"13":1,"14":1,"15":7,"16":7,"17":0},"f":{"0":0,"1":11,"2":4,"3":7},"b":{"0":[1,3],"1":[1,2],"2":[1,1]}}
,"/home/runner/work/stacks-wallet-web/stacks-wallet-web/src/app/common/initial-search-params.ts": {"path":"/home/runner/work/stacks-wallet-web/stacks-wallet-web/src/app/common/initial-search-params.ts","statementMap":{"0":{"start":{"line":1,"column":35},"end":{"line":1,"column":null}},"1":{"start":{"line":3,"column":20},"end":{"line":3,"column":null}},"2":{"start":{"line":4,"column":22},"end":{"line":4,"column":null}}},"fnMap":{},"branchMap":{},"s":{"0":1,"1":1,"2":1},"f":{},"b":{}}
,"/home/runner/work/stacks-wallet-web/stacks-wallet-web/src/app/common/stacks-utils.ts": {"path":"/home/runner/work/stacks-wallet-web/stacks-wallet-web/src/app/common/stacks-utils.ts","statementMap":{"0":{"start":{"line":11,"column":27},"end":{"line":31,"column":null}},"1":{"start":{"line":22,"column":17},"end":{"line":22,"column":null}},"2":{"start":{"line":23,"column":20},"end":{"line":23,"column":null}},"3":{"start":{"line":24,"column":2},"end":{"line":30,"column":null}},"4":{"start":{"line":33,"column":26},"end":{"line":39,"column":null}},"5":{"start":{"line":34,"column":17},"end":{"line":34,"column":null}},"6":{"start":{"line":35,"column":2},"end":{"line":38,"column":null}},"7":{"start":{"line":41,"column":33},"end":{"line":44,"column":null}},"8":{"start":{"line":42,"column":17},"end":{"line":42,"column":null}},"9":{"start":{"line":43,"column":2},"end":{"line":43,"column":null}},"10":{"start":{"line":46,"column":37},"end":{"line":53,"column":null}},"11":{"start":{"line":47,"column":2},"end":{"line":52,"column":null}},"12":{"start":{"line":48,"column":4},"end":{"line":48,"column":null}},"13":{"start":{"line":49,"column":4},"end":{"line":49,"column":null}},"14":{"start":{"line":51,"column":4},"end":{"line":51,"column":null}},"15":{"start":{"line":56,"column":17},"end":{"line":56,"column":null}},"16":{"start":{"line":57,"column":2},"end":{"line":58,"column":null}},"17":{"start":{"line":58,"column":4},"end":{"line":58,"column":null}},"18":{"start":{"line":59,"column":2},"end":{"line":60,"column":null}},"19":{"start":{"line":60,"column":4},"end":{"line":60,"column":null}},"20":{"start":{"line":61,"column":2},"end":{"line":61,"column":null}}},"fnMap":{"0":{"name":"(anonymous_0)","decl":{"start":{"line":11,"column":27},"end":{"line":11,"column":28}},"loc":{"start":{"line":21,"column":6},"end":{"line":31,"column":null}}},"1":{"name":"(anonymous_1)","decl":{"start":{"line":33,"column":26},"end":{"line":33,"column":27}},"loc":{"start":{"line":33,"column":84},"end":{"line":39,"column":null}}},"2":{"name":"(anonymous_2)","decl":{"start":{"line":41,"column":33},"end":{"line":41,"column":34}},"loc":{"start":{"line":41,"column":91},"end":{"line":44,"column":null}}},"3":{"name":"(anonymous_3)","decl":{"start":{"line":46,"column":37},"end":{"line":46,"column":38}},"loc":{"start":{"line":46,"column":73},"end":{"line":53,"column":null}}},"4":{"name":"validateAddressChain","decl":{"start":{"line":55,"column":16},"end":{"line":55,"column":37}},"loc":{"start":{"line":55,"column":92},"end":{"line":62,"column":null}}}},"branchMap":{"0":{"loc":{"start":{"line":13,"column":2},"end":{"line":13,"column":null}},"type":"default-arg","locations":[{"start":{"line":13,"column":18},"end":{"line":13,"column":null}}]},"1":{"loc":{"start":{"line":14,"column":2},"end":{"line":14,"column":null}},"type":"default-arg","locations":[{"start":{"line":14,"column":15},"end":{"line":14,"column":null}}]},"2":{"loc":{"start":{"line":15,"column":2},"end":{"line":15,"column":null}},"type":"default-arg","locations":[{"start":{"line":15,"column":15},"end":{"line":15,"column":null}}]},"3":{"loc":{"start":{"line":25,"column":4},"end":{"line":29,"column":null}},"type":"cond-expr","locations":[{"start":{"line":26,"column":8},"end":{"line":26,"column":null}},{"start":{"line":27,"column":8},"end":{"line":29,"column":null}}]},"4":{"loc":{"start":{"line":25,"column":4},"end":{"line":25,"column":null}},"type":"binary-expr","locations":[{"start":{"line":25,"column":4},"end":{"line":25,"column":18}},{"start":{"line":25,"column":18},"end":{"line":25,"column":null}}]},"5":{"loc":{"start":{"line":28,"column":33},"end":{"line":28,"column":null}},"type":"cond-expr","locations":[{"start":{"line":28,"column":49},"end":{"line":28,"column":64}},{"start":{"line":28,"column":64},"end":{"line":28,"column":null}}]},"6":{"loc":{"start":{"line":30,"column":5},"end":{"line":30,"column":null}},"type":"cond-expr","locations":[{"start":{"line":30,"column":18},"end":{"line":30,"column":27}},{"start":{"line":30,"column":27},"end":{"line":30,"column":null}}]},"7":{"loc":{"start":{"line":57,"column":2},"end":{"line":58,"column":null}},"type":"if","locations":[{"start":{"line":57,"column":2},"end":{"line":58,"column":null}},{"start":{"line":57,"column":2},"end":{"line":58,"column":null}}]},"8":{"loc":{"start":{"line":58,"column":11},"end":{"line":58,"column":null}},"type":"binary-expr","locations":[{"start":{"line":58,"column":11},"end":{"line":58,"column":30}},{"start":{"line":58,"column":30},"end":{"line":58,"column":null}}]},"9":{"loc":{"start":{"line":59,"column":2},"end":{"line":60,"column":null}},"type":"if","locations":[{"start":{"line":59,"column":2},"end":{"line":60,"column":null}},{"start":{"line":59,"column":2},"end":{"line":60,"column":null}}]},"10":{"loc":{"start":{"line":60,"column":11},"end":{"line":60,"column":null}},"type":"binary-expr","locations":[{"start":{"line":60,"column":11},"end":{"line":60,"column":30}},{"start":{"line":60,"column":30},"end":{"line":60,"column":null}}]}},"s":{"0":4,"1":4,"2":4,"3":4,"4":4,"5":0,"6":0,"7":4,"8":0,"9":0,"10":4,"11":0,"12":0,"13":0,"14":0,"15":0,"16":0,"17":0,"18":0,"19":0,"20":0},"f":{"0":4,"1":0,"2":0,"3":0,"4":0},"b":{"0":[3],"1":[3],"2":[3],"3":[1,3],"4":[4,1],"5":[2,1],"6":[3,1],"7":[0,0],"8":[0,0],"9":[0,0],"10":[0,0]}}
,"/home/runner/work/stacks-wallet-web/stacks-wallet-web/src/app/common/store-utils.ts": {"path":"/home/runner/work/stacks-wallet-web/stacks-wallet-web/src/app/common/store-utils.ts","statementMap":{"0":{"start":{"line":5,"column":2},"end":{"line":5,"column":null}},"1":{"start":{"line":9,"column":2},"end":{"line":9,"column":null}},"2":{"start":{"line":13,"column":2},"end":{"line":13,"column":null}},"3":{"start":{"line":17,"column":40},"end":{"line":17,"column":null}},"4":{"start":{"line":20,"column":17},"end":{"line":20,"column":null}},"5":{"start":{"line":20,"column":60},"end":{"line":20,"column":92}},"6":{"start":{"line":22,"column":2},"end":{"line":22,"column":null}},"7":{"start":{"line":25,"column":2},"end":{"line":28,"column":null}},"8":{"start":{"line":26,"column":4},"end":{"line":26,"column":null}},"9":{"start":{"line":26,"column":40},"end":{"line":26,"column":null}},"10":{"start":{"line":27,"column":4},"end":{"line":27,"column":null}},"11":{"start":{"line":29,"column":2},"end":{"line":29,"column":null}}},"fnMap":{"0":{"name":"textToBytes","decl":{"start":{"line":4,"column":16},"end":{"line":4,"column":28}},"loc":{"start":{"line":4,"column":45},"end":{"line":6,"column":null}}},"1":{"name":"bytesToText","decl":{"start":{"line":8,"column":16},"end":{"line":8,"column":28}},"loc":{"start":{"line":8,"column":48},"end":{"line":10,"column":null}}},"2":{"name":"makeLocalDataKey","decl":{"start":{"line":12,"column":16},"end":{"line":12,"column":33}},"loc":{"start":{"line":12,"column":59},"end":{"line":14,"column":null}}},"3":{"name":"partiallyClearLocalStorage","decl":{"start":{"line":19,"column":16},"end":{"line":19,"column":45}},"loc":{"start":{"line":19,"column":45},"end":{"line":30,"column":null}}},"4":{"name":"(anonymous_4)","decl":{"start":{"line":20,"column":43},"end":{"line":20,"column":44}},"loc":{"start":{"line":20,"column":60},"end":{"line":20,"column":92}}},"5":{"name":"(anonymous_5)","decl":{"start":{"line":25,"column":17},"end":{"line":25,"column":18}},"loc":{"start":{"line":25,"column":35},"end":{"line":28,"column":3}}}},"branchMap":{"0":{"loc":{"start":{"line":26,"column":4},"end":{"line":26,"column":null}},"type":"if","locations":[{"start":{"line":26,"column":4},"end":{"line":26,"column":null}},{"start":{"line":26,"column":4},"end":{"line":26,"column":null}}]},"1":{"loc":{"start":{"line":26,"column":8},"end":{"line":26,"column":40}},"type":"binary-expr","locations":[{"start":{"line":26,"column":8},"end":{"line":26,"column":24}},{"start":{"line":26,"column":24},"end":{"line":26,"column":40}}]}},"s":{"0":0,"1":0,"2":0,"3":1,"4":0,"5":0,"6":0,"7":0,"8":0,"9":0,"10":0,"11":0},"f":{"0":0,"1":0,"2":0,"3":0,"4":0,"5":0},"b":{"0":[0,0],"1":[0,0]}}
,"/home/runner/work/stacks-wallet-web/stacks-wallet-web/src/app/common/string-utils.ts": {"path":"/home/runner/work/stacks-wallet-web/stacks-wallet-web/src/app/common/string-utils.ts","statementMap":{"0":{"start":{"line":2,"column":2},"end":{"line":2,"column":null}}},"fnMap":{"0":{"name":"convertUnicodeToAscii","decl":{"start":{"line":1,"column":16},"end":{"line":1,"column":38}},"loc":{"start":{"line":1,"column":51},"end":{"line":3,"column":null}}}},"branchMap":{},"s":{"0":18},"f":{"0":18},"b":{}}
,"/home/runner/work/stacks-wallet-web/stacks-wallet-web/src/app/common/utils.ts": {"path":"/home/runner/work/stacks-wallet-web/stacks-wallet-web/src/app/common/utils.ts","statementMap":{"0":{"start":{"line":21,"column":2},"end":{"line":21,"column":null}},"1":{"start":{"line":21,"column":43},"end":{"line":21,"column":68}},"2":{"start":{"line":25,"column":16},"end":{"line":25,"column":null}},"3":{"start":{"line":26,"column":16},"end":{"line":26,"column":null}},"4":{"start":{"line":27,"column":2},"end":{"line":34,"column":null}},"5":{"start":{"line":28,"column":4},"end":{"line":31,"column":null}},"6":{"start":{"line":29,"column":20},"end":{"line":29,"column":57}},"7":{"start":{"line":33,"column":4},"end":{"line":33,"column":null}},"8":{"start":{"line":38,"column":17},"end":{"line":38,"column":null}},"9":{"start":{"line":39,"column":2},"end":{"line":39,"column":null}},"10":{"start":{"line":43,"column":18},"end":{"line":43,"column":null}},"11":{"start":{"line":45,"column":25},"end":{"line":45,"column":null}},"12":{"start":{"line":46,"column":32},"end":{"line":46,"column":null}},"13":{"start":{"line":48,"column":2},"end":{"line":51,"column":null}},"14":{"start":{"line":50,"column":4},"end":{"line":50,"column":null}},"15":{"start":{"line":52,"column":2},"end":{"line":57,"column":null}},"16":{"start":{"line":53,"column":4},"end":{"line":56,"column":null}},"17":{"start":{"line":58,"column":2},"end":{"line":58,"column":null}},"18":{"start":{"line":73,"column":2},"end":{"line":82,"column":null}},"19":{"start":{"line":75,"column":6},"end":{"line":77,"column":null}},"20":{"start":{"line":79,"column":6},"end":{"line":79,"column":null}},"21":{"start":{"line":81,"column":6},"end":{"line":81,"column":null}},"22":{"start":{"line":86,"column":2},"end":{"line":88,"column":null}},"23":{"start":{"line":87,"column":4},"end":{"line":87,"column":null}},"24":{"start":{"line":89,"column":2},"end":{"line":89,"column":null}},"25":{"start":{"line":93,"column":2},"end":{"line":93,"column":null}},"26":{"start":{"line":93,"column":26},"end":{"line":93,"column":null}},"27":{"start":{"line":97,"column":2},"end":{"line":97,"column":null}},"28":{"start":{"line":101,"column":2},"end":{"line":101,"column":null}},"29":{"start":{"line":105,"column":13},"end":{"line":105,"column":null}},"30":{"start":{"line":106,"column":2},"end":{"line":115,"column":null}},"31":{"start":{"line":107,"column":18},"end":{"line":107,"column":null}},"32":{"start":{"line":108,"column":4},"end":{"line":112,"column":null}},"33":{"start":{"line":109,"column":6},"end":{"line":109,"column":null}},"34":{"start":{"line":111,"column":6},"end":{"line":111,"column":null}},"35":{"start":{"line":113,"column":2},"end":{"line":115,"column":null}},"36":{"start":{"line":114,"column":4},"end":{"line":114,"column":null}},"37":{"start":{"line":116,"column":2},"end":{"line":116,"column":null}},"38":{"start":{"line":120,"column":17},"end":{"line":120,"column":null}},"39":{"start":{"line":121,"column":2},"end":{"line":121,"column":null}},"40":{"start":{"line":125,"column":2},"end":{"line":127,"column":null}},"41":{"start":{"line":126,"column":4},"end":{"line":126,"column":null}},"42":{"start":{"line":128,"column":10},"end":{"line":128,"column":null}},"43":{"start":{"line":129,"column":14},"end":{"line":129,"column":null}},"44":{"start":{"line":130,"column":2},"end":{"line":182,"column":null}},"45":{"start":{"line":132,"column":4},"end":{"line":135,"column":null}},"46":{"start":{"line":133,"column":6},"end":{"line":133,"column":null}},"47":{"start":{"line":134,"column":6},"end":{"line":134,"column":null}},"48":{"start":{"line":137,"column":4},"end":{"line":146,"column":null}},"49":{"start":{"line":139,"column":6},"end":{"line":145,"column":null}},"50":{"start":{"line":140,"column":8},"end":{"line":140,"column":null}},"51":{"start":{"line":142,"column":8},"end":{"line":142,"column":null}},"52":{"start":{"line":144,"column":8},"end":{"line":144,"column":null}},"53":{"start":{"line":149,"column":4},"end":{"line":156,"column":null}},"54":{"start":{"line":154,"column":6},"end":{"line":154,"column":null}},"55":{"start":{"line":155,"column":6},"end":{"line":155,"column":null}},"56":{"start":{"line":159,"column":4},"end":{"line":167,"column":null}},"57":{"start":{"line":164,"column":6},"end":{"line":164,"column":null}},"58":{"start":{"line":166,"column":6},"end":{"line":166,"column":null}},"59":{"start":{"line":171,"column":4},"end":{"line":180,"column":null}},"60":{"start":{"line":178,"column":6},"end":{"line":178,"column":null}},"61":{"start":{"line":179,"column":6},"end":{"line":179,"column":null}},"62":{"start":{"line":181,"column":4},"end":{"line":181,"column":null}},"63":{"start":{"line":183,"column":2},"end":{"line":183,"column":null}},"64":{"start":{"line":186,"column":32},"end":{"line":193,"column":null}},"65":{"start":{"line":187,"column":2},"end":{"line":187,"column":null}},"66":{"start":{"line":187,"column":15},"end":{"line":187,"column":null}},"67":{"start":{"line":188,"column":2},"end":{"line":188,"column":null}},"68":{"start":{"line":188,"column":27},"end":{"line":188,"column":null}},"69":{"start":{"line":189,"column":2},"end":{"line":189,"column":null}},"70":{"start":{"line":189,"column":27},"end":{"line":189,"column":null}},"71":{"start":{"line":190,"column":2},"end":{"line":190,"column":null}},"72":{"start":{"line":190,"column":28},"end":{"line":190,"column":null}},"73":{"start":{"line":191,"column":2},"end":{"line":191,"column":null}},"74":{"start":{"line":191,"column":17},"end":{"line":191,"column":null}},"75":{"start":{"line":192,"column":2},"end":{"line":192,"column":null}},"76":{"start":{"line":196,"column":17},"end":{"line":196,"column":null}},"77":{"start":{"line":197,"column":2},"end":{"line":197,"column":null}},"78":{"start":{"line":201,"column":2},"end":{"line":201,"column":null}},"79":{"start":{"line":201,"column":39},"end":{"line":201,"column":null}},"80":{"start":{"line":202,"column":2},"end":{"line":204,"column":null}},"81":{"start":{"line":208,"column":2},"end":{"line":208,"column":null}},"82":{"start":{"line":212,"column":2},"end":{"line":212,"column":null}},"83":{"start":{"line":212,"column":19},"end":{"line":212,"column":null}},"84":{"start":{"line":213,"column":15},"end":{"line":213,"column":null}},"85":{"start":{"line":214,"column":2},"end":{"line":214,"column":null}},"86":{"start":{"line":214,"column":20},"end":{"line":214,"column":null}},"87":{"start":{"line":215,"column":2},"end":{"line":215,"column":null}},"88":{"start":{"line":218,"column":23},"end":{"line":228,"column":null}},"89":{"start":{"line":219,"column":16},"end":{"line":219,"column":null}},"90":{"start":{"line":221,"column":2},"end":{"line":227,"column":null}},"91":{"start":{"line":231,"column":2},"end":{"line":231,"column":null}},"92":{"start":{"line":235,"column":2},"end":{"line":235,"column":null}},"93":{"start":{"line":239,"column":15},"end":{"line":239,"column":null}},"94":{"start":{"line":240,"column":2},"end":{"line":240,"column":null}},"95":{"start":{"line":244,"column":2},"end":{"line":244,"column":null}},"96":{"start":{"line":244,"column":32},"end":{"line":244,"column":55}},"97":{"start":{"line":248,"column":2},"end":{"line":248,"column":null}},"98":{"start":{"line":248,"column":21},"end":{"line":248,"column":null}},"99":{"start":{"line":252,"column":2},"end":{"line":252,"column":null}},"100":{"start":{"line":256,"column":2},"end":{"line":256,"column":null}},"101":{"start":{"line":260,"column":35},"end":{"line":260,"column":null}},"102":{"start":{"line":261,"column":2},"end":{"line":261,"column":null}},"103":{"start":{"line":262,"column":17},"end":{"line":262,"column":null}},"104":{"start":{"line":263,"column":19},"end":{"line":263,"column":null}},"105":{"start":{"line":264,"column":2},"end":{"line":264,"column":null}},"106":{"start":{"line":268,"column":2},"end":{"line":268,"column":null}},"107":{"start":{"line":272,"column":2},"end":{"line":272,"column":null}},"108":{"start":{"line":282,"column":2},"end":{"line":282,"column":null}},"109":{"start":{"line":282,"column":47},"end":{"line":282,"column":null}},"110":{"start":{"line":283,"column":2},"end":{"line":286,"column":null}},"111":{"start":{"line":290,"column":2},"end":{"line":290,"column":null}},"112":{"start":{"line":293,"column":19},"end":{"line":293,"column":null}},"113":{"start":{"line":295,"column":17},"end":{"line":295,"column":null}},"114":{"start":{"line":302,"column":2},"end":{"line":302,"column":null}},"115":{"start":{"line":310,"column":2},"end":{"line":310,"column":null}},"116":{"start":{"line":310,"column":50},"end":{"line":310,"column":null}},"117":{"start":{"line":314,"column":2},"end":{"line":314,"column":null}},"118":{"start":{"line":314,"column":35},"end":{"line":314,"column":50}},"119":{"start":{"line":318,"column":2},"end":{"line":318,"column":null}},"120":{"start":{"line":319,"column":2},"end":{"line":319,"column":null}}},"fnMap":{"0":{"name":"kebabCase","decl":{"start":{"line":20,"column":9},"end":{"line":20,"column":19}},"loc":{"start":{"line":20,"column":32},"end":{"line":22,"column":null}}},"1":{"name":"(anonymous_1)","decl":{"start":{"line":21,"column":34},"end":{"line":21,"column":43}},"loc":{"start":{"line":21,"column":43},"end":{"line":21,"column":68}}},"2":{"name":"extractPhraseFromString","decl":{"start":{"line":24,"column":16},"end":{"line":24,"column":40}},"loc":{"start":{"line":24,"column":55},"end":{"line":35,"column":null}}},"3":{"name":"(anonymous_3)","decl":{"start":{"line":29,"column":11},"end":{"line":29,"column":20}},"loc":{"start":{"line":29,"column":20},"end":{"line":29,"column":57}}},"4":{"name":"extractPhraseFromPasteEvent","decl":{"start":{"line":37,"column":16},"end":{"line":37,"column":44}},"loc":{"start":{"line":37,"column":67},"end":{"line":40,"column":null}}},"5":{"name":"validateAndCleanRecoveryInput","decl":{"start":{"line":42,"column":16},"end":{"line":42,"column":46}},"loc":{"start":{"line":42,"column":61},"end":{"line":59,"column":null}}},"6":{"name":"makeTxExplorerLink","decl":{"start":{"line":67,"column":16},"end":{"line":67,"column":35}},"loc":{"start":{"line":72,"column":27},"end":{"line":83,"column":null}}},"7":{"name":"truncateString","decl":{"start":{"line":85,"column":16},"end":{"line":85,"column":31}},"loc":{"start":{"line":85,"column":63},"end":{"line":90,"column":null}}},"8":{"name":"isMultipleOf","decl":{"start":{"line":92,"column":9},"end":{"line":92,"column":22}},"loc":{"start":{"line":92,"column":40},"end":{"line":94,"column":null}}},"9":{"name":"(anonymous_9)","decl":{"start":{"line":93,"column":9},"end":{"line":93,"column":10}},"loc":{"start":{"line":93,"column":26},"end":{"line":93,"column":null}}},"10":{"name":"isEven","decl":{"start":{"line":96,"column":16},"end":{"line":96,"column":23}},"loc":{"start":{"line":96,"column":36},"end":{"line":98,"column":null}}},"11":{"name":"getLetters","decl":{"start":{"line":100,"column":9},"end":{"line":100,"column":20}},"loc":{"start":{"line":100,"column":48},"end":{"line":102,"column":null}}},"12":{"name":"getTicker","decl":{"start":{"line":104,"column":16},"end":{"line":104,"column":26}},"loc":{"start":{"line":104,"column":41},"end":{"line":117,"column":null}}},"13":{"name":"postConditionFromString","decl":{"start":{"line":119,"column":16},"end":{"line":119,"column":40}},"loc":{"start":{"line":119,"column":78},"end":{"line":122,"column":null}}},"14":{"name":"isUtf8","decl":{"start":{"line":124,"column":9},"end":{"line":124,"column":16}},"loc":{"start":{"line":124,"column":52},"end":{"line":184,"column":null}}},"15":{"name":"(anonymous_15)","decl":{"start":{"line":186,"column":32},"end":{"line":186,"column":33}},"loc":{"start":{"line":186,"column":47},"end":{"line":193,"column":null}}},"16":{"name":"isHex","decl":{"start":{"line":195,"column":9},"end":{"line":195,"column":15}},"loc":{"start":{"line":195,"column":37},"end":{"line":198,"column":null}}},"17":{"name":"cleanHex","decl":{"start":{"line":200,"column":9},"end":{"line":200,"column":18}},"loc":{"start":{"line":200,"column":54},"end":{"line":205,"column":null}}},"18":{"name":"hexToBuff","decl":{"start":{"line":207,"column":16},"end":{"line":207,"column":26}},"loc":{"start":{"line":207,"column":47},"end":{"line":209,"column":null}}},"19":{"name":"hexToHumanReadable","decl":{"start":{"line":211,"column":16},"end":{"line":211,"column":35}},"loc":{"start":{"line":211,"column":48},"end":{"line":216,"column":null}}},"20":{"name":"(anonymous_20)","decl":{"start":{"line":218,"column":23},"end":{"line":218,"column":27}},"loc":{"start":{"line":218,"column":65},"end":{"line":228,"column":null}}},"21":{"name":"getUrlHostname","decl":{"start":{"line":230,"column":16},"end":{"line":230,"column":31}},"loc":{"start":{"line":230,"column":44},"end":{"line":232,"column":null}}},"22":{"name":"getUrlPort","decl":{"start":{"line":234,"column":9},"end":{"line":234,"column":20}},"loc":{"start":{"line":234,"column":33},"end":{"line":236,"column":null}}},"23":{"name":"addPortSuffix","decl":{"start":{"line":238,"column":16},"end":{"line":238,"column":30}},"loc":{"start":{"line":238,"column":43},"end":{"line":241,"column":null}}},"24":{"name":"delay","decl":{"start":{"line":243,"column":22},"end":{"line":243,"column":28}},"loc":{"start":{"line":243,"column":40},"end":{"line":245,"column":null}}},"25":{"name":"(anonymous_25)","decl":{"start":{"line":244,"column":21},"end":{"line":244,"column":32}},"loc":{"start":{"line":244,"column":32},"end":{"line":244,"column":55}}},"26":{"name":"createDelay","decl":{"start":{"line":247,"column":16},"end":{"line":247,"column":28}},"loc":{"start":{"line":247,"column":40},"end":{"line":249,"column":null}}},"27":{"name":"(anonymous_27)","decl":{"start":{"line":248,"column":9},"end":{"line":248,"column":21}},"loc":{"start":{"line":248,"column":21},"end":{"line":248,"column":null}}},"28":{"name":"with0x","decl":{"start":{"line":251,"column":16},"end":{"line":251,"column":23}},"loc":{"start":{"line":251,"column":46},"end":{"line":253,"column":null}}},"29":{"name":"initBigNumber","decl":{"start":{"line":255,"column":16},"end":{"line":255,"column":30}},"loc":{"start":{"line":255,"column":64},"end":{"line":257,"column":null}}},"30":{"name":"countDecimals","decl":{"start":{"line":259,"column":16},"end":{"line":259,"column":30}},"loc":{"start":{"line":259,"column":64},"end":{"line":265,"column":null}}},"31":{"name":"pullContractIdFromIdentity","decl":{"start":{"line":267,"column":16},"end":{"line":267,"column":43}},"loc":{"start":{"line":267,"column":63},"end":{"line":269,"column":null}}},"32":{"name":"formatContractId","decl":{"start":{"line":271,"column":16},"end":{"line":271,"column":33}},"loc":{"start":{"line":271,"column":64},"end":{"line":273,"column":null}}},"33":{"name":"getFullyQualifiedStacksAssetName","decl":{"start":{"line":279,"column":16},"end":{"line":279,"column":null}},"loc":{"start":{"line":281,"column":2},"end":{"line":287,"column":null}}},"34":{"name":"doesBrowserSupportWebUsbApi","decl":{"start":{"line":289,"column":16},"end":{"line":289,"column":46}},"loc":{"start":{"line":289,"column":46},"end":{"line":291,"column":null}}},"35":{"name":"whenPageMode","decl":{"start":{"line":301,"column":16},"end":{"line":301,"column":32}},"loc":{"start":{"line":301,"column":65},"end":{"line":303,"column":null}}},"36":{"name":"whenStxChainId","decl":{"start":{"line":309,"column":16},"end":{"line":309,"column":31}},"loc":{"start":{"line":309,"column":49},"end":{"line":311,"column":null}}},"37":{"name":"(anonymous_37)","decl":{"start":{"line":310,"column":9},"end":{"line":310,"column":13}},"loc":{"start":{"line":310,"column":50},"end":{"line":310,"column":null}}},"38":{"name":"sumNumbers","decl":{"start":{"line":313,"column":16},"end":{"line":313,"column":27}},"loc":{"start":{"line":313,"column":43},"end":{"line":315,"column":null}}},"39":{"name":"(anonymous_39)","decl":{"start":{"line":314,"column":21},"end":{"line":314,"column":22}},"loc":{"start":{"line":314,"column":35},"end":{"line":314,"column":50}}},"40":{"name":"logAndThrow","decl":{"start":{"line":317,"column":16},"end":{"line":317,"column":28}},"loc":{"start":{"line":317,"column":59},"end":{"line":320,"column":null}}}},"branchMap":{"0":{"loc":{"start":{"line":27,"column":2},"end":{"line":34,"column":null}},"type":"if","locations":[{"start":{"line":27,"column":2},"end":{"line":34,"column":null}},{"start":{"line":32,"column":9},"end":{"line":34,"column":null}}]},"1":{"loc":{"start":{"line":29,"column":20},"end":{"line":29,"column":57}},"type":"cond-expr","locations":[{"start":{"line":29,"column":45},"end":{"line":29,"column":52}},{"start":{"line":29,"column":52},"end":{"line":29,"column":57}}]},"2":{"loc":{"start":{"line":48,"column":2},"end":{"line":51,"column":null}},"type":"if","locations":[{"start":{"line":48,"column":2},"end":{"line":51,"column":null}},{"start":{"line":48,"column":2},"end":{"line":51,"column":null}}]},"3":{"loc":{"start":{"line":48,"column":6},"end":{"line":48,"column":67}},"type":"binary-expr","locations":[{"start":{"line":48,"column":6},"end":{"line":48,"column":31}},{"start":{"line":48,"column":31},"end":{"line":48,"column":67}}]},"4":{"loc":{"start":{"line":52,"column":2},"end":{"line":57,"column":null}},"type":"if","locations":[{"start":{"line":52,"column":2},"end":{"line":57,"column":null}},{"start":{"line":52,"column":2},"end":{"line":57,"column":null}}]},"5":{"loc":{"start":{"line":70,"column":2},"end":{"line":70,"column":null}},"type":"default-arg","locations":[{"start":{"line":70,"column":11},"end":{"line":70,"column":null}}]},"6":{"loc":{"start":{"line":73,"column":2},"end":{"line":82,"column":null}},"type":"switch","locations":[{"start":{"line":74,"column":4},"end":{"line":77,"column":null}},{"start":{"line":78,"column":4},"end":{"line":79,"column":null}},{"start":{"line":80,"column":4},"end":{"line":81,"column":null}}]},"7":{"loc":{"start":{"line":76,"column":8},"end":{"line":76,"column":null}},"type":"cond-expr","locations":[{"start":{"line":76,"column":47},"end":{"line":76,"column":52}},{"start":{"line":76,"column":52},"end":{"line":76,"column":null}}]},"8":{"loc":{"start":{"line":86,"column":2},"end":{"line":88,"column":null}},"type":"if","locations":[{"start":{"line":86,"column":2},"end":{"line":88,"column":null}},{"start":{"line":86,"column":2},"end":{"line":88,"column":null}}]},"9":{"loc":{"start":{"line":100,"column":36},"end":{"line":100,"column":48}},"type":"default-arg","locations":[{"start":{"line":100,"column":45},"end":{"line":100,"column":48}}]},"10":{"loc":{"start":{"line":106,"column":2},"end":{"line":115,"column":null}},"type":"if","locations":[{"start":{"line":106,"column":2},"end":{"line":115,"column":null}},{"start":{"line":113,"column":2},"end":{"line":115,"column":null}}]},"11":{"loc":{"start":{"line":108,"column":4},"end":{"line":112,"column":null}},"type":"if","locations":[{"start":{"line":108,"column":4},"end":{"line":112,"column":null}},{"start":{"line":110,"column":11},"end":{"line":112,"column":null}}]},"12":{"loc":{"start":{"line":113,"column":2},"end":{"line":115,"column":null}},"type":"if","locations":[{"start":{"line":113,"column":2},"end":{"line":115,"column":null}},{"start":{"line":113,"column":2},"end":{"line":115,"column":null}}]},"13":{"loc":{"start":{"line":125,"column":2},"end":{"line":127,"column":null}},"type":"if","locations":[{"start":{"line":125,"column":2},"end":{"line":127,"column":null}},{"start":{"line":125,"column":2},"end":{"line":127,"column":null}}]},"14":{"loc":{"start":{"line":132,"column":4},"end":{"line":135,"column":null}},"type":"if","locations":[{"start":{"line":132,"column":4},"end":{"line":135,"column":null}},{"start":{"line":132,"column":4},"end":{"line":135,"column":null}}]},"15":{"loc":{"start":{"line":137,"column":4},"end":{"line":146,"column":null}},"type":"if","locations":[{"start":{"line":137,"column":4},"end":{"line":146,"column":null}},{"start":{"line":137,"column":4},"end":{"line":146,"column":null}}]},"16":{"loc":{"start":{"line":137,"column":8},"end":{"line":137,"column":42}},"type":"binary-expr","locations":[{"start":{"line":137,"column":8},"end":{"line":137,"column":26}},{"start":{"line":137,"column":26},"end":{"line":137,"column":42}}]},"17":{"loc":{"start":{"line":139,"column":6},"end":{"line":145,"column":null}},"type":"if","locations":[{"start":{"line":139,"column":6},"end":{"line":145,"column":null}},{"start":{"line":143,"column":13},"end":{"line":145,"column":null}}]},"18":{"loc":{"start":{"line":149,"column":4},"end":{"line":156,"column":null}},"type":"if","locations":[{"start":{"line":149,"column":4},"end":{"line":156,"column":null}},{"start":{"line":149,"column":4},"end":{"line":156,"column":null}}]},"19":{"loc":{"start":{"line":149,"column":4},"end":{"line":152,"column":null}},"type":"binary-expr","locations":[{"start":{"line":150,"column":8},"end":{"line":150,"column":27}},{"start":{"line":150,"column":27},"end":{"line":150,"column":49}},{"start":{"line":150,"column":49},"end":{"line":150,"column":null}},{"start":{"line":151,"column":9},"end":{"line":151,"column":28}},{"start":{"line":151,"column":28},"end":{"line":151,"column":50}},{"start":{"line":151,"column":50},"end":{"line":151,"column":null}},{"start":{"line":152,"column":6},"end":{"line":152,"column":null}}]},"20":{"loc":{"start":{"line":159,"column":4},"end":{"line":167,"column":null}},"type":"if","locations":[{"start":{"line":159,"column":4},"end":{"line":167,"column":null}},{"start":{"line":159,"column":4},"end":{"line":167,"column":null}}]},"21":{"loc":{"start":{"line":159,"column":4},"end":{"line":162,"column":null}},"type":"binary-expr","locations":[{"start":{"line":160,"column":8},"end":{"line":160,"column":26}},{"start":{"line":160,"column":26},"end":{"line":160,"column":46}},{"start":{"line":160,"column":46},"end":{"line":160,"column":64}},{"start":{"line":160,"column":64},"end":{"line":160,"column":null}},{"start":{"line":161,"column":6},"end":{"line":161,"column":null}},{"start":{"line":162,"column":6},"end":{"line":162,"column":null}}]},"22":{"loc":{"start":{"line":171,"column":4},"end":{"line":180,"column":null}},"type":"if","locations":[{"start":{"line":171,"column":4},"end":{"line":180,"column":null}},{"start":{"line":171,"column":4},"end":{"line":180,"column":null}}]},"23":{"loc":{"start":{"line":171,"column":4},"end":{"line":176,"column":null}},"type":"binary-expr","locations":[{"start":{"line":172,"column":8},"end":{"line":172,"column":27}},{"start":{"line":172,"column":27},"end":{"line":172,"column":49}},{"start":{"line":172,"column":49},"end":{"line":172,"column":null}},{"start":{"line":173,"column":9},"end":{"line":173,"column":27}},{"start":{"line":173,"column":27},"end":{"line":173,"column":45}},{"start":{"line":173,"column":45},"end":{"line":173,"column":null}},{"start":{"line":174,"column":9},"end":{"line":174,"column":28}},{"start":{"line":174,"column":28},"end":{"line":174,"column":50}},{"start":{"line":174,"column":50},"end":{"line":174,"column":null}},{"start":{"line":175,"column":6},"end":{"line":175,"column":null}},{"start":{"line":176,"column":6},"end":{"line":176,"column":null}}]},"24":{"loc":{"start":{"line":187,"column":2},"end":{"line":187,"column":null}},"type":"if","locations":[{"start":{"line":187,"column":2},"end":{"line":187,"column":null}},{"start":{"line":187,"column":2},"end":{"line":187,"column":null}}]},"25":{"loc":{"start":{"line":188,"column":2},"end":{"line":188,"column":null}},"type":"if","locations":[{"start":{"line":188,"column":2},"end":{"line":188,"column":null}},{"start":{"line":188,"column":2},"end":{"line":188,"column":null}}]},"26":{"loc":{"start":{"line":188,"column":6},"end":{"line":188,"column":27}},"type":"binary-expr","locations":[{"start":{"line":188,"column":6},"end":{"line":188,"column":18}},{"start":{"line":188,"column":18},"end":{"line":188,"column":27}}]},"27":{"loc":{"start":{"line":189,"column":2},"end":{"line":189,"column":null}},"type":"if","locations":[{"start":{"line":189,"column":2},"end":{"line":189,"column":null}},{"start":{"line":189,"column":2},"end":{"line":189,"column":null}}]},"28":{"loc":{"start":{"line":189,"column":6},"end":{"line":189,"column":27}},"type":"binary-expr","locations":[{"start":{"line":189,"column":6},"end":{"line":189,"column":18}},{"start":{"line":189,"column":18},"end":{"line":189,"column":27}}]},"29":{"loc":{"start":{"line":190,"column":2},"end":{"line":190,"column":null}},"type":"if","locations":[{"start":{"line":190,"column":2},"end":{"line":190,"column":null}},{"start":{"line":190,"column":2},"end":{"line":190,"column":null}}]},"30":{"loc":{"start":{"line":190,"column":6},"end":{"line":190,"column":28}},"type":"binary-expr","locations":[{"start":{"line":190,"column":6},"end":{"line":190,"column":18}},{"start":{"line":190,"column":18},"end":{"line":190,"column":28}}]},"31":{"loc":{"start":{"line":191,"column":2},"end":{"line":191,"column":null}},"type":"if","locations":[{"start":{"line":191,"column":2},"end":{"line":191,"column":null}},{"start":{"line":191,"column":2},"end":{"line":191,"column":null}}]},"32":{"loc":{"start":{"line":201,"column":2},"end":{"line":201,"column":null}},"type":"if","locations":[{"start":{"line":201,"column":2},"end":{"line":201,"column":null}},{"start":{"line":201,"column":2},"end":{"line":201,"column":null}}]},"33":{"loc":{"start":{"line":202,"column":9},"end":{"line":204,"column":null}},"type":"cond-expr","locations":[{"start":{"line":203,"column":6},"end":{"line":203,"column":null}},{"start":{"line":204,"column":6},"end":{"line":204,"column":null}}]},"34":{"loc":{"start":{"line":212,"column":2},"end":{"line":212,"column":null}},"type":"if","locations":[{"start":{"line":212,"column":2},"end":{"line":212,"column":null}},{"start":{"line":212,"column":2},"end":{"line":212,"column":null}}]},"35":{"loc":{"start":{"line":214,"column":2},"end":{"line":214,"column":null}},"type":"if","locations":[{"start":{"line":214,"column":2},"end":{"line":214,"column":null}},{"start":{"line":214,"column":2},"end":{"line":214,"column":null}}]},"36":{"loc":{"start":{"line":240,"column":9},"end":{"line":240,"column":null}},"type":"cond-expr","locations":[{"start":{"line":240,"column":16},"end":{"line":240,"column":29}},{"start":{"line":240,"column":29},"end":{"line":240,"column":null}}]},"37":{"loc":{"start":{"line":252,"column":9},"end":{"line":252,"column":null}},"type":"cond-expr","locations":[{"start":{"line":252,"column":35},"end":{"line":252,"column":50}},{"start":{"line":252,"column":50},"end":{"line":252,"column":null}}]},"38":{"loc":{"start":{"line":256,"column":9},"end":{"line":256,"column":null}},"type":"cond-expr","locations":[{"start":{"line":256,"column":38},"end":{"line":256,"column":44}},{"start":{"line":256,"column":44},"end":{"line":256,"column":null}}]},"39":{"loc":{"start":{"line":264,"column":9},"end":{"line":264,"column":null}},"type":"cond-expr","locations":[{"start":{"line":264,"column":20},"end":{"line":264,"column":38}},{"start":{"line":264,"column":38},"end":{"line":264,"column":null}}]},"40":{"loc":{"start":{"line":282,"column":2},"end":{"line":282,"column":null}},"type":"if","locations":[{"start":{"line":282,"column":2},"end":{"line":282,"column":null}},{"start":{"line":282,"column":2},"end":{"line":282,"column":null}}]},"41":{"loc":{"start":{"line":295,"column":17},"end":{"line":295,"column":null}},"type":"cond-expr","locations":[{"start":{"line":295,"column":30},"end":{"line":295,"column":39}},{"start":{"line":295,"column":39},"end":{"line":295,"column":null}}]},"42":{"loc":{"start":{"line":317,"column":41},"end":{"line":317,"column":59}},"type":"default-arg","locations":[{"start":{"line":317,"column":55},"end":{"line":317,"column":59}}]}},"s":{"0":3,"1":0,"2":2,"3":2,"4":2,"5":2,"6":77,"7":0,"8":0,"9":0,"10":0,"11":0,"12":0,"13":0,"14":0,"15":0,"16":0,"17":0,"18":0,"19":0,"20":0,"21":0,"22":0,"23":0,"24":0,"25":0,"26":0,"27":0,"28":6,"29":3,"30":3,"31":2,"32":2,"33":1,"34":1,"35":1,"36":1,"37":3,"38":2,"39":2,"40":0,"41":0,"42":0,"43":0,"44":0,"45":0,"46":0,"47":0,"48":0,"49":0,"50":0,"51":0,"52":0,"53":0,"54":0,"55":0,"56":0,"57":0,"58":0,"59":0,"60":0,"61":0,"62":0,"63":0,"64":8,"65":1,"66":0,"67":1,"68":1,"69":0,"70":0,"71":0,"72":0,"73":0,"74":0,"75":0,"76":0,"77":0,"78":0,"79":0,"80":0,"81":0,"82":0,"83":0,"84":0,"85":0,"86":0,"87":0,"88":8,"89":0,"90":0,"91":0,"92":0,"93":0,"94":0,"95":0,"96":0,"97":0,"98":0,"99":8,"100":8,"101":4,"102":4,"103":4,"104":4,"105":4,"106":0,"107":0,"108":0,"109":0,"110":0,"111":0,"112":8,"113":8,"114":0,"115":2,"116":2,"117":3,"118":7,"119":0,"120":0},"f":{"0":3,"1":0,"2":2,"3":77,"4":0,"5":0,"6":0,"7":0,"8":0,"9":0,"10":0,"11":6,"12":3,"13":2,"14":0,"15":1,"16":0,"17":0,"18":0,"19":0,"20":0,"21":0,"22":0,"23":0,"24":0,"25":0,"26":0,"27":0,"28":8,"29":8,"30":4,"31":0,"32":0,"33":0,"34":0,"35":0,"36":2,"37":2,"38":3,"39":7,"40":0},"b":{"0":[2,0],"1":[48,29],"2":[0,0],"3":[0,0],"4":[0,0],"5":[0],"6":[0,0,0],"7":[0,0],"8":[0,0],"9":[4],"10":[2,1],"11":[1,1],"12":[1,0],"13":[0,0],"14":[0,0],"15":[0,0],"16":[0,0],"17":[0,0],"18":[0,0],"19":[0,0,0,0,0,0,0],"20":[0,0],"21":[0,0,0,0,0,0],"22":[0,0],"23":[0,0,0,0,0,0,0,0,0,0,0],"24":[0,1],"25":[1,0],"26":[1,1],"27":[0,0],"28":[0,0],"29":[0,0],"30":[0,0],"31":[0,0],"32":[0,0],"33":[0,0],"34":[0,0],"35":[0,0],"36":[0,0],"37":[5,3],"38":[0,8],"39":[3,1],"40":[0,0],"41":[0,8],"42":[0]}}
,"/home/runner/work/stacks-wallet-web/stacks-wallet-web/src/app/common/account-restoration/account-restore.ts": {"path":"/home/runner/work/stacks-wallet-web/stacks-wallet-web/src/app/common/account-restoration/account-restore.ts","statementMap":{"0":{"start":{"line":4,"column":34},"end":{"line":4,"column":null}},"1":{"start":{"line":12,"column":2},"end":{"line":12,"column":null}},"2":{"start":{"line":16,"column":2},"end":{"line":16,"column":null}},"3":{"start":{"line":16,"column":73},"end":{"line":16,"column":90}},"4":{"start":{"line":20,"column":2},"end":{"line":20,"column":null}},"5":{"start":{"line":20,"column":44},"end":{"line":20,"column":61}},"6":{"start":{"line":20,"column":76},"end":{"line":20,"column":87}},"7":{"start":{"line":24,"column":17},"end":{"line":24,"column":null}},"8":{"start":{"line":25,"column":2},"end":{"line":25,"column":null}},"9":{"start":{"line":25,"column":19},"end":{"line":25,"column":null}},"10":{"start":{"line":26,"column":2},"end":{"line":26,"column":null}},"11":{"start":{"line":44,"column":22},"end":{"line":44,"column":null}},"12":{"start":{"line":45,"column":57},"end":{"line":45,"column":null}},"13":{"start":{"line":47,"column":4},"end":{"line":52,"column":null}},"14":{"start":{"line":48,"column":20},"end":{"line":48,"column":null}},"15":{"start":{"line":49,"column":26},"end":{"line":49,"column":null}},"16":{"start":{"line":50,"column":6},"end":{"line":50,"column":null}},"17":{"start":{"line":51,"column":6},"end":{"line":51,"column":null}},"18":{"start":{"line":53,"column":4},"end":{"line":53,"column":null}},"19":{"start":{"line":56,"column":31},"end":{"line":56,"column":null}},"20":{"start":{"line":59,"column":25},"end":{"line":59,"column":null}},"21":{"start":{"line":60,"column":57},"end":{"line":60,"column":null}},"22":{"start":{"line":62,"column":4},"end":{"line":70,"column":null}},"23":{"start":{"line":66,"column":26},"end":{"line":66,"column":null}},"24":{"start":{"line":67,"column":6},"end":{"line":67,"column":null}},"25":{"start":{"line":68,"column":6},"end":{"line":68,"column":null}},"26":{"start":{"line":69,"column":6},"end":{"line":69,"column":null}},"27":{"start":{"line":71,"column":4},"end":{"line":71,"column":null}},"28":{"start":{"line":74,"column":2},"end":{"line":74,"column":null}}},"fnMap":{"0":{"name":"minNumberOfAccountsNotChecked","decl":{"start":{"line":11,"column":9},"end":{"line":11,"column":39}},"loc":{"start":{"line":11,"column":52},"end":{"line":13,"column":null}}},"1":{"name":"anyOfLastCheckedAccountsHaveActivity","decl":{"start":{"line":15,"column":9},"end":{"line":15,"column":46}},"loc":{"start":{"line":15,"column":87},"end":{"line":17,"column":null}}},"2":{"name":"(anonymous_2)","decl":{"start":{"line":16,"column":64},"end":{"line":16,"column":73}},"loc":{"start":{"line":16,"column":73},"end":{"line":16,"column":90}}},"3":{"name":"returnHighestIndex","decl":{"start":{"line":19,"column":9},"end":{"line":19,"column":28}},"loc":{"start":{"line":19,"column":69},"end":{"line":21,"column":null}}},"4":{"name":"(anonymous_4)","decl":{"start":{"line":20,"column":35},"end":{"line":20,"column":44}},"loc":{"start":{"line":20,"column":44},"end":{"line":20,"column":61}}},"5":{"name":"(anonymous_5)","decl":{"start":{"line":20,"column":67},"end":{"line":20,"column":76}},"loc":{"start":{"line":20,"column":76},"end":{"line":20,"column":87}}},"6":{"name":"recurseUntilGeneratorDone","decl":{"start":{"line":23,"column":15},"end":{"line":23,"column":41}},"loc":{"start":{"line":23,"column":82},"end":{"line":27,"column":null}}},"7":{"name":"recurseAccountsForActivity","decl":{"start":{"line":40,"column":22},"end":{"line":40,"column":49}},"loc":{"start":{"line":42,"column":52},"end":{"line":75,"column":null}}},"8":{"name":"findHighestAddressIndexExponent","decl":{"start":{"line":43,"column":18},"end":{"line":43,"column":52}},"loc":{"start":{"line":43,"column":52},"end":{"line":54,"column":null}}},"9":{"name":"checkForMostRecentAccount","decl":{"start":{"line":58,"column":18},"end":{"line":58,"column":46}},"loc":{"start":{"line":58,"column":46},"end":{"line":72,"column":null}}}},"branchMap":{"0":{"loc":{"start":{"line":25,"column":2},"end":{"line":25,"column":null}},"type":"if","locations":[{"start":{"line":25,"column":2},"end":{"line":25,"column":null}},{"start":{"line":25,"column":2},"end":{"line":25,"column":null}}]},"1":{"loc":{"start":{"line":47,"column":11},"end":{"line":47,"column":79}},"type":"binary-expr","locations":[{"start":{"line":47,"column":11},"end":{"line":47,"column":36}},{"start":{"line":47,"column":36},"end":{"line":47,"column":79}}]},"2":{"loc":{"start":{"line":63,"column":6},"end":{"line":64,"column":null}},"type":"binary-expr","locations":[{"start":{"line":63,"column":6},"end":{"line":63,"column":null}},{"start":{"line":64,"column":6},"end":{"line":64,"column":null}}]}},"s":{"0":1,"1":76,"2":36,"3":119,"4":4,"5":85,"6":34,"7":89,"8":89,"9":4,"10":85,"11":2,"12":2,"13":2,"14":11,"15":11,"16":11,"17":11,"18":2,"19":2,"20":2,"21":2,"22":2,"23":74,"24":74,"25":74,"26":74,"27":2,"28":2},"f":{"0":76,"1":36,"2":119,"3":4,"4":85,"5":34,"6":89,"7":2,"8":2,"9":2},"b":{"0":[4,85],"1":[13,11],"2":[76,36]}}
,"/home/runner/work/stacks-wallet-web/stacks-wallet-web/src/app/common/api/wrapped-fetch.ts": {"path":"/home/runner/work/stacks-wallet-web/stacks-wallet-web/src/app/common/api/wrapped-fetch.ts","statementMap":{"0":{"start":{"line":1,"column":33},"end":{"line":4,"column":null}},"1":{"start":{"line":7,"column":22},"end":{"line":7,"column":null}},"2":{"start":{"line":8,"column":2},"end":{"line":12,"column":null}},"3":{"start":{"line":19,"column":41},"end":{"line":19,"column":null}},"4":{"start":{"line":21,"column":21},"end":{"line":21,"column":null}},"5":{"start":{"line":22,"column":13},"end":{"line":22,"column":null}},"6":{"start":{"line":22,"column":30},"end":{"line":22,"column":50}},"7":{"start":{"line":24,"column":19},"end":{"line":27,"column":null}},"8":{"start":{"line":28,"column":2},"end":{"line":28,"column":null}},"9":{"start":{"line":30,"column":2},"end":{"line":30,"column":null}}},"fnMap":{"0":{"name":"fetcher","decl":{"start":{"line":6,"column":16},"end":{"line":6,"column":24}},"loc":{"start":{"line":6,"column":68},"end":{"line":13,"column":null}}},"1":{"name":"fetchWithTimeout","decl":{"start":{"line":15,"column":22},"end":{"line":15,"column":null}},"loc":{"start":{"line":18,"column":2},"end":{"line":31,"column":null}}},"2":{"name":"(anonymous_2)","decl":{"start":{"line":22,"column":24},"end":{"line":22,"column":30}},"loc":{"start":{"line":22,"column":30},"end":{"line":22,"column":50}}}},"branchMap":{"0":{"loc":{"start":{"line":6,"column":44},"end":{"line":6,"column":68}},"type":"default-arg","locations":[{"start":{"line":6,"column":64},"end":{"line":6,"column":68}}]},"1":{"loc":{"start":{"line":7,"column":22},"end":{"line":7,"column":null}},"type":"binary-expr","locations":[{"start":{"line":7,"column":22},"end":{"line":7,"column":38}},{"start":{"line":7,"column":38},"end":{"line":7,"column":null}}]},"2":{"loc":{"start":{"line":17,"column":2},"end":{"line":17,"column":null}},"type":"default-arg","locations":[{"start":{"line":17,"column":45},"end":{"line":17,"column":null}}]},"3":{"loc":{"start":{"line":19,"column":10},"end":{"line":19,"column":26}},"type":"default-arg","locations":[{"start":{"line":19,"column":20},"end":{"line":19,"column":26}}]}},"s":{"0":1,"1":0,"2":0,"3":0,"4":0,"5":0,"6":0,"7":0,"8":0,"9":0},"f":{"0":0,"1":0,"2":0},"b":{"0":[0],"1":[0,0],"2":[0],"3":[0]}}
,"/home/runner/work/stacks-wallet-web/stacks-wallet-web/src/app/common/crypto-assets/stacks-crypto-asset.utils.ts": {"path":"/home/runner/work/stacks-wallet-web/stacks-wallet-web/src/app/common/crypto-assets/stacks-crypto-asset.utils.ts","statementMap":{"0":{"start":{"line":10,"column":2},"end":{"line":10,"column":null}},"1":{"start":{"line":14,"column":19},"end":{"line":14,"column":null}},"2":{"start":{"line":15,"column":17},"end":{"line":15,"column":null}},"3":{"start":{"line":16,"column":2},"end":{"line":21,"column":null}},"4":{"start":{"line":25,"column":2},"end":{"line":25,"column":null}},"5":{"start":{"line":29,"column":2},"end":{"line":31,"column":null}},"6":{"start":{"line":35,"column":2},"end":{"line":35,"column":null}},"7":{"start":{"line":39,"column":19},"end":{"line":39,"column":null}},"8":{"start":{"line":40,"column":2},"end":{"line":40,"column":null}},"9":{"start":{"line":40,"column":16},"end":{"line":40,"column":null}},"10":{"start":{"line":41,"column":2},"end":{"line":41,"column":null}},"11":{"start":{"line":45,"column":2},"end":{"line":45,"column":null}}},"fnMap":{"0":{"name":"removeCommas","decl":{"start":{"line":9,"column":9},"end":{"line":9,"column":22}},"loc":{"start":{"line":9,"column":48},"end":{"line":11,"column":null}}},"1":{"name":"getFormattedBalance","decl":{"start":{"line":13,"column":16},"end":{"line":13,"column":36}},"loc":{"start":{"line":13,"column":52},"end":{"line":22,"column":null}}},"2":{"name":"isFtNameLikeStx","decl":{"start":{"line":24,"column":16},"end":{"line":24,"column":32}},"loc":{"start":{"line":24,"column":46},"end":{"line":26,"column":null}}},"3":{"name":"getImageCanonicalUri","decl":{"start":{"line":28,"column":16},"end":{"line":28,"column":37}},"loc":{"start":{"line":28,"column":78},"end":{"line":32,"column":null}}},"4":{"name":"getGradientString","decl":{"start":{"line":34,"column":16},"end":{"line":34,"column":34}},"loc":{"start":{"line":34,"column":67},"end":{"line":36,"column":null}}},"5":{"name":"getIconString","decl":{"start":{"line":38,"column":16},"end":{"line":38,"column":30}},"loc":{"start":{"line":38,"column":63},"end":{"line":42,"column":null}}},"6":{"name":"isTransferableStacksFungibleTokenAsset","decl":{"start":{"line":44,"column":16},"end":{"line":44,"column":55}},"loc":{"start":{"line":44,"column":88},"end":{"line":46,"column":null}}}},"branchMap":{"0":{"loc":{"start":{"line":15,"column":17},"end":{"line":15,"column":null}},"type":"cond-expr","locations":[{"start":{"line":15,"column":42},"end":{"line":15,"column":65}},{"start":{"line":15,"column":65},"end":{"line":15,"column":null}}]},"1":{"loc":{"start":{"line":16,"column":9},"end":{"line":21,"column":null}},"type":"cond-expr","locations":[{"start":{"line":17,"column":6},"end":{"line":20,"column":null}},{"start":{"line":21,"column":6},"end":{"line":21,"column":null}}]},"2":{"loc":{"start":{"line":29,"column":9},"end":{"line":31,"column":null}},"type":"cond-expr","locations":[{"start":{"line":30,"column":6},"end":{"line":30,"column":null}},{"start":{"line":31,"column":6},"end":{"line":31,"column":null}}]},"3":{"loc":{"start":{"line":29,"column":9},"end":{"line":29,"column":null}},"type":"binary-expr","locations":[{"start":{"line":29,"column":9},"end":{"line":29,"column":30}},{"start":{"line":29,"column":30},"end":{"line":29,"column":63}},{"start":{"line":29,"column":63},"end":{"line":29,"column":null}}]},"4":{"loc":{"start":{"line":40,"column":2},"end":{"line":40,"column":null}},"type":"if","locations":[{"start":{"line":40,"column":2},"end":{"line":40,"column":null}},{"start":{"line":40,"column":2},"end":{"line":40,"column":null}}]},"5":{"loc":{"start":{"line":45,"column":9},"end":{"line":45,"column":null}},"type":"binary-expr","locations":[{"start":{"line":45,"column":9},"end":{"line":45,"column":41}},{"start":{"line":45,"column":41},"end":{"line":45,"column":69}},{"start":{"line":45,"column":69},"end":{"line":45,"column":null}}]}},"s":{"0":0,"1":0,"2":0,"3":0,"4":9,"5":0,"6":0,"7":0,"8":0,"9":0,"10":0,"11":4},"f":{"0":0,"1":0,"2":9,"3":0,"4":0,"5":0,"6":4},"b":{"0":[0,0],"1":[0,0],"2":[0,0],"3":[0,0,0],"4":[0,0],"5":[4,2,2]}}
,"/home/runner/work/stacks-wallet-web/stacks-wallet-web/src/app/common/hooks/use-default-request-search-params.ts": {"path":"/home/runner/work/stacks-wallet-web/stacks-wallet-web/src/app/common/hooks/use-default-request-search-params.ts","statementMap":{"0":{"start":{"line":8,"column":2},"end":{"line":18,"column":null}},"1":{"start":{"line":9,"column":19},"end":{"line":9,"column":null}},"2":{"start":{"line":10,"column":18},"end":{"line":10,"column":null}},"3":{"start":{"line":11,"column":17},"end":{"line":11,"column":null}},"4":{"start":{"line":13,"column":4},"end":{"line":17,"column":null}}},"fnMap":{"0":{"name":"useDefaultRequestParams","decl":{"start":{"line":7,"column":16},"end":{"line":7,"column":42}},"loc":{"start":{"line":7,"column":42},"end":{"line":19,"column":null}}},"1":{"name":"(anonymous_1)","decl":{"start":{"line":8,"column":17},"end":{"line":8,"column":23}},"loc":{"start":{"line":8,"column":23},"end":{"line":18,"column":5}}}},"branchMap":{"0":{"loc":{"start":{"line":16,"column":13},"end":{"line":16,"column":null}},"type":"cond-expr","locations":[{"start":{"line":16,"column":31},"end":{"line":16,"column":49}},{"start":{"line":16,"column":49},"end":{"line":16,"column":null}}]}},"s":{"0":0,"1":0,"2":0,"3":0,"4":0},"f":{"0":0,"1":0},"b":{"0":[0,0]}}
,"/home/runner/work/stacks-wallet-web/stacks-wallet-web/src/app/common/keychain/keychain.ts": {"path":"/home/runner/work/stacks-wallet-web/stacks-wallet-web/src/app/common/keychain/keychain.ts","statementMap":{"0":{"start":{"line":13,"column":2},"end":{"line":13,"column":null}},"1":{"start":{"line":17,"column":15},"end":{"line":17,"column":null}},"2":{"start":{"line":18,"column":2},"end":{"line":18,"column":null}},"3":{"start":{"line":22,"column":2},"end":{"line":28,"column":null}},"4":{"start":{"line":23,"column":30},"end":{"line":25,"column":null}},"5":{"start":{"line":26,"column":19},"end":{"line":26,"column":null}},"6":{"start":{"line":27,"column":4},"end":{"line":27,"column":null}}},"fnMap":{"0":{"name":"derivePublicKey","decl":{"start":{"line":12,"column":16},"end":{"line":12,"column":32}},"loc":{"start":{"line":12,"column":45},"end":{"line":14,"column":null}}},"1":{"name":"mnemonicToRootNode","decl":{"start":{"line":16,"column":9},"end":{"line":16,"column":28}},"loc":{"start":{"line":16,"column":47},"end":{"line":19,"column":null}}},"2":{"name":"getStacksAddressByIndex","decl":{"start":{"line":21,"column":16},"end":{"line":21,"column":40}},"loc":{"start":{"line":21,"column":91},"end":{"line":29,"column":null}}},"3":{"name":"(anonymous_3)","decl":{"start":{"line":22,"column":9},"end":{"line":22,"column":10}},"loc":{"start":{"line":22,"column":28},"end":{"line":28,"column":null}}}},"branchMap":{},"s":{"0":0,"1":0,"2":0,"3":0,"4":0,"5":0,"6":0},"f":{"0":0,"1":0,"2":0,"3":0},"b":{}}
,"/home/runner/work/stacks-wallet-web/stacks-wallet-web/src/app/common/money/calculate-money.ts": {"path":"/home/runner/work/stacks-wallet-web/stacks-wallet-web/src/app/common/money/calculate-money.ts","statementMap":{"0":{"start":{"line":11,"column":2},"end":{"line":16,"column":null}},"1":{"start":{"line":12,"column":4},"end":{"line":16,"column":null}},"2":{"start":{"line":18,"column":2},"end":{"line":24,"column":null}},"3":{"start":{"line":28,"column":2},"end":{"line":28,"column":null}},"4":{"start":{"line":28,"column":20},"end":{"line":28,"column":null}},"5":{"start":{"line":29,"column":2},"end":{"line":29,"column":null}},"6":{"start":{"line":29,"column":27},"end":{"line":29,"column":null}},"7":{"start":{"line":30,"column":2},"end":{"line":30,"column":null}},"8":{"start":{"line":35,"column":2},"end":{"line":35,"column":null}},"9":{"start":{"line":35,"column":20},"end":{"line":35,"column":null}},"10":{"start":{"line":36,"column":2},"end":{"line":36,"column":null}},"11":{"start":{"line":36,"column":27},"end":{"line":36,"column":null}},"12":{"start":{"line":37,"column":2},"end":{"line":37,"column":null}}},"fnMap":{"0":{"name":"baseCurrencyAmountInQuote","decl":{"start":{"line":10,"column":16},"end":{"line":10,"column":42}},"loc":{"start":{"line":10,"column":88},"end":{"line":25,"column":null}}},"1":{"name":"convertAmountToFractionalUnit","decl":{"start":{"line":27,"column":16},"end":{"line":27,"column":46}},"loc":{"start":{"line":27,"column":89},"end":{"line":31,"column":null}}},"2":{"name":"convertAmountToBaseUnit","decl":{"start":{"line":34,"column":16},"end":{"line":34,"column":40}},"loc":{"start":{"line":34,"column":83},"end":{"line":38,"column":null}}}},"branchMap":{"0":{"loc":{"start":{"line":11,"column":2},"end":{"line":16,"column":null}},"type":"if","locations":[{"start":{"line":11,"column":2},"end":{"line":16,"column":null}},{"start":{"line":11,"column":2},"end":{"line":16,"column":null}}]},"1":{"loc":{"start":{"line":28,"column":2},"end":{"line":28,"column":null}},"type":"if","locations":[{"start":{"line":28,"column":2},"end":{"line":28,"column":null}},{"start":{"line":28,"column":2},"end":{"line":28,"column":null}}]},"2":{"loc":{"start":{"line":29,"column":2},"end":{"line":29,"column":null}},"type":"if","locations":[{"start":{"line":29,"column":2},"end":{"line":29,"column":null}},{"start":{"line":29,"column":2},"end":{"line":29,"column":null}}]},"3":{"loc":{"start":{"line":35,"column":2},"end":{"line":35,"column":null}},"type":"if","locations":[{"start":{"line":35,"column":2},"end":{"line":35,"column":null}},{"start":{"line":35,"column":2},"end":{"line":35,"column":null}}]},"4":{"loc":{"start":{"line":36,"column":2},"end":{"line":36,"column":null}},"type":"if","locations":[{"start":{"line":36,"column":2},"end":{"line":36,"column":null}},{"start":{"line":36,"column":2},"end":{"line":36,"column":null}}]}},"s":{"0":3,"1":1,"2":2,"3":4,"4":0,"5":4,"6":0,"7":4,"8":4,"9":4,"10":0,"11":0,"12":0},"f":{"0":3,"1":4,"2":4},"b":{"0":[1,2],"1":[0,4],"2":[0,4],"3":[4,0],"4":[0,0]}}
,"/home/runner/work/stacks-wallet-web/stacks-wallet-web/src/app/common/money/format-money.ts": {"path":"/home/runner/work/stacks-wallet-web/stacks-wallet-web/src/app/common/money/format-money.ts","statementMap":{"0":{"start":{"line":3,"column":18},"end":{"line":3,"column":null}},"1":{"start":{"line":6,"column":2},"end":{"line":6,"column":null}},"2":{"start":{"line":10,"column":2},"end":{"line":10,"column":null}},"3":{"start":{"line":10,"column":33},"end":{"line":10,"column":null}},"4":{"start":{"line":11,"column":28},"end":{"line":11,"column":null}},"5":{"start":{"line":13,"column":20},"end":{"line":15,"column":null}},"6":{"start":{"line":17,"column":2},"end":{"line":18,"column":null}},"7":{"start":{"line":18,"column":4},"end":{"line":18,"column":null}},"8":{"start":{"line":20,"column":2},"end":{"line":20,"column":null}},"9":{"start":{"line":24,"column":2},"end":{"line":24,"column":null}}},"fnMap":{"0":{"name":"formatMoney","decl":{"start":{"line":5,"column":16},"end":{"line":5,"column":28}},"loc":{"start":{"line":5,"column":65},"end":{"line":7,"column":null}}},"1":{"name":"i18nFormatCurrency","decl":{"start":{"line":9,"column":16},"end":{"line":9,"column":35}},"loc":{"start":{"line":9,"column":70},"end":{"line":21,"column":null}}},"2":{"name":"formatDustUsdAmounts","decl":{"start":{"line":23,"column":16},"end":{"line":23,"column":37}},"loc":{"start":{"line":23,"column":52},"end":{"line":25,"column":null}}}},"branchMap":{"0":{"loc":{"start":{"line":9,"column":52},"end":{"line":9,"column":70}},"type":"default-arg","locations":[{"start":{"line":9,"column":61},"end":{"line":9,"column":70}}]},"1":{"loc":{"start":{"line":10,"column":2},"end":{"line":10,"column":null}},"type":"if","locations":[{"start":{"line":10,"column":2},"end":{"line":10,"column":null}},{"start":{"line":10,"column":2},"end":{"line":10,"column":null}}]},"2":{"loc":{"start":{"line":17,"column":2},"end":{"line":18,"column":null}},"type":"if","locations":[{"start":{"line":17,"column":2},"end":{"line":18,"column":null}},{"start":{"line":17,"column":2},"end":{"line":18,"column":null}}]},"3":{"loc":{"start":{"line":17,"column":6},"end":{"line":17,"column":null}},"type":"binary-expr","locations":[{"start":{"line":17,"column":6},"end":{"line":17,"column":42}},{"start":{"line":17,"column":42},"end":{"line":17,"column":null}}]},"4":{"loc":{"start":{"line":24,"column":9},"end":{"line":24,"column":null}},"type":"cond-expr","locations":[{"start":{"line":24,"column":34},"end":{"line":24,"column":84}},{"start":{"line":24,"column":84},"end":{"line":24,"column":null}}]}},"s":{"0":1,"1":1,"2":0,"3":0,"4":0,"5":0,"6":0,"7":0,"8":0,"9":0},"f":{"0":1,"1":0,"2":0},"b":{"0":[0],"1":[0,0],"2":[0,0],"3":[0,0],"4":[0,0]}}
,"/home/runner/work/stacks-wallet-web/stacks-wallet-web/src/app/common/money/is-money.ts": {"path":"/home/runner/work/stacks-wallet-web/stacks-wallet-web/src/app/common/money/is-money.ts","statementMap":{"0":{"start":{"line":5,"column":2},"end":{"line":5,"column":null}},"1":{"start":{"line":5,"column":22},"end":{"line":5,"column":null}},"2":{"start":{"line":6,"column":2},"end":{"line":6,"column":null}}},"fnMap":{"0":{"name":"isMoney","decl":{"start":{"line":4,"column":16},"end":{"line":4,"column":24}},"loc":{"start":{"line":4,"column":52},"end":{"line":7,"column":null}}}},"branchMap":{"0":{"loc":{"start":{"line":5,"column":2},"end":{"line":5,"column":null}},"type":"if","locations":[{"start":{"line":5,"column":2},"end":{"line":5,"column":null}},{"start":{"line":5,"column":2},"end":{"line":5,"column":null}}]},"1":{"loc":{"start":{"line":6,"column":9},"end":{"line":6,"column":null}},"type":"binary-expr","locations":[{"start":{"line":6,"column":9},"end":{"line":6,"column":28}},{"start":{"line":6,"column":28},"end":{"line":6,"column":47}},{"start":{"line":6,"column":47},"end":{"line":6,"column":null}}]}},"s":{"0":8,"1":0,"2":8},"f":{"0":8},"b":{"0":[0,8],"1":[8,4,4]}}
,"/home/runner/work/stacks-wallet-web/stacks-wallet-web/src/app/common/money/unit-conversion.ts": {"path":"/home/runner/work/stacks-wallet-web/stacks-wallet-web/src/app/common/money/unit-conversion.ts","statementMap":{"0":{"start":{"line":9,"column":2},"end":{"line":12,"column":null}},"1":{"start":{"line":10,"column":26},"end":{"line":10,"column":null}},"2":{"start":{"line":11,"column":4},"end":{"line":11,"column":null}},"3":{"start":{"line":16,"column":2},"end":{"line":19,"column":null}},"4":{"start":{"line":17,"column":26},"end":{"line":17,"column":null}},"5":{"start":{"line":18,"column":4},"end":{"line":18,"column":null}},"6":{"start":{"line":22,"column":24},"end":{"line":22,"column":null}},"7":{"start":{"line":23,"column":24},"end":{"line":23,"column":null}},"8":{"start":{"line":25,"column":29},"end":{"line":25,"column":null}},"9":{"start":{"line":26,"column":29},"end":{"line":26,"column":null}},"10":{"start":{"line":29,"column":2},"end":{"line":29,"column":null}}},"fnMap":{"0":{"name":"fractionalUnitToUnit","decl":{"start":{"line":8,"column":9},"end":{"line":8,"column":30}},"loc":{"start":{"line":8,"column":48},"end":{"line":13,"column":null}}},"1":{"name":"(anonymous_1)","decl":{"start":{"line":9,"column":9},"end":{"line":9,"column":10}},"loc":{"start":{"line":9,"column":48},"end":{"line":12,"column":null}}},"2":{"name":"unitToFractionalUnit","decl":{"start":{"line":15,"column":9},"end":{"line":15,"column":30}},"loc":{"start":{"line":15,"column":48},"end":{"line":20,"column":null}}},"3":{"name":"(anonymous_3)","decl":{"start":{"line":16,"column":9},"end":{"line":16,"column":10}},"loc":{"start":{"line":16,"column":48},"end":{"line":19,"column":null}}},"4":{"name":"moneyToBaseUnit","decl":{"start":{"line":28,"column":16},"end":{"line":28,"column":32}},"loc":{"start":{"line":28,"column":44},"end":{"line":30,"column":null}}}},"branchMap":{},"s":{"0":8,"1":4,"2":4,"3":8,"4":0,"5":0,"6":4,"7":4,"8":4,"9":4,"10":0},"f":{"0":8,"1":4,"2":8,"3":0,"4":0},"b":{}}
,"/home/runner/work/stacks-wallet-web/stacks-wallet-web/src/app/common/signature/requests.ts": {"path":"/home/runner/work/stacks-wallet-web/stacks-wallet-web/src/app/common/signature/requests.ts","statementMap":{"0":{"start":{"line":13,"column":16},"end":{"line":13,"column":null}},"1":{"start":{"line":14,"column":2},"end":{"line":14,"column":null}},"2":{"start":{"line":18,"column":16},"end":{"line":18,"column":null}},"3":{"start":{"line":19,"column":2},"end":{"line":19,"column":null}},"4":{"start":{"line":23,"column":16},"end":{"line":23,"column":null}},"5":{"start":{"line":24,"column":2},"end":{"line":24,"column":null}},"6":{"start":{"line":24,"column":31},"end":{"line":24,"column":null}},"7":{"start":{"line":26,"column":17},"end":{"line":26,"column":null}},"8":{"start":{"line":31,"column":2},"end":{"line":35,"column":null}},"9":{"start":{"line":39,"column":2},"end":{"line":39,"column":null}},"10":{"start":{"line":72,"column":16},"end":{"line":72,"column":null}},"11":{"start":{"line":73,"column":20},"end":{"line":73,"column":null}},"12":{"start":{"line":74,"column":36},"end":{"line":74,"column":null}},"13":{"start":{"line":75,"column":19},"end":{"line":75,"column":null}},"14":{"start":{"line":76,"column":19},"end":{"line":76,"column":null}},"15":{"start":{"line":77,"column":2},"end":{"line":79,"column":null}},"16":{"start":{"line":78,"column":4},"end":{"line":78,"column":null}},"17":{"start":{"line":80,"column":23},"end":{"line":94,"column":null}},"18":{"start":{"line":81,"column":4},"end":{"line":83,"column":null}},"19":{"start":{"line":82,"column":6},"end":{"line":82,"column":null}},"20":{"start":{"line":84,"column":26},"end":{"line":87,"column":null}},"21":{"start":{"line":88,"column":25},"end":{"line":88,"column":null}},"22":{"start":{"line":89,"column":4},"end":{"line":89,"column":null}},"23":{"start":{"line":89,"column":36},"end":{"line":89,"column":null}},"24":{"start":{"line":90,"column":4},"end":{"line":90,"column":null}},"25":{"start":{"line":90,"column":21},"end":{"line":90,"column":null}},"26":{"start":{"line":92,"column":4},"end":{"line":92,"column":null}},"27":{"start":{"line":92,"column":40},"end":{"line":92,"column":null}},"28":{"start":{"line":93,"column":4},"end":{"line":93,"column":null}},"29":{"start":{"line":96,"column":2},"end":{"line":98,"column":null}},"30":{"start":{"line":97,"column":4},"end":{"line":97,"column":null}},"31":{"start":{"line":99,"column":2},"end":{"line":99,"column":null}}},"fnMap":{"0":{"name":"getGenericSignaturePayloadFromToken","decl":{"start":{"line":12,"column":16},"end":{"line":12,"column":52}},"loc":{"start":{"line":12,"column":98},"end":{"line":15,"column":null}}},"1":{"name":"getSignaturePayloadFromToken","decl":{"start":{"line":17,"column":16},"end":{"line":17,"column":45}},"loc":{"start":{"line":17,"column":85},"end":{"line":20,"column":null}}},"2":{"name":"getStructuredDataPayloadFromToken","decl":{"start":{"line":22,"column":16},"end":{"line":22,"column":50}},"loc":{"start":{"line":22,"column":72},"end":{"line":36,"column":null}}},"3":{"name":"verifySignatureRequest","decl":{"start":{"line":67,"column":22},"end":{"line":67,"column":45}},"loc":{"start":{"line":71,"column":64},"end":{"line":100,"column":null}}},"4":{"name":"(anonymous_4)","decl":{"start":{"line":80,"column":37},"end":{"line":80,"column":48}},"loc":{"start":{"line":80,"column":48},"end":{"line":94,"column":3}}}},"branchMap":{"0":{"loc":{"start":{"line":24,"column":2},"end":{"line":24,"column":null}},"type":"if","locations":[{"start":{"line":24,"column":2},"end":{"line":24,"column":null}},{"start":{"line":24,"column":2},"end":{"line":24,"column":null}}]},"1":{"loc":{"start":{"line":77,"column":2},"end":{"line":79,"column":null}},"type":"if","locations":[{"start":{"line":77,"column":2},"end":{"line":79,"column":null}},{"start":{"line":77,"column":2},"end":{"line":79,"column":null}}]},"2":{"loc":{"start":{"line":81,"column":4},"end":{"line":83,"column":null}},"type":"if","locations":[{"start":{"line":81,"column":4},"end":{"line":83,"column":null}},{"start":{"line":81,"column":4},"end":{"line":83,"column":null}}]},"3":{"loc":{"start":{"line":89,"column":4},"end":{"line":89,"column":null}},"type":"if","locations":[{"start":{"line":89,"column":4},"end":{"line":89,"column":null}},{"start":{"line":89,"column":4},"end":{"line":89,"column":null}}]},"4":{"loc":{"start":{"line":90,"column":4},"end":{"line":90,"column":null}},"type":"if","locations":[{"start":{"line":90,"column":4},"end":{"line":90,"column":null}},{"start":{"line":90,"column":4},"end":{"line":90,"column":null}}]},"5":{"loc":{"start":{"line":92,"column":4},"end":{"line":92,"column":null}},"type":"if","locations":[{"start":{"line":92,"column":4},"end":{"line":92,"column":null}},{"start":{"line":92,"column":4},"end":{"line":92,"column":null}}]},"6":{"loc":{"start":{"line":96,"column":2},"end":{"line":98,"column":null}},"type":"if","locations":[{"start":{"line":96,"column":2},"end":{"line":98,"column":null}},{"start":{"line":96,"column":2},"end":{"line":98,"column":null}}]}},"s":{"0":0,"1":0,"2":0,"3":0,"4":0,"5":0,"6":0,"7":0,"8":0,"9":1,"10":0,"11":0,"12":0,"13":0,"14":0,"15":0,"16":0,"17":0,"18":0,"19":0,"20":0,"21":0,"22":0,"23":0,"24":0,"25":0,"26":0,"27":0,"28":0,"29":0,"30":0,"31":0},"f":{"0":0,"1":0,"2":0,"3":0,"4":0},"b":{"0":[0,0],"1":[0,0],"2":[0,0],"3":[0,0],"4":[0,0],"5":[0,0],"6":[0,0]}}
,"/home/runner/work/stacks-wallet-web/stacks-wallet-web/src/app/common/transactions/stacks/generate-unsigned-txs.ts": {"path":"/home/runner/work/stacks-wallet-web/stacks-wallet-web/src/app/common/transactions/stacks/generate-unsigned-txs.ts","statementMap":{"0":{"start":{"line":23,"column":2},"end":{"line":23,"column":null}},"1":{"start":{"line":44,"column":44},"end":{"line":44,"column":null}},"2":{"start":{"line":55,"column":6},"end":{"line":55,"column":null}},"3":{"start":{"line":57,"column":17},"end":{"line":57,"column":null}},"4":{"start":{"line":57,"column":41},"end":{"line":57,"column":70}},"5":{"start":{"line":59,"column":18},"end":{"line":72,"column":null}},"6":{"start":{"line":73,"column":2},"end":{"line":73,"column":null}},"7":{"start":{"line":81,"column":44},"end":{"line":81,"column":null}},"8":{"start":{"line":82,"column":93},"end":{"line":82,"column":null}},"9":{"start":{"line":83,"column":18},"end":{"line":93,"column":null}},"10":{"start":{"line":94,"column":2},"end":{"line":94,"column":null}},"11":{"start":{"line":102,"column":44},"end":{"line":102,"column":null}},"12":{"start":{"line":103,"column":59},"end":{"line":103,"column":null}},"13":{"start":{"line":104,"column":18},"end":{"line":113,"column":null}},"14":{"start":{"line":114,"column":2},"end":{"line":114,"column":null}},"15":{"start":{"line":121,"column":44},"end":{"line":121,"column":null}},"16":{"start":{"line":122,"column":18},"end":{"line":122,"column":null}},"17":{"start":{"line":124,"column":2},"end":{"line":124,"column":null}},"18":{"start":{"line":124,"column":16},"end":{"line":124,"column":null}},"19":{"start":{"line":126,"column":2},"end":{"line":133,"column":null}},"20":{"start":{"line":128,"column":6},"end":{"line":128,"column":null}},"21":{"start":{"line":130,"column":6},"end":{"line":130,"column":null}},"22":{"start":{"line":132,"column":6},"end":{"line":132,"column":null}}},"fnMap":{"0":{"name":"initNonce","decl":{"start":{"line":22,"column":9},"end":{"line":22,"column":19}},"loc":{"start":{"line":22,"column":35},"end":{"line":24,"column":null}}},"1":{"name":"generateUnsignedContractCallTx","decl":{"start":{"line":43,"column":9},"end":{"line":43,"column":40}},"loc":{"start":{"line":43,"column":82},"end":{"line":74,"column":null}}},"2":{"name":"(anonymous_2)","decl":{"start":{"line":57,"column":34},"end":{"line":57,"column":41}},"loc":{"start":{"line":57,"column":41},"end":{"line":57,"column":70}}},"3":{"name":"generateUnsignedContractDeployTx","decl":{"start":{"line":80,"column":9},"end":{"line":80,"column":42}},"loc":{"start":{"line":80,"column":86},"end":{"line":95,"column":null}}},"4":{"name":"generateUnsignedStxTransferTx","decl":{"start":{"line":101,"column":9},"end":{"line":101,"column":39}},"loc":{"start":{"line":101,"column":80},"end":{"line":115,"column":null}}},"5":{"name":"generateUnsignedTransaction","decl":{"start":{"line":120,"column":22},"end":{"line":120,"column":50}},"loc":{"start":{"line":120,"column":95},"end":{"line":134,"column":null}}}},"branchMap":{"0":{"loc":{"start":{"line":23,"column":9},"end":{"line":23,"column":null}},"type":"cond-expr","locations":[{"start":{"line":23,"column":31},"end":{"line":23,"column":51}},{"start":{"line":23,"column":51},"end":{"line":23,"column":null}}]},"1":{"loc":{"start":{"line":64,"column":16},"end":{"line":64,"column":null}},"type":"binary-expr","locations":[{"start":{"line":64,"column":16},"end":{"line":64,"column":30}},{"start":{"line":64,"column":30},"end":{"line":64,"column":null}}]},"2":{"loc":{"start":{"line":89,"column":16},"end":{"line":89,"column":null}},"type":"binary-expr","locations":[{"start":{"line":89,"column":16},"end":{"line":89,"column":30}},{"start":{"line":89,"column":30},"end":{"line":89,"column":null}}]},"3":{"loc":{"start":{"line":108,"column":16},"end":{"line":108,"column":null}},"type":"binary-expr","locations":[{"start":{"line":108,"column":16},"end":{"line":108,"column":30}},{"start":{"line":108,"column":30},"end":{"line":108,"column":null}}]},"4":{"loc":{"start":{"line":124,"column":2},"end":{"line":124,"column":null}},"type":"if","locations":[{"start":{"line":124,"column":2},"end":{"line":124,"column":null}},{"start":{"line":124,"column":2},"end":{"line":124,"column":null}}]},"5":{"loc":{"start":{"line":126,"column":2},"end":{"line":133,"column":null}},"type":"switch","locations":[{"start":{"line":127,"column":4},"end":{"line":128,"column":null}},{"start":{"line":129,"column":4},"end":{"line":130,"column":null}},{"start":{"line":131,"column":4},"end":{"line":132,"column":null}}]}},"s":{"0":1,"1":1,"2":1,"3":1,"4":0,"5":1,"6":1,"7":0,"8":0,"9":0,"10":0,"11":0,"12":0,"13":0,"14":0,"15":1,"16":1,"17":1,"18":0,"19":1,"20":0,"21":1,"22":0},"f":{"0":1,"1":1,"2":0,"3":0,"4":0,"5":1},"b":{"0":[1,0],"1":[1,1],"2":[0,0],"3":[0,0],"4":[0,1],"5":[0,1,0]}}
,"/home/runner/work/stacks-wallet-web/stacks-wallet-web/src/app/common/transactions/stacks/post-condition.utils.ts": {"path":"/home/runner/work/stacks-wallet-web/stacks-wallet-web/src/app/common/transactions/stacks/post-condition.utils.ts","statementMap":{"0":{"start":{"line":16,"column":46},"end":{"line":25,"column":null}},"1":{"start":{"line":19,"column":2},"end":{"line":21,"column":null}},"2":{"start":{"line":20,"column":4},"end":{"line":21,"column":null}},"3":{"start":{"line":23,"column":2},"end":{"line":23,"column":null}},"4":{"start":{"line":23,"column":50},"end":{"line":23,"column":null}},"5":{"start":{"line":24,"column":2},"end":{"line":24,"column":null}},"6":{"start":{"line":27,"column":42},"end":{"line":34,"column":null}},"7":{"start":{"line":30,"column":2},"end":{"line":30,"column":null}},"8":{"start":{"line":30,"column":55},"end":{"line":30,"column":null}},"9":{"start":{"line":31,"column":2},"end":{"line":32,"column":null}},"10":{"start":{"line":32,"column":4},"end":{"line":32,"column":null}},"11":{"start":{"line":33,"column":2},"end":{"line":33,"column":null}},"12":{"start":{"line":36,"column":42},"end":{"line":43,"column":null}},"13":{"start":{"line":39,"column":2},"end":{"line":41,"column":null}},"14":{"start":{"line":40,"column":4},"end":{"line":40,"column":null}},"15":{"start":{"line":42,"column":2},"end":{"line":42,"column":null}},"16":{"start":{"line":45,"column":40},"end":{"line":52,"column":null}},"17":{"start":{"line":48,"column":2},"end":{"line":50,"column":null}},"18":{"start":{"line":49,"column":4},"end":{"line":49,"column":null}},"19":{"start":{"line":51,"column":2},"end":{"line":51,"column":null}},"20":{"start":{"line":58,"column":17},"end":{"line":58,"column":null}},"21":{"start":{"line":59,"column":2},"end":{"line":80,"column":null}},"22":{"start":{"line":61,"column":6},"end":{"line":61,"column":null}},"23":{"start":{"line":64,"column":6},"end":{"line":64,"column":null}},"24":{"start":{"line":67,"column":6},"end":{"line":67,"column":null}},"25":{"start":{"line":70,"column":6},"end":{"line":70,"column":null}},"26":{"start":{"line":73,"column":6},"end":{"line":73,"column":null}},"27":{"start":{"line":76,"column":6},"end":{"line":76,"column":null}},"28":{"start":{"line":79,"column":6},"end":{"line":79,"column":null}},"29":{"start":{"line":100,"column":27},"end":{"line":100,"column":null}},"30":{"start":{"line":101,"column":34},"end":{"line":101,"column":null}},"31":{"start":{"line":103,"column":2},"end":{"line":115,"column":null}},"32":{"start":{"line":104,"column":35},"end":{"line":104,"column":null}},"33":{"start":{"line":106,"column":4},"end":{"line":106,"column":null}},"34":{"start":{"line":106,"column":60},"end":{"line":106,"column":null}},"35":{"start":{"line":107,"column":38},"end":{"line":107,"column":null}},"36":{"start":{"line":108,"column":21},"end":{"line":108,"column":null}},"37":{"start":{"line":109,"column":21},"end":{"line":109,"column":null}},"38":{"start":{"line":110,"column":32},"end":{"line":110,"column":null}},"39":{"start":{"line":111,"column":4},"end":{"line":114,"column":null}},"40":{"start":{"line":119,"column":2},"end":{"line":119,"column":null}},"41":{"start":{"line":125,"column":2},"end":{"line":125,"column":null}},"42":{"start":{"line":128,"column":34},"end":{"line":147,"column":null}},"43":{"start":{"line":129,"column":2},"end":{"line":146,"column":null}},"44":{"start":{"line":131,"column":6},"end":{"line":131,"column":null}},"45":{"start":{"line":133,"column":6},"end":{"line":133,"column":null}},"46":{"start":{"line":135,"column":6},"end":{"line":135,"column":null}},"47":{"start":{"line":137,"column":6},"end":{"line":137,"column":null}},"48":{"start":{"line":139,"column":6},"end":{"line":139,"column":null}},"49":{"start":{"line":141,"column":6},"end":{"line":141,"column":null}},"50":{"start":{"line":143,"column":6},"end":{"line":143,"column":null}},"51":{"start":{"line":145,"column":6},"end":{"line":145,"column":null}},"52":{"start":{"line":149,"column":37},"end":{"line":153,"column":null}},"53":{"start":{"line":152,"column":2},"end":{"line":152,"column":null}}},"fnMap":{"0":{"name":"(anonymous_0)","decl":{"start":{"line":16,"column":46},"end":{"line":16,"column":null}},"loc":{"start":{"line":18,"column":5},"end":{"line":25,"column":null}}},"1":{"name":"(anonymous_1)","decl":{"start":{"line":27,"column":42},"end":{"line":27,"column":null}},"loc":{"start":{"line":29,"column":5},"end":{"line":34,"column":null}}},"2":{"name":"(ano
[...]
olumn":null}},"2":{"start":{"line":21,"column":17},"end":{"line":21,"column":null}},"3":{"start":{"line":22,"column":18},"end":{"line":22,"column":null}},"4":{"start":{"line":23,"column":2},"end":{"line":29,"column":null}},"5":{"start":{"line":35,"column":40},"end":{"line":35,"column":null}},"6":{"start":{"line":37,"column":2},"end":{"line":37,"column":null}},"7":{"start":{"line":43,"column":37},"end":{"line":43,"column":null}},"8":{"start":{"line":44,"column":44},"end":{"line":44,"column":null}},"9":{"start":{"line":46,"column":65},"end":{"line":49,"column":null}},"10":{"start":{"line":52,"column":2},"end":{"line":52,"column":null}},"11":{"start":{"line":56,"column":2},"end":{"line":56,"column":null}},"12":{"start":{"line":60,"column":23},"end":{"line":64,"column":null}},"13":{"start":{"line":65,"column":2},"end":{"line":65,"column":null}},"14":{"start":{"line":69,"column":22},"end":{"line":69,"column":null}},"15":{"start":{"line":70,"column":28},"end":{"line":70,"column":null}},"16":{"start":{"line":71,"column":2},"end":{"line":71,"column":null}},"17":{"start":{"line":75,"column":15},"end":{"line":75,"column":null}},"18":{"start":{"line":76,"column":20},"end":{"line":76,"column":null}},"19":{"start":{"line":77,"column":2},"end":{"line":77,"column":null}}},"fnMap":{"0":{"name":"deriveBtcBip49SeedFromMnemonic","decl":{"start":{"line":8,"column":22},"end":{"line":8,"column":53}},"loc":{"start":{"line":8,"column":71},"end":{"line":10,"column":null}}},"1":{"name":"deriveRootBtcKeychain","decl":{"start":{"line":12,"column":16},"end":{"line":12,"column":38}},"loc":{"start":{"line":12,"column":56},"end":{"line":14,"column":null}}},"2":{"name":"deriveBtcPayment","decl":{"start":{"line":17,"column":22},"end":{"line":17,"column":null}},"loc":{"start":{"line":20,"column":2},"end":{"line":30,"column":null}}},"3":{"name":"decodeCompressedWifPrivateKey","decl":{"start":{"line":32,"column":16},"end":{"line":32,"column":46}},"loc":{"start":{"line":32,"column":59},"end":{"line":38,"column":null}}},"4":{"name":"hash160","decl":{"start":{"line":51,"column":9},"end":{"line":51,"column":17}},"loc":{"start":{"line":51,"column":36},"end":{"line":53,"column":null}}},"5":{"name":"makePayToScriptHashKeyHash","decl":{"start":{"line":55,"column":16},"end":{"line":55,"column":43}},"loc":{"start":{"line":55,"column":66},"end":{"line":57,"column":null}}},"6":{"name":"makePayToScriptHashAddressBytes","decl":{"start":{"line":59,"column":16},"end":{"line":59,"column":48}},"loc":{"start":{"line":59,"column":69},"end":{"line":66,"column":null}}},"7":{"name":"makePayToScriptHashAddress","decl":{"start":{"line":68,"column":16},"end":{"line":68,"column":43}},"loc":{"start":{"line":68,"column":94},"end":{"line":72,"column":null}}},"8":{"name":"publicKeyToPayToScriptHashAddress","decl":{"start":{"line":74,"column":16},"end":{"line":74,"column":50}},"loc":{"start":{"line":74,"column":98},"end":{"line":78,"column":null}}}},"branchMap":{"0":{"loc":{"start":{"line":19,"column":2},"end":{"line":19,"column":null}},"type":"default-arg","locations":[{"start":{"line":19,"column":42},"end":{"line":19,"column":null}}]},"1":{"loc":{"start":{"line":21,"column":17},"end":{"line":21,"column":null}},"type":"cond-expr","locations":[{"start":{"line":21,"column":46},"end":{"line":21,"column":58}},{"start":{"line":21,"column":58},"end":{"line":21,"column":null}}]},"2":{"loc":{"start":{"line":22,"column":18},"end":{"line":22,"column":null}},"type":"cond-expr","locations":[{"start":{"line":22,"column":49},"end":{"line":22,"column":61}},{"start":{"line":22,"column":61},"end":{"line":22,"column":null}}]}},"s":{"0":5,"1":5,"2":0,"3":0,"4":0,"5":8,"6":8,"7":1,"8":1,"9":1,"10":10,"11":5,"12":5,"13":5,"14":5,"15":5,"16":5,"17":4,"18":4,"19":4},"f":{"0":5,"1":5,"2":0,"3":8,"4":10,"5":5,"6":5,"7":5,"8":4},"b":{"0":[0],"1":[0,0],"2":[0,0]}}
,"/home/runner/work/stacks-wallet-web/stacks-wallet-web/src/shared/models/market.model.ts": {"path":"/home/runner/work/stacks-wallet-web/stacks-wallet-web/src/shared/models/market.model.ts","statementMap":{"0":{"start":{"line":10,"column":2},"end":{"line":10,"column":null}},"1":{"start":{"line":14,"column":2},"end":{"line":14,"column":null}},"2":{"start":{"line":23,"column":2},"end":{"line":24,"column":null}},"3":{"start":{"line":24,"column":4},"end":{"line":24,"column":null}},"4":{"start":{"line":25,"column":2},"end":{"line":25,"column":null}}},"fnMap":{"0":{"name":"createMarketPair","decl":{"start":{"line":9,"column":16},"end":{"line":9,"column":33}},"loc":{"start":{"line":9,"column":92},"end":{"line":11,"column":null}}},"1":{"name":"formatMarketPair","decl":{"start":{"line":13,"column":16},"end":{"line":13,"column":33}},"loc":{"start":{"line":13,"column":62},"end":{"line":15,"column":null}}},"2":{"name":"createMarketData","decl":{"start":{"line":22,"column":16},"end":{"line":22,"column":33}},"loc":{"start":{"line":22,"column":77},"end":{"line":26,"column":null}}}},"branchMap":{"0":{"loc":{"start":{"line":23,"column":2},"end":{"line":24,"column":null}},"type":"if","locations":[{"start":{"line":23,"column":2},"end":{"line":24,"column":null}},{"start":{"line":23,"column":2},"end":{"line":24,"column":null}}]}},"s":{"0":2,"1":1,"2":1,"3":0,"4":1},"f":{"0":2,"1":1,"2":1},"b":{"0":[0,1]}}
,"/home/runner/work/stacks-wallet-web/stacks-wallet-web/src/shared/models/money.model.ts": {"path":"/home/runner/work/stacks-wallet-web/stacks-wallet-web/src/shared/models/money.model.ts","statementMap":{"0":{"start":{"line":18,"column":63},"end":{"line":22,"column":null}},"1":{"start":{"line":25,"column":2},"end":{"line":26,"column":null}},"2":{"start":{"line":26,"column":4},"end":{"line":26,"column":null}},"3":{"start":{"line":39,"column":2},"end":{"line":39,"column":null}},"4":{"start":{"line":40,"column":19},"end":{"line":40,"column":null}},"5":{"start":{"line":41,"column":17},"end":{"line":41,"column":null}},"6":{"start":{"line":42,"column":2},"end":{"line":42,"column":null}},"7":{"start":{"line":51,"column":2},"end":{"line":51,"column":null}},"8":{"start":{"line":52,"column":19},"end":{"line":52,"column":null}},"9":{"start":{"line":53,"column":17},"end":{"line":53,"column":null}},"10":{"start":{"line":54,"column":2},"end":{"line":54,"column":null}}},"fnMap":{"0":{"name":"throwWhenDecimalUnknown","decl":{"start":{"line":24,"column":9},"end":{"line":24,"column":33}},"loc":{"start":{"line":24,"column":72},"end":{"line":27,"column":null}}},"1":{"name":"createMoneyFromDecimal","decl":{"start":{"line":34,"column":16},"end":{"line":34,"column":null}},"loc":{"start":{"line":38,"column":9},"end":{"line":43,"column":null}}},"2":{"name":"createMoney","decl":{"start":{"line":50,"column":16},"end":{"line":50,"column":28}},"loc":{"start":{"line":50,"column":92},"end":{"line":55,"column":null}}}},"branchMap":{"0":{"loc":{"start":{"line":25,"column":2},"end":{"line":26,"column":null}},"type":"if","locations":[{"start":{"line":25,"column":2},"end":{"line":26,"column":null}},{"start":{"line":25,"column":2},"end":{"line":26,"column":null}}]},"1":{"loc":{"start":{"line":25,"column":6},"end":{"line":25,"column":null}},"type":"binary-expr","locations":[{"start":{"line":25,"column":6},"end":{"line":25,"column":31}},{"start":{"line":25,"column":31},"end":{"line":25,"column":null}}]},"2":{"loc":{"start":{"line":40,"column":19},"end":{"line":40,"column":null}},"type":"binary-expr","locations":[{"start":{"line":40,"column":19},"end":{"line":40,"column":50}},{"start":{"line":40,"column":50},"end":{"line":40,"column":null}}]},"3":{"loc":{"start":{"line":52,"column":19},"end":{"line":52,"column":null}},"type":"binary-expr","locations":[{"start":{"line":52,"column":19},"end":{"line":52,"column":50}},{"start":{"line":52,"column":50},"end":{"line":52,"column":null}}]}},"s":{"0":1,"1":6,"2":0,"3":3,"4":3,"5":3,"6":3,"7":3,"8":3,"9":3,"10":3},"f":{"0":6,"1":3,"2":3},"b":{"0":[0,6],"1":[6,5],"2":[3,1],"3":[3,0]}}
,"/home/runner/work/stacks-wallet-web/stacks-wallet-web/src/shared/models/onboarding-types.ts": {"path":"/home/runner/work/stacks-wallet-web/stacks-wallet-web/src/shared/models/onboarding-types.ts","statementMap":{"0":{"start":{"line":1,"column":7},"end":{"line":1,"column":null}},"1":{"start":{"line":2,"column":2},"end":{"line":2,"column":null}},"2":{"start":{"line":3,"column":2},"end":{"line":3,"column":null}},"3":{"start":{"line":4,"column":2},"end":{"line":4,"column":null}},"4":{"start":{"line":5,"column":2},"end":{"line":5,"column":null}},"5":{"start":{"line":1,"column":12},"end":{"line":1,"column":null}},"6":{"start":{"line":8,"column":7},"end":{"line":8,"column":null}},"7":{"start":{"line":9,"column":2},"end":{"line":9,"column":null}},"8":{"start":{"line":10,"column":2},"end":{"line":10,"column":null}},"9":{"start":{"line":8,"column":12},"end":{"line":8,"column":null}}},"fnMap":{"0":{"name":"(anonymous_0)","decl":{"start":{"line":1,"column":7},"end":{"line":1,"column":12}},"loc":{"start":{"line":1,"column":7},"end":{"line":1,"column":null}}},"1":{"name":"(anonymous_1)","decl":{"start":{"line":8,"column":7},"end":{"line":8,"column":12}},"loc":{"start":{"line":8,"column":7},"end":{"line":8,"column":null}}}},"branchMap":{"0":{"loc":{"start":{"line":1,"column":12},"end":{"line":1,"column":null}},"type":"binary-expr","locations":[{"start":{"line":1,"column":12},"end":{"line":1,"column":null}},{"start":{"line":1,"column":12},"end":{"line":1,"column":null}}]},"1":{"loc":{"start":{"line":8,"column":12},"end":{"line":8,"column":null}},"type":"binary-expr","locations":[{"start":{"line":8,"column":12},"end":{"line":8,"column":null}},{"start":{"line":8,"column":12},"end":{"line":8,"column":null}}]}},"s":{"0":1,"1":1,"2":1,"3":1,"4":1,"5":1,"6":1,"7":1,"8":1,"9":1},"f":{"0":1,"1":1},"b":{"0":[1,1],"1":[1,1]}}
,"/home/runner/work/stacks-wallet-web/stacks-wallet-web/src/shared/utils/requests.ts": {"path":"/home/runner/work/stacks-wallet-web/stacks-wallet-web/src/shared/utils/requests.ts","statementMap":{"0":{"start":{"line":15,"column":2},"end":{"line":15,"column":null}},"1":{"start":{"line":15,"column":26},"end":{"line":15,"column":null}},"2":{"start":{"line":16,"column":2},"end":{"line":16,"column":null}},"3":{"start":{"line":16,"column":36},"end":{"line":16,"column":null}},"4":{"start":{"line":17,"column":2},"end":{"line":17,"column":null}},"5":{"start":{"line":21,"column":16},"end":{"line":21,"column":null}},"6":{"start":{"line":22,"column":2},"end":{"line":22,"column":null}}},"fnMap":{"0":{"name":"getCoreApiUrl","decl":{"start":{"line":14,"column":16},"end":{"line":14,"column":30}},"loc":{"start":{"line":14,"column":82},"end":{"line":18,"column":null}}},"1":{"name":"getPayloadFromToken","decl":{"start":{"line":20,"column":16},"end":{"line":20,"column":36}},"loc":{"start":{"line":20,"column":58},"end":{"line":23,"column":null}}}},"branchMap":{"0":{"loc":{"start":{"line":15,"column":2},"end":{"line":15,"column":null}},"type":"if","locations":[{"start":{"line":15,"column":2},"end":{"line":15,"column":null}},{"start":{"line":15,"column":2},"end":{"line":15,"column":null}}]},"1":{"loc":{"start":{"line":16,"column":2},"end":{"line":16,"column":null}},"type":"if","locations":[{"start":{"line":16,"column":2},"end":{"line":16,"column":null}},{"start":{"line":16,"column":2},"end":{"line":16,"column":null}}]}},"s":{"0":0,"1":0,"2":0,"3":0,"4":0,"5":2,"6":2},"f":{"0":0,"1":2},"b":{"0":[0,0],"1":[0,0]}}
,"/home/runner/work/stacks-wallet-web/stacks-wallet-web/src/shared/utils/validate-url.ts": {"path":"/home/runner/work/stacks-wallet-web/stacks-wallet-web/src/shared/utils/validate-url.ts","statementMap":{"0":{"start":{"line":4,"column":2},"end":{"line":4,"column":null}}},"fnMap":{"0":{"name":"isValidUrl","decl":{"start":{"line":3,"column":16},"end":{"line":3,"column":27}},"loc":{"start":{"line":3,"column":40},"end":{"line":5,"column":null}}}},"branchMap":{},"s":{"0":491},"f":{"0":491},"b":{}}
,"/home/runner/work/stacks-wallet-web/stacks-wallet-web/tests-legacy/unit-test.setup.js": {"path":"/home/runner/work/stacks-wallet-web/stacks-wallet-web/tests-legacy/unit-test.setup.js","statementMap":{"0":{"start":{"line":3,"column":0},"end":{"line":14,"column":2}},"1":{"start":{"line":16,"column":0},"end":{"line":16,"column":24}},"2":{"start":{"line":18,"column":12},"end":{"line":18,"column":55}},"3":{"start":{"line":20,"column":0},"end":{"line":20,"column":31}},"4":{"start":{"line":21,"column":0},"end":{"line":21,"column":42}},"5":{"start":{"line":22,"column":0},"end":{"line":22,"column":44}},"6":{"start":{"line":24,"column":0},"end":{"line":24,"column":50}}},"fnMap":{"0":{"name":"(anonymous_0)","decl":{"start":{"line":6,"column":6},"end":{"line":6,"column":7}},"loc":{"start":{"line":6,"column":12},"end":{"line":6,"column":14}}},"1":{"name":"(anonymous_1)","decl":{"start":{"line":7,"column":6},"end":{"line":7,"column":7}},"loc":{"start":{"line":7,"column":12},"end":{"line":7,"column":14}}},"2":{"name":"(anonymous_2)","decl":{"start":{"line":8,"column":6},"end":{"line":8,"column":7}},"loc":{"start":{"line":8,"column":14},"end":{"line":8,"column":16}}},"3":{"name":"(anonymous_3)","decl":{"start":{"line":12,"column":4},"end":{"line":12,"column":5}},"loc":{"start":{"line":12,"column":18},"end":{"line":12,"column":20}}}},"branchMap":{},"s":{"0":21,"1":21,"2":21,"3":21,"4":21,"5":21,"6":21},"f":{"0":1,"1":0,"2":0,"3":1},"b":{}}
,"/home/runner/work/stacks-wallet-web/stacks-wallet-web/tests-legacy/mocks/index.ts": {"path":"/home/runner/work/stacks-wallet-web/stacks-wallet-web/tests-legacy/mocks/index.ts","statementMap":{"0":{"start":{"line":6,"column":2},"end":{"line":6,"column":null}},"1":{"start":{"line":9,"column":2},"end":{"line":9,"column":null}},"2":{"start":{"line":11,"column":47},"end":{"line":40,"column":null}},"3":{"start":{"line":43,"column":36},"end":{"line":63,"column":null}},"4":{"start":{"line":66,"column":2},"end":{"line":66,"column":null}},"5":{"start":{"line":69,"column":2},"end":{"line":69,"column":null}},"6":{"start":{"line":71,"column":39},"end":{"line":71,"column":null}},"7":{"start":{"line":73,"column":42},"end":{"line":73,"column":null}}},"fnMap":{},"branchMap":{},"s":{"0":2,"1":2,"2":2,"3":2,"4":2,"5":2,"6":2,"7":2},"f":{},"b":{}}
,"/home/runner/work/stacks-wallet-web/stacks-wallet-web/tests-legacy/mocks/localStorage-mock.ts": {"path":"/home/runner/work/stacks-wallet-web/stacks-wallet-web/tests-legacy/mocks/localStorage-mock.ts","statementMap":{"0":{"start":{"line":4,"column":4},"end":{"line":4,"column":null}},"1":{"start":{"line":8,"column":4},"end":{"line":8,"column":null}},"2":{"start":{"line":12,"column":4},"end":{"line":12,"column":null}},"3":{"start":{"line":16,"column":4},"end":{"line":16,"column":null}},"4":{"start":{"line":20,"column":4},"end":{"line":20,"column":null}}},"fnMap":{"0":{"name":"(anonymous_0)","decl":{"start":{"line":3,"column":2},"end":{"line":3,"column":16}},"loc":{"start":{"line":3,"column":16},"end":{"line":5,"column":null}}},"1":{"name":"(anonymous_1)","decl":{"start":{"line":7,"column":2},"end":{"line":7,"column":10}},"loc":{"start":{"line":7,"column":10},"end":{"line":9,"column":null}}},"2":{"name":"(anonymous_2)","decl":{"start":{"line":11,"column":2},"end":{"line":11,"column":10}},"loc":{"start":{"line":11,"column":23},"end":{"line":13,"column":null}}},"3":{"name":"(anonymous_3)","decl":{"start":{"line":15,"column":2},"end":{"line":15,"column":10}},"loc":{"start":{"line":15,"column":38},"end":{"line":17,"column":null}}},"4":{"name":"(anonymous_4)","decl":{"start":{"line":19,"column":2},"end":{"line":19,"column":13}},"loc":{"start":{"line":19,"column":26},"end":{"line":21,"column":null}}}},"branchMap":{"0":{"loc":{"start":{"line":12,"column":11},"end":{"line":12,"column":null}},"type":"binary-expr","locations":[{"start":{"line":12,"column":11},"end":{"line":12,"column":30}},{"start":{"line":12,"column":30},"end":{"line":12,"column":null}}]}},"s":{"0":1,"1":0,"2":6,"3":4,"4":0},"f":{"0":1,"1":0,"2":6,"3":4,"4":0},"b":{"0":[6,2]}}
,"/home/runner/work/stacks-wallet-web/stacks-wallet-web/tests-legacy/mocks/playwright-mocks.ts": {"path":"/home/runner/work/stacks-wallet-web/stacks-wallet-web/tests-legacy/mocks/playwright-mocks.ts","statementMap":{"0":{"start":{"line":3,"column":26},"end":{"line":46,"column":null}},"1":{"start":{"line":4,"column":2},"end":{"line":10,"column":null}},"2":{"start":{"line":5,"column":4},"end":{"line":9,"column":null}},"3":{"start":{"line":11,"column":2},"end":{"line":16,"column":null}},"4":{"start":{"line":12,"column":4},"end":{"line":15,"column":null}},"5":{"start":{"line":17,"column":2},"end":{"line":29,"column":null}},"6":{"start":{"line":18,"column":4},"end":{"line":28,"column":null}},"7":{"start":{"line":30,"column":2},"end":{"line":38,"column":null}},"8":{"start":{"line":31,"column":4},"end":{"line":37,"column":null}}},"fnMap":{"0":{"name":"(anonymous_0)","decl":{"start":{"line":3,"column":26},"end":{"line":3,"column":33}},"loc":{"start":{"line":3,"column":61},"end":{"line":46,"column":null}}},"1":{"name":"(anonymous_1)","decl":{"start":{"line":4,"column":72},"end":{"line":4,"column":81}},"loc":{"start":{"line":4,"column":81},"end":{"line":10,"column":3}}},"2":{"name":"(anonymous_2)","decl":{"start":{"line":11,"column":64},"end":{"line":11,"column":73}},"loc":{"start":{"line":11,"column":73},"end":{"line":16,"column":3}}},"3":{"name":"(anonymous_3)","decl":{"start":{"line":17,"column":61},"end":{"line":17,"column":70}},"loc":{"start":{"line":17,"column":70},"end":{"line":29,"column":3}}},"4":{"name":"(anonymous_4)","decl":{"start":{"line":30,"column":73},"end":{"line":30,"column":82}},"loc":{"start":{"line":30,"column":82},"end":{"line":38,"column":3}}}},"branchMap":{},"s":{"0":2,"1":0,"2":0,"3":0,"4":0,"5":0,"6":0,"7":0,"8":0},"f":{"0":0,"1":0,"2":0,"3":0,"4":0},"b":{}}
,"/home/runner/work/stacks-wallet-web/stacks-wallet-web/tests-legacy/utils/transation-test-utils.ts": {"path":"/home/runner/work/stacks-wallet-web/stacks-wallet-web/tests-legacy/utils/transation-test-utils.ts","statementMap":{"0":{"start":{"line":13,"column":1},"end":{"line":16,"column":null}},"1":{"start":{"line":13,"column":37},"end":{"line":16,"column":2}},"2":{"start":{"line":14,"column":14},"end":{"line":14,"column":null}},"3":{"start":{"line":18,"column":46},"end":{"line":20,"column":null}},"4":{"start":{"line":29,"column":18},"end":{"line":29,"column":null}},"5":{"start":{"line":30,"column":23},"end":{"line":30,"column":null}},"6":{"start":{"line":31,"column":28},"end":{"line":31,"column":null}},"7":{"start":{"line":32,"column":20},"end":{"line":32,"column":null}},"8":{"start":{"line":33,"column":15},"end":{"line":33,"column":null}},"9":{"start":{"line":34,"column":2},"end":{"line":41,"column":null}},"10":{"start":{"line":42,"column":2},"end":{"line":48,"column":null}},"11":{"start":{"line":49,"column":18},"end":{"line":49,"column":null}},"12":{"start":{"line":50,"column":22},"end":{"line":66,"column":null}},"13":{"start":{"line":67,"column":2},"end":{"line":67,"column":null}}},"fnMap":{"0":{"name":"(anonymous_0)","decl":{"start":{"line":13,"column":30},"end":{"line":13,"column":37}},"loc":{"start":{"line":13,"column":37},"end":{"line":16,"column":2}}},"1":{"name":"(anonymous_1)","decl":{"start":{"line":14,"column":8},"end":{"line":14,"column":14}},"loc":{"start":{"line":14,"column":14},"end":{"line":14,"column":null}}},"2":{"name":"generateContractCallToken","decl":{"start":{"line":22,"column":22},"end":{"line":22,"column":48}},"loc":{"start":{"line":28,"column":8},"end":{"line":68,"column":null}}}},"branchMap":{"0":{"loc":{"start":{"line":22,"column":48},"end":{"line":28,"column":8}},"type":"default-arg","locations":[{"start":{"line":28,"column":4},"end":{"line":28,"column":8}}]},"1":{"loc":{"start":{"line":45,"column":16},"end":{"line":45,"column":null}},"type":"binary-expr","locations":[{"start":{"line":45,"column":16},"end":{"line":45,"column":28}},{"start":{"line":45,"column":28},"end":{"line":45,"column":null}}]}},"s":{"0":1,"1":0,"2":0,"3":1,"4":1,"5":1,"6":1,"7":1,"8":1,"9":1,"10":1,"11":1,"12":1,"13":1},"f":{"0":0,"1":0,"2":1},"b":{"0":[1],"1":[1,1]}}
}
