{"total": {"lines":{"total":4563,"covered":454,"skipped":0,"pct":9.95},"statements":{"total":4906,"covered":493,"skipped":0,"pct":10.05},"functions":{"total":865,"covered":27,"skipped":0,"pct":3.12},"branches":{"total":2600,"covered":85,"skipped":0,"pct":3.27}}
,"/home/runner/work/stacks-wallet-web/stacks-wallet-web/src/app.tsx": {"lines":{"total":17,"covered":0,"skipped":0,"pct":0},"functions":{"total":2,"covered":0,"skipped":0,"pct":0},"statements":{"total":18,"covered":0,"skipped":0,"pct":0},"branches":{"total":0,"covered":0,"skipped":0,"pct":100}}
,"/home/runner/work/stacks-wallet-web/stacks-wallet-web/src/index.tsx": {"lines":{"total":6,"covered":0,"skipped":0,"pct":0},"functions":{"total":1,"covered":0,"skipped":0,"pct":0},"statements":{"total":6,"covered":0,"skipped":0,"pct":0},"branches":{"total":0,"covered":0,"skipped":0,"pct":100}}
,"/home/runner/work/stacks-wallet-web/stacks-wallet-web/src/routes.tsx": {"lines":{"total":49,"covered":0,"skipped":0,"pct":0},"functions":{"total":6,"covered":0,"skipped":0,"pct":0},"statements":{"total":52,"covered":0,"skipped":0,"pct":0},"branches":{"total":12,"covered":0,"skipped":0,"pct":0}}
,"/home/runner/work/stacks-wallet-web/stacks-wallet-web/src/background/background.ts": {"lines":{"total":36,"covered":0,"skipped":0,"pct":0},"functions":{"total":5,"covered":0,"skipped":0,"pct":0},"statements":{"total":37,"covered":0,"skipped":0,"pct":0},"branches":{"total":17,"covered":0,"skipped":0,"pct":0}}
,"/home/runner/work/stacks-wallet-web/stacks-wallet-web/src/background/popup.ts": {"lines":{"total":11,"covered":0,"skipped":0,"pct":0},"functions":{"total":2,"covered":0,"skipped":0,"pct":0},"statements":{"total":11,"covered":0,"skipped":0,"pct":0},"branches":{"total":10,"covered":0,"skipped":0,"pct":0}}
,"/home/runner/work/stacks-wallet-web/stacks-wallet-web/src/background/vault.ts": {"lines":{"total":69,"covered":0,"skipped":0,"pct":0},"functions":{"total":8,"covered":0,"skipped":0,"pct":0},"statements":{"total":72,"covered":0,"skipped":0,"pct":0},"branches":{"total":36,"covered":0,"skipped":0,"pct":0}}
,"/home/runner/work/stacks-wallet-web/stacks-wallet-web/src/background/crypto/generate-encryption-key.ts": {"lines":{"total":4,"covered":0,"skipped":0,"pct":0},"functions":{"total":1,"covered":0,"skipped":0,"pct":0},"statements":{"total":4,"covered":0,"skipped":0,"pct":0},"branches":{"total":0,"covered":0,"skipped":0,"pct":100}}
,"/home/runner/work/stacks-wallet-web/stacks-wallet-web/src/background/crypto/generate-random-hex.ts": {"lines":{"total":4,"covered":0,"skipped":0,"pct":0},"functions":{"total":2,"covered":0,"skipped":0,"pct":0},"statements":{"total":5,"covered":0,"skipped":0,"pct":0},"branches":{"total":0,"covered":0,"skipped":0,"pct":100}}
,"/home/runner/work/stacks-wallet-web/stacks-wallet-web/src/background/crypto/mnemonic-encryption.ts": {"lines":{"total":16,"covered":0,"skipped":0,"pct":0},"functions":{"total":2,"covered":0,"skipped":0,"pct":0},"statements":{"total":16,"covered":0,"skipped":0,"pct":0},"branches":{"total":2,"covered":0,"skipped":0,"pct":0}}
,"/home/runner/work/stacks-wallet-web/stacks-wallet-web/src/common/atom-utils.ts": {"lines":{"total":2,"covered":1,"skipped":0,"pct":50},"functions":{"total":1,"covered":0,"skipped":0,"pct":0},"statements":{"total":2,"covered":1,"skipped":0,"pct":50},"branches":{"total":0,"covered":0,"skipped":0,"pct":100}}
,"/home/runner/work/stacks-wallet-web/stacks-wallet-web/src/common/atom-with-params.ts": {"lines":{"total":22,"covered":6,"skipped":0,"pct":27.27},"functions":{"total":5,"covered":1,"skipped":0,"pct":20},"statements":{"total":24,"covered":6,"skipped":0,"pct":25},"branches":{"total":8,"covered":0,"skipped":0,"pct":0}}
,"/home/runner/work/stacks-wallet-web/stacks-wallet-web/src/common/clarity-prism.ts": {"lines":{"total":9,"covered":0,"skipped":0,"pct":0},"functions":{"total":2,"covered":0,"skipped":0,"pct":0},"statements":{"total":10,"covered":0,"skipped":0,"pct":0},"branches":{"total":0,"covered":0,"skipped":0,"pct":100}}
,"/home/runner/work/stacks-wallet-web/stacks-wallet-web/src/common/constants.ts": {"lines":{"total":18,"covered":18,"skipped":0,"pct":100},"functions":{"total":1,"covered":1,"skipped":0,"pct":100},"statements":{"total":18,"covered":18,"skipped":0,"pct":100},"branches":{"total":2,"covered":2,"skipped":0,"pct":100}}
,"/home/runner/work/stacks-wallet-web/stacks-wallet-web/src/common/group-txs-by-date.test.ts": {"lines":{"total":27,"covered":0,"skipped":0,"pct":0},"functions":{"total":6,"covered":0,"skipped":0,"pct":0},"statements":{"total":27,"covered":0,"skipped":0,"pct":0},"branches":{"total":0,"covered":0,"skipped":0,"pct":100}}
,"/home/runner/work/stacks-wallet-web/stacks-wallet-web/src/common/group-txs-by-date.ts": {"lines":{"total":32,"covered":0,"skipped":0,"pct":0},"functions":{"total":10,"covered":0,"skipped":0,"pct":0},"statements":{"total":37,"covered":0,"skipped":0,"pct":0},"branches":{"total":28,"covered":0,"skipped":0,"pct":0}}
,"/home/runner/work/stacks-wallet-web/stacks-wallet-web/src/common/onboarding-data.ts": {"lines":{"total":3,"covered":0,"skipped":0,"pct":0},"functions":{"total":1,"covered":0,"skipped":0,"pct":0},"statements":{"total":3,"covered":0,"skipped":0,"pct":0},"branches":{"total":0,"covered":0,"skipped":0,"pct":100}}
,"/home/runner/work/stacks-wallet-web/stacks-wallet-web/src/common/stacks-utils.ts": {"lines":{"total":36,"covered":20,"skipped":0,"pct":55.56},"functions":{"total":9,"covered":2,"skipped":0,"pct":22.22},"statements":{"total":47,"covered":28,"skipped":0,"pct":59.57},"branches":{"total":19,"covered":11,"skipped":0,"pct":57.89}}
,"/home/runner/work/stacks-wallet-web/stacks-wallet-web/src/common/storage.ts": {"lines":{"total":31,"covered":8,"skipped":0,"pct":25.81},"functions":{"total":7,"covered":1,"skipped":0,"pct":14.29},"statements":{"total":34,"covered":8,"skipped":0,"pct":23.53},"branches":{"total":26,"covered":2,"skipped":0,"pct":7.69}}
,"/home/runner/work/stacks-wallet-web/stacks-wallet-web/src/common/theme.ts": {"lines":{"total":2,"covered":0,"skipped":0,"pct":0},"functions":{"total":0,"covered":0,"skipped":0,"pct":100},"statements":{"total":2,"covered":0,"skipped":0,"pct":0},"branches":{"total":0,"covered":0,"skipped":0,"pct":100}}
,"/home/runner/work/stacks-wallet-web/stacks-wallet-web/src/common/token-utils.ts": {"lines":{"total":54,"covered":4,"skipped":0,"pct":7.41},"functions":{"total":5,"covered":0,"skipped":0,"pct":0},"statements":{"total":61,"covered":4,"skipped":0,"pct":6.56},"branches":{"total":74,"covered":0,"skipped":0,"pct":0}}
,"/home/runner/work/stacks-wallet-web/stacks-wallet-web/src/common/utils.ts": {"lines":{"total":151,"covered":50,"skipped":0,"pct":33.11},"functions":{"total":31,"covered":7,"skipped":0,"pct":22.58},"statements":{"total":174,"covered":58,"skipped":0,"pct":33.33},"branches":{"total":115,"covered":16,"skipped":0,"pct":13.91}}
,"/home/runner/work/stacks-wallet-web/stacks-wallet-web/src/common/api/accounts.ts": {"lines":{"total":17,"covered":8,"skipped":0,"pct":47.06},"functions":{"total":6,"covered":0,"skipped":0,"pct":0},"statements":{"total":17,"covered":8,"skipped":0,"pct":47.06},"branches":{"total":0,"covered":0,"skipped":0,"pct":100}}
,"/home/runner/work/stacks-wallet-web/stacks-wallet-web/src/common/api/fetch.ts": {"lines":{"total":10,"covered":4,"skipped":0,"pct":40},"functions":{"total":4,"covered":0,"skipped":0,"pct":0},"statements":{"total":13,"covered":5,"skipped":0,"pct":38.46},"branches":{"total":5,"covered":0,"skipped":0,"pct":0}}
,"/home/runner/work/stacks-wallet-web/stacks-wallet-web/src/common/api/names.ts": {"lines":{"total":5,"covered":0,"skipped":0,"pct":0},"functions":{"total":1,"covered":0,"skipped":0,"pct":0},"statements":{"total":5,"covered":0,"skipped":0,"pct":0},"branches":{"total":6,"covered":0,"skipped":0,"pct":0}}
,"/home/runner/work/stacks-wallet-web/stacks-wallet-web/src/common/api/transactions.ts": {"lines":{"total":8,"covered":2,"skipped":0,"pct":25},"functions":{"total":3,"covered":0,"skipped":0,"pct":0},"statements":{"total":8,"covered":2,"skipped":0,"pct":25},"branches":{"total":0,"covered":0,"skipped":0,"pct":100}}
,"/home/runner/work/stacks-wallet-web/stacks-wallet-web/src/common/api/wrapped-fetch.ts": {"lines":{"total":4,"covered":2,"skipped":0,"pct":50},"functions":{"total":1,"covered":0,"skipped":0,"pct":0},"statements":{"total":4,"covered":2,"skipped":0,"pct":50},"branches":{"total":3,"covered":0,"skipped":0,"pct":0}}
,"/home/runner/work/stacks-wallet-web/stacks-wallet-web/src/common/dev/types/globals.d.ts": {"lines":{"total":0,"covered":0,"skipped":0,"pct":0},"functions":{"total":0,"covered":0,"skipped":0,"pct":0},"statements":{"total":0,"covered":0,"skipped":0,"pct":0},"branches":{"total":0,"covered":0,"skipped":0,"pct":0}}
,"/home/runner/work/stacks-wallet-web/stacks-wallet-web/src/common/dev/types/react-router.d.ts": {"lines":{"total":0,"covered":0,"skipped":0,"pct":0},"functions":{"total":0,"covered":0,"skipped":0,"pct":0},"statements":{"total":0,"covered":0,"skipped":0,"pct":0},"branches":{"total":0,"covered":0,"skipped":0,"pct":0}}
,"/home/runner/work/stacks-wallet-web/stacks-wallet-web/src/common/dev/types/vk-qr.d.ts": {"lines":{"total":0,"covered":0,"skipped":0,"pct":0},"functions":{"total":0,"covered":0,"skipped":0,"pct":0},"statements":{"total":0,"covered":0,"skipped":0,"pct":0},"branches":{"total":0,"covered":0,"skipped":0,"pct":0}}
,"/home/runner/work/stacks-wallet-web/stacks-wallet-web/src/common/dev/types/zone-file.d.ts": {"lines":{"total":0,"covered":0,"skipped":0,"pct":0},"functions":{"total":0,"covered":0,"skipped":0,"pct":0},"statements":{"total":0,"covered":0,"skipped":0,"pct":0},"branches":{"total":0,"covered":0,"skipped":0,"pct":0}}
,"/home/runner/work/stacks-wallet-web/stacks-wallet-web/src/common/hooks/use-assets.ts": {"lines":{"total":16,"covered":8,"skipped":0,"pct":50},"functions":{"total":8,"covered":0,"skipped":0,"pct":0},"statements":{"total":21,"covered":10,"skipped":0,"pct":47.62},"branches":{"total":0,"covered":0,"skipped":0,"pct":100}}
,"/home/runner/work/stacks-wallet-web/stacks-wallet-web/src/common/hooks/use-color-mode.ts": {"lines":{"total":42,"covered":0,"skipped":0,"pct":0},"functions":{"total":6,"covered":0,"skipped":0,"pct":0},"statements":{"total":43,"covered":0,"skipped":0,"pct":0},"branches":{"total":20,"covered":0,"skipped":0,"pct":0}}
,"/home/runner/work/stacks-wallet-web/stacks-wallet-web/src/common/hooks/use-current-fee.ts": {"lines":{"total":4,"covered":0,"skipped":0,"pct":0},"functions":{"total":1,"covered":0,"skipped":0,"pct":0},"statements":{"total":4,"covered":0,"skipped":0,"pct":0},"branches":{"total":0,"covered":0,"skipped":0,"pct":100}}
,"/home/runner/work/stacks-wallet-web/stacks-wallet-web/src/common/hooks/use-current-network.ts": {"lines":{"total":9,"covered":0,"skipped":0,"pct":0},"functions":{"total":2,"covered":0,"skipped":0,"pct":0},"statements":{"total":10,"covered":0,"skipped":0,"pct":0},"branches":{"total":2,"covered":0,"skipped":0,"pct":0}}
,"/home/runner/work/stacks-wallet-web/stacks-wallet-web/src/common/hooks/use-do-change-screen.ts": {"lines":{"total":13,"covered":0,"skipped":0,"pct":0},"functions":{"total":3,"covered":0,"skipped":0,"pct":0},"statements":{"total":13,"covered":0,"skipped":0,"pct":0},"branches":{"total":3,"covered":0,"skipped":0,"pct":0}}
,"/home/runner/work/stacks-wallet-web/stacks-wallet-web/src/common/hooks/use-drawers.ts": {"lines":{"total":8,"covered":0,"skipped":0,"pct":0},"functions":{"total":1,"covered":0,"skipped":0,"pct":0},"statements":{"total":9,"covered":0,"skipped":0,"pct":0},"branches":{"total":0,"covered":0,"skipped":0,"pct":100}}
,"/home/runner/work/stacks-wallet-web/stacks-wallet-web/src/common/hooks/use-explorer-link.ts": {"lines":{"total":8,"covered":0,"skipped":0,"pct":0},"functions":{"total":2,"covered":0,"skipped":0,"pct":0},"statements":{"total":8,"covered":0,"skipped":0,"pct":0},"branches":{"total":0,"covered":0,"skipped":0,"pct":100}}
,"/home/runner/work/stacks-wallet-web/stacks-wallet-web/src/common/hooks/use-home-tabs.ts": {"lines":{"total":7,"covered":0,"skipped":0,"pct":0},"functions":{"total":3,"covered":0,"skipped":0,"pct":0},"statements":{"total":9,"covered":0,"skipped":0,"pct":0},"branches":{"total":0,"covered":0,"skipped":0,"pct":100}}
,"/home/runner/work/stacks-wallet-web/stacks-wallet-web/src/common/hooks/use-loading.ts": {"lines":{"total":10,"covered":0,"skipped":0,"pct":0},"functions":{"total":4,"covered":0,"skipped":0,"pct":0},"statements":{"total":12,"covered":0,"skipped":0,"pct":0},"branches":{"total":2,"covered":0,"skipped":0,"pct":0}}
,"/home/runner/work/stacks-wallet-web/stacks-wallet-web/src/common/hooks/use-mount-effect.ts": {"lines":{"total":7,"covered":0,"skipped":0,"pct":0},"functions":{"total":3,"covered":0,"skipped":0,"pct":0},"statements":{"total":7,"covered":0,"skipped":0,"pct":0},"branches":{"total":0,"covered":0,"skipped":0,"pct":100}}
,"/home/runner/work/stacks-wallet-web/stacks-wallet-web/src/common/hooks/use-on-cancel.ts": {"lines":{"total":15,"covered":0,"skipped":0,"pct":0},"functions":{"total":2,"covered":0,"skipped":0,"pct":0},"statements":{"total":15,"covered":0,"skipped":0,"pct":0},"branches":{"total":2,"covered":0,"skipped":0,"pct":0}}
,"/home/runner/work/stacks-wallet-web/stacks-wallet-web/src/common/hooks/use-onclickoutside.ts": {"lines":{"total":30,"covered":0,"skipped":0,"pct":0},"functions":{"total":7,"covered":0,"skipped":0,"pct":0},"statements":{"total":30,"covered":0,"skipped":0,"pct":0},"branches":{"total":13,"covered":0,"skipped":0,"pct":0}}
,"/home/runner/work/stacks-wallet-web/stacks-wallet-web/src/common/hooks/use-origin.ts": {"lines":{"total":4,"covered":0,"skipped":0,"pct":0},"functions":{"total":1,"covered":0,"skipped":0,"pct":0},"statements":{"total":4,"covered":0,"skipped":0,"pct":0},"branches":{"total":0,"covered":0,"skipped":0,"pct":100}}
,"/home/runner/work/stacks-wallet-web/stacks-wallet-web/src/common/hooks/use-scroll-lock.ts": {"lines":{"total":23,"covered":0,"skipped":0,"pct":0},"functions":{"total":6,"covered":0,"skipped":0,"pct":0},"statements":{"total":25,"covered":0,"skipped":0,"pct":0},"branches":{"total":12,"covered":0,"skipped":0,"pct":0}}
,"/home/runner/work/stacks-wallet-web/stacks-wallet-web/src/common/hooks/use-selected-asset.ts": {"lines":{"total":26,"covered":0,"skipped":0,"pct":0},"functions":{"total":4,"covered":0,"skipped":0,"pct":0},"statements":{"total":27,"covered":0,"skipped":0,"pct":0},"branches":{"total":85,"covered":0,"skipped":0,"pct":0}}
,"/home/runner/work/stacks-wallet-web/stacks-wallet-web/src/common/hooks/use-transaction-request.ts": {"lines":{"total":4,"covered":0,"skipped":0,"pct":0},"functions":{"total":1,"covered":0,"skipped":0,"pct":0},"statements":{"total":4,"covered":0,"skipped":0,"pct":0},"branches":{"total":0,"covered":0,"skipped":0,"pct":100}}
,"/home/runner/work/stacks-wallet-web/stacks-wallet-web/src/common/hooks/use-vault-messenger.ts": {"lines":{"total":50,"covered":0,"skipped":0,"pct":0},"functions":{"total":15,"covered":0,"skipped":0,"pct":0},"statements":{"total":51,"covered":0,"skipped":0,"pct":0},"branches":{"total":6,"covered":0,"skipped":0,"pct":0}}
,"/home/runner/work/stacks-wallet-web/stacks-wallet-web/src/common/hooks/use-wallet.ts": {"lines":{"total":55,"covered":0,"skipped":0,"pct":0},"functions":{"total":4,"covered":0,"skipped":0,"pct":0},"statements":{"total":56,"covered":0,"skipped":0,"pct":0},"branches":{"total":22,"covered":0,"skipped":0,"pct":0}}
,"/home/runner/work/stacks-wallet-web/stacks-wallet-web/src/common/hooks/account/use-account-activity.ts": {"lines":{"total":4,"covered":0,"skipped":0,"pct":0},"functions":{"total":1,"covered":0,"skipped":0,"pct":0},"statements":{"total":4,"covered":0,"skipped":0,"pct":0},"branches":{"total":0,"covered":0,"skipped":0,"pct":100}}
,"/home/runner/work/stacks-wallet-web/stacks-wallet-web/src/common/hooks/account/use-account-balances.ts": {"lines":{"total":8,"covered":0,"skipped":0,"pct":0},"functions":{"total":2,"covered":0,"skipped":0,"pct":0},"statements":{"total":8,"covered":0,"skipped":0,"pct":0},"branches":{"total":4,"covered":0,"skipped":0,"pct":0}}
,"/home/runner/work/stacks-wallet-web/stacks-wallet-web/src/common/hooks/account/use-account-gradient.ts": {"lines":{"total":30,"covered":0,"skipped":0,"pct":0},"functions":{"total":4,"covered":0,"skipped":0,"pct":0},"statements":{"total":31,"covered":0,"skipped":0,"pct":0},"branches":{"total":6,"covered":0,"skipped":0,"pct":0}}
,"/home/runner/work/stacks-wallet-web/stacks-wallet-web/src/common/hooks/account/use-account-info.ts": {"lines":{"total":6,"covered":0,"skipped":0,"pct":0},"functions":{"total":2,"covered":0,"skipped":0,"pct":0},"statements":{"total":8,"covered":0,"skipped":0,"pct":0},"branches":{"total":0,"covered":0,"skipped":0,"pct":100}}
,"/home/runner/work/stacks-wallet-web/stacks-wallet-web/src/common/hooks/account/use-account-names.ts": {"lines":{"total":14,"covered":0,"skipped":0,"pct":0},"functions":{"total":3,"covered":0,"skipped":0,"pct":0},"statements":{"total":16,"covered":0,"skipped":0,"pct":0},"branches":{"total":34,"covered":0,"skipped":0,"pct":0}}
,"/home/runner/work/stacks-wallet-web/stacks-wallet-web/src/common/hooks/account/use-accounts.ts": {"lines":{"total":4,"covered":0,"skipped":0,"pct":0},"functions":{"total":1,"covered":0,"skipped":0,"pct":0},"statements":{"total":4,"covered":0,"skipped":0,"pct":0},"branches":{"total":0,"covered":0,"skipped":0,"pct":100}}
,"/home/runner/work/stacks-wallet-web/stacks-wallet-web/src/common/hooks/account/use-current-account.ts": {"lines":{"total":4,"covered":0,"skipped":0,"pct":0},"functions":{"total":1,"covered":0,"skipped":0,"pct":0},"statements":{"total":4,"covered":0,"skipped":0,"pct":0},"branches":{"total":0,"covered":0,"skipped":0,"pct":100}}
,"/home/runner/work/stacks-wallet-web/stacks-wallet-web/src/common/hooks/account/use-refresh-account-data.ts": {"lines":{"total":9,"covered":0,"skipped":0,"pct":0},"functions":{"total":2,"covered":0,"skipped":0,"pct":0},"statements":{"total":10,"covered":0,"skipped":0,"pct":0},"branches":{"total":2,"covered":0,"skipped":0,"pct":0}}
,"/home/runner/work/stacks-wallet-web/stacks-wallet-web/src/common/hooks/account/use-switch-account.ts": {"lines":{"total":23,"covered":0,"skipped":0,"pct":0},"functions":{"total":4,"covered":0,"skipped":0,"pct":0},"statements":{"total":25,"covered":0,"skipped":0,"pct":0},"branches":{"total":12,"covered":0,"skipped":0,"pct":0}}
,"/home/runner/work/stacks-wallet-web/stacks-wallet-web/src/common/hooks/auth/use-app-details.tsx": {"lines":{"total":4,"covered":0,"skipped":0,"pct":0},"functions":{"total":1,"covered":0,"skipped":0,"pct":0},"statements":{"total":5,"covered":0,"skipped":0,"pct":0},"branches":{"total":0,"covered":0,"skipped":0,"pct":100}}
,"/home/runner/work/stacks-wallet-web/stacks-wallet-web/src/common/hooks/auth/use-auth-request.ts": {"lines":{"total":4,"covered":0,"skipped":0,"pct":0},"functions":{"total":1,"covered":0,"skipped":0,"pct":0},"statements":{"total":4,"covered":0,"skipped":0,"pct":0},"branches":{"total":0,"covered":0,"skipped":0,"pct":100}}
,"/home/runner/work/stacks-wallet-web/stacks-wallet-web/src/common/hooks/auth/use-magic-recovery-code.ts": {"lines":{"total":48,"covered":0,"skipped":0,"pct":0},"functions":{"total":9,"covered":0,"skipped":0,"pct":0},"statements":{"total":50,"covered":0,"skipped":0,"pct":0},"branches":{"total":6,"covered":0,"skipped":0,"pct":0}}
,"/home/runner/work/stacks-wallet-web/stacks-wallet-web/src/common/hooks/auth/use-onboarding-state.ts": {"lines":{"total":11,"covered":0,"skipped":0,"pct":0},"functions":{"total":1,"covered":0,"skipped":0,"pct":0},"statements":{"total":12,"covered":0,"skipped":0,"pct":0},"branches":{"total":0,"covered":0,"skipped":0,"pct":100}}
,"/home/runner/work/stacks-wallet-web/stacks-wallet-web/src/common/hooks/auth/use-save-auth-request-callback.ts": {"lines":{"total":35,"covered":0,"skipped":0,"pct":0},"functions":{"total":3,"covered":0,"skipped":0,"pct":0},"statements":{"total":35,"covered":0,"skipped":0,"pct":0},"branches":{"total":25,"covered":0,"skipped":0,"pct":0}}
,"/home/runner/work/stacks-wallet-web/stacks-wallet-web/src/common/hooks/auth/use-sign-in.ts": {"lines":{"total":72,"covered":0,"skipped":0,"pct":0},"functions":{"total":11,"covered":0,"skipped":0,"pct":0},"statements":{"total":74,"covered":0,"skipped":0,"pct":0},"branches":{"total":38,"covered":0,"skipped":0,"pct":0}}
,"/home/runner/work/stacks-wallet-web/stacks-wallet-web/src/common/transactions/postcondition-utils.ts": {"lines":{"total":71,"covered":17,"skipped":0,"pct":23.94},"functions":{"total":13,"covered":2,"skipped":0,"pct":15.38},"statements":{"total":83,"covered":24,"skipped":0,"pct":28.92},"branches":{"total":54,"covered":4,"skipped":0,"pct":7.41}}
,"/home/runner/work/stacks-wallet-web/stacks-wallet-web/src/common/transactions/requests.ts": {"lines":{"total":30,"covered":28,"skipped":0,"pct":93.33},"functions":{"total":3,"covered":3,"skipped":0,"pct":100},"statements":{"total":35,"covered":32,"skipped":0,"pct":91.43},"branches":{"total":14,"covered":11,"skipped":0,"pct":78.57}}
,"/home/runner/work/stacks-wallet-web/stacks-wallet-web/src/common/transactions/transaction-utils.ts": {"lines":{"total":24,"covered":18,"skipped":0,"pct":75},"functions":{"total":5,"covered":1,"skipped":0,"pct":20},"statements":{"total":30,"covered":24,"skipped":0,"pct":80},"branches":{"total":38,"covered":23,"skipped":0,"pct":60.53}}
,"/home/runner/work/stacks-wallet-web/stacks-wallet-web/src/common/transactions/transactions.ts": {"lines":{"total":25,"covered":11,"skipped":0,"pct":44},"functions":{"total":3,"covered":2,"skipped":0,"pct":66.67},"statements":{"total":26,"covered":11,"skipped":0,"pct":42.31},"branches":{"total":15,"covered":4,"skipped":0,"pct":26.67}}
,"/home/runner/work/stacks-wallet-web/stacks-wallet-web/src/common/validation/validate-password.ts": {"lines":{"total":14,"covered":0,"skipped":0,"pct":0},"functions":{"total":4,"covered":0,"skipped":0,"pct":0},"statements":{"total":15,"covered":0,"skipped":0,"pct":0},"branches":{"total":4,"covered":0,"skipped":0,"pct":0}}
,"/home/runner/work/stacks-wallet-web/stacks-wallet-web/src/common/validation/validate-url.ts": {"lines":{"total":3,"covered":3,"skipped":0,"pct":100},"functions":{"total":1,"covered":1,"skipped":0,"pct":100},"statements":{"total":3,"covered":3,"skipped":0,"pct":100},"branches":{"total":0,"covered":0,"skipped":0,"pct":100}}
,"/home/runner/work/stacks-wallet-web/stacks-wallet-web/src/components/account-avatar.tsx": {"lines":{"total":10,"covered":0,"skipped":0,"pct":0},"functions":{"total":1,"covered":0,"skipped":0,"pct":0},"statements":{"total":10,"covered":0,"skipped":0,"pct":0},"branches":{"total":10,"covered":0,"skipped":0,"pct":0}}
,"/home/runner/work/stacks-wallet-web/stacks-wallet-web/src/components/account-gate-route.tsx": {"lines":{"total":6,"covered":0,"skipped":0,"pct":0},"functions":{"total":1,"covered":0,"skipped":0,"pct":0},"statements":{"total":6,"covered":0,"skipped":0,"pct":0},"branches":{"total":0,"covered":0,"skipped":0,"pct":100}}
,"/home/runner/work/stacks-wallet-web/stacks-wallet-web/src/components/account-gate.tsx": {"lines":{"total":23,"covered":0,"skipped":0,"pct":0},"functions":{"total":3,"covered":0,"skipped":0,"pct":0},"statements":{"total":26,"covered":0,"skipped":0,"pct":0},"branches":{"total":21,"covered":0,"skipped":0,"pct":0}}
,"/home/runner/work/stacks-wallet-web/stacks-wallet-web/src/components/account-item.tsx": {"lines":{"total":11,"covered":0,"skipped":0,"pct":0},"functions":{"total":1,"covered":0,"skipped":0,"pct":0},"statements":{"total":11,"covered":0,"skipped":0,"pct":0},"branches":{"total":14,"covered":0,"skipped":0,"pct":0}}
,"/home/runner/work/stacks-wallet-web/stacks-wallet-web/src/components/asset-item.tsx": {"lines":{"total":13,"covered":0,"skipped":0,"pct":0},"functions":{"total":1,"covered":0,"skipped":0,"pct":0},"statements":{"total":13,"covered":0,"skipped":0,"pct":0},"branches":{"total":6,"covered":0,"skipped":0,"pct":0}}
,"/home/runner/work/stacks-wallet-web/stacks-wallet-web/src/components/asset-row.tsx": {"lines":{"total":12,"covered":0,"skipped":0,"pct":0},"functions":{"total":1,"covered":0,"skipped":0,"pct":0},"statements":{"total":12,"covered":0,"skipped":0,"pct":0},"branches":{"total":32,"covered":0,"skipped":0,"pct":0}}
,"/home/runner/work/stacks-wallet-web/stacks-wallet-web/src/components/color-modes.tsx": {"lines":{"total":41,"covered":0,"skipped":0,"pct":0},"functions":{"total":10,"covered":0,"skipped":0,"pct":0},"statements":{"total":44,"covered":0,"skipped":0,"pct":0},"branches":{"total":3,"covered":0,"skipped":0,"pct":0}}
,"/home/runner/work/stacks-wallet-web/stacks-wallet-web/src/components/devtools.tsx": {"lines":{"total":5,"covered":0,"skipped":0,"pct":0},"functions":{"total":1,"covered":0,"skipped":0,"pct":0},"statements":{"total":5,"covered":0,"skipped":0,"pct":0},"branches":{"total":0,"covered":0,"skipped":0,"pct":100}}
,"/home/runner/work/stacks-wallet-web/stacks-wallet-web/src/components/divider.tsx": {"lines":{"total":4,"covered":0,"skipped":0,"pct":0},"functions":{"total":1,"covered":0,"skipped":0,"pct":0},"statements":{"total":5,"covered":0,"skipped":0,"pct":0},"branches":{"total":0,"covered":0,"skipped":0,"pct":100}}
,"/home/runner/work/stacks-wallet-web/stacks-wallet-web/src/components/error-label.tsx": {"lines":{"total":5,"covered":0,"skipped":0,"pct":0},"functions":{"total":1,"covered":0,"skipped":0,"pct":0},"statements":{"total":6,"covered":0,"skipped":0,"pct":0},"branches":{"total":0,"covered":0,"skipped":0,"pct":100}}
,"/home/runner/work/stacks-wallet-web/stacks-wallet-web/src/components/extension-button.tsx": {"lines":{"total":35,"covered":0,"skipped":0,"pct":0},"functions":{"total":4,"covered":0,"skipped":0,"pct":0},"statements":{"total":36,"covered":0,"skipped":0,"pct":0},"branches":{"total":21,"covered":0,"skipped":0,"pct":0}}
,"/home/runner/work/stacks-wallet-web/stacks-wallet-web/src/components/global-styles.tsx": {"lines":{"total":6,"covered":0,"skipped":0,"pct":0},"functions":{"total":1,"covered":0,"skipped":0,"pct":0},"statements":{"total":6,"covered":0,"skipped":0,"pct":0},"branches":{"total":0,"covered":0,"skipped":0,"pct":100}}
,"/home/runner/work/stacks-wallet-web/stacks-wallet-web/src/components/gutter.tsx": {"lines":{"total":8,"covered":0,"skipped":0,"pct":0},"functions":{"total":1,"covered":0,"skipped":0,"pct":0},"statements":{"total":9,"covered":0,"skipped":0,"pct":0},"branches":{"total":1,"covered":0,"skipped":0,"pct":0}}
,"/home/runner/work/stacks-wallet-web/stacks-wallet-web/src/components/header.tsx": {"lines":{"total":20,"covered":0,"skipped":0,"pct":0},"functions":{"total":5,"covered":0,"skipped":0,"pct":0},"statements":{"total":20,"covered":0,"skipped":0,"pct":0},"branches":{"total":16,"covered":0,"skipped":0,"pct":0}}
,"/home/runner/work/stacks-wallet-web/stacks-wallet-web/src/components/item-hover.tsx": {"lines":{"total":11,"covered":0,"skipped":0,"pct":0},"functions":{"total":2,"covered":0,"skipped":0,"pct":0},"statements":{"total":12,"covered":0,"skipped":0,"pct":0},"branches":{"total":8,"covered":0,"skipped":0,"pct":0}}
,"/home/runner/work/stacks-wallet-web/stacks-wallet-web/src/components/link.tsx": {"lines":{"total":8,"covered":0,"skipped":0,"pct":0},"functions":{"total":3,"covered":0,"skipped":0,"pct":0},"statements":{"total":10,"covered":0,"skipped":0,"pct":0},"branches":{"total":6,"covered":0,"skipped":0,"pct":0}}
,"/home/runner/work/stacks-wallet-web/stacks-wallet-web/src/components/loading-rectangle.tsx": {"lines":{"total":6,"covered":0,"skipped":0,"pct":0},"functions":{"total":1,"covered":0,"skipped":0,"pct":0},"statements":{"total":7,"covered":0,"skipped":0,"pct":0},"branches":{"total":0,"covered":0,"skipped":0,"pct":100}}
,"/home/runner/work/stacks-wallet-web/stacks-wallet-web/src/components/logo-with-name.tsx": {"lines":{"total":5,"covered":0,"skipped":0,"pct":0},"functions":{"total":1,"covered":0,"skipped":0,"pct":0},"statements":{"total":6,"covered":0,"skipped":0,"pct":0},"branches":{"total":4,"covered":0,"skipped":0,"pct":0}}
,"/home/runner/work/stacks-wallet-web/stacks-wallet-web/src/components/logo.tsx": {"lines":{"total":4,"covered":0,"skipped":0,"pct":0},"functions":{"total":1,"covered":0,"skipped":0,"pct":0},"statements":{"total":5,"covered":0,"skipped":0,"pct":0},"branches":{"total":0,"covered":0,"skipped":0,"pct":100}}
,"/home/runner/work/stacks-wallet-web/stacks-wallet-web/src/components/navigate.tsx": {"lines":{"total":10,"covered":0,"skipped":0,"pct":0},"functions":{"total":2,"covered":0,"skipped":0,"pct":0},"statements":{"total":11,"covered":0,"skipped":0,"pct":0},"branches":{"total":0,"covered":0,"skipped":0,"pct":100}}
,"/home/runner/work/stacks-wallet-web/stacks-wallet-web/src/components/network-mode-badge.tsx": {"lines":{"total":12,"covered":0,"skipped":0,"pct":0},"functions":{"total":3,"covered":0,"skipped":0,"pct":0},"statements":{"total":13,"covered":0,"skipped":0,"pct":0},"branches":{"total":2,"covered":0,"skipped":0,"pct":0}}
,"/home/runner/work/stacks-wallet-web/stacks-wallet-web/src/components/network-row-item.tsx": {"lines":{"total":7,"covered":0,"skipped":0,"pct":0},"functions":{"total":1,"covered":0,"skipped":0,"pct":0},"statements":{"total":7,"covered":0,"skipped":0,"pct":0},"branches":{"total":8,"covered":0,"skipped":0,"pct":0}}
,"/home/runner/work/stacks-wallet-web/stacks-wallet-web/src/components/pw-manager-input.tsx": {"lines":{"total":7,"covered":0,"skipped":0,"pct":0},"functions":{"total":2,"covered":0,"skipped":0,"pct":0},"statements":{"total":9,"covered":0,"skipped":0,"pct":0},"branches":{"total":4,"covered":0,"skipped":0,"pct":0}}
,"/home/runner/work/stacks-wallet-web/stacks-wallet-web/src/components/save-your-key-view.tsx": {"lines":{"total":20,"covered":0,"skipped":0,"pct":0},"functions":{"total":4,"covered":0,"skipped":0,"pct":0},"statements":{"total":23,"covered":0,"skipped":0,"pct":0},"branches":{"total":16,"covered":0,"skipped":0,"pct":0}}
,"/home/runner/work/stacks-wallet-web/stacks-wallet-web/src/components/signed-out-view.tsx": {"lines":{"total":11,"covered":0,"skipped":0,"pct":0},"functions":{"total":2,"covered":0,"skipped":0,"pct":0},"statements":{"total":11,"covered":0,"skipped":0,"pct":0},"branches":{"total":0,"covered":0,"skipped":0,"pct":100}}
,"/home/runner/work/stacks-wallet-web/stacks-wallet-web/src/components/space-between.tsx": {"lines":{"total":5,"covered":0,"skipped":0,"pct":0},"functions":{"total":1,"covered":0,"skipped":0,"pct":0},"statements":{"total":5,"covered":0,"skipped":0,"pct":0},"branches":{"total":0,"covered":0,"skipped":0,"pct":100}}
,"/home/runner/work/stacks-wallet-web/stacks-wallet-web/src/components/stacks-wallet-logo.tsx": {"lines":{"total":7,"covered":0,"skipped":0,"pct":0},"functions":{"total":2,"covered":0,"skipped":0,"pct":0},"statements":{"total":7,"covered":0,"skipped":0,"pct":0},"branches":{"total":0,"covered":0,"skipped":0,"pct":100}}
,"/home/runner/work/stacks-wallet-web/stacks-wallet-web/src/components/stx-avatar.tsx": {"lines":{"total":9,"covered":0,"skipped":0,"pct":0},"functions":{"total":2,"covered":0,"skipped":0,"pct":0},"statements":{"total":11,"covered":0,"skipped":0,"pct":0},"branches":{"total":2,"covered":0,"skipped":0,"pct":0}}
,"/home/runner/work/stacks-wallet-web/stacks-wallet-web/src/components/success-checkmark.tsx": {"lines":{"total":3,"covered":0,"skipped":0,"pct":0},"functions":{"total":1,"covered":0,"skipped":0,"pct":0},"statements":{"total":4,"covered":0,"skipped":0,"pct":0},"branches":{"total":0,"covered":0,"skipped":0,"pct":100}}
,"/home/runner/work/stacks-wallet-web/stacks-wallet-web/src/components/tabbed-card.tsx": {"lines":{"total":23,"covered":0,"skipped":0,"pct":0},"functions":{"total":8,"covered":0,"skipped":0,"pct":0},"statements":{"total":25,"covered":0,"skipped":0,"pct":0},"branches":{"total":8,"covered":0,"skipped":0,"pct":0}}
,"/home/runner/work/stacks-wallet-web/stacks-wallet-web/src/components/tabs.tsx": {"lines":{"total":9,"covered":0,"skipped":0,"pct":0},"functions":{"total":5,"covered":0,"skipped":0,"pct":0},"statements":{"total":9,"covered":0,"skipped":0,"pct":0},"branches":{"total":10,"covered":0,"skipped":0,"pct":0}}
,"/home/runner/work/stacks-wallet-web/stacks-wallet-web/src/components/tooltip.tsx": {"lines":{"total":9,"covered":0,"skipped":0,"pct":0},"functions":{"total":2,"covered":0,"skipped":0,"pct":0},"statements":{"total":10,"covered":0,"skipped":0,"pct":0},"branches":{"total":3,"covered":0,"skipped":0,"pct":0}}
,"/home/runner/work/stacks-wallet-web/stacks-wallet-web/src/components/tx-icon.tsx": {"lines":{"total":27,"covered":0,"skipped":0,"pct":0},"functions":{"total":5,"covered":0,"skipped":0,"pct":0},"statements":{"total":28,"covered":0,"skipped":0,"pct":0},"branches":{"total":17,"covered":0,"skipped":0,"pct":0}}
,"/home/runner/work/stacks-wallet-web/stacks-wallet-web/src/components/typography.tsx": {"lines":{"total":34,"covered":0,"skipped":0,"pct":0},"functions":{"total":7,"covered":0,"skipped":0,"pct":0},"statements":{"total":38,"covered":0,"skipped":0,"pct":0},"branches":{"total":9,"covered":0,"skipped":0,"pct":0}}
,"/home/runner/work/stacks-wallet-web/stacks-wallet-web/src/components/unlock.tsx": {"lines":{"total":21,"covered":0,"skipped":0,"pct":0},"functions":{"total":3,"covered":0,"skipped":0,"pct":0},"statements":{"total":22,"covered":0,"skipped":0,"pct":0},"branches":{"total":2,"covered":0,"skipped":0,"pct":0}}
,"/home/runner/work/stacks-wallet-web/stacks-wallet-web/src/components/vault-loader.tsx": {"lines":{"total":7,"covered":0,"skipped":0,"pct":0},"functions":{"total":2,"covered":0,"skipped":0,"pct":0},"statements":{"total":8,"covered":0,"skipped":0,"pct":0},"branches":{"total":0,"covered":0,"skipped":0,"pct":100}}
,"/home/runner/work/stacks-wallet-web/stacks-wallet-web/src/components/accounts/account-avatar.tsx": {"lines":{"total":6,"covered":0,"skipped":0,"pct":0},"functions":{"total":1,"covered":0,"skipped":0,"pct":0},"statements":{"total":7,"covered":0,"skipped":0,"pct":0},"branches":{"total":2,"covered":0,"skipped":0,"pct":0}}
,"/home/runner/work/stacks-wallet-web/stacks-wallet-web/src/components/accounts/index.tsx": {"lines":{"total":44,"covered":0,"skipped":0,"pct":0},"functions":{"total":8,"covered":0,"skipped":0,"pct":0},"statements":{"total":47,"covered":0,"skipped":0,"pct":0},"branches":{"total":11,"covered":0,"skipped":0,"pct":0}}
,"/home/runner/work/stacks-wallet-web/stacks-wallet-web/src/components/accounts/list-item.tsx": {"lines":{"total":7,"covered":0,"skipped":0,"pct":0},"functions":{"total":1,"covered":0,"skipped":0,"pct":0},"statements":{"total":8,"covered":0,"skipped":0,"pct":0},"branches":{"total":10,"covered":0,"skipped":0,"pct":0}}
,"/home/runner/work/stacks-wallet-web/stacks-wallet-web/src/components/app-icon/index.tsx": {"lines":{"total":7,"covered":0,"skipped":0,"pct":0},"functions":{"total":1,"covered":0,"skipped":0,"pct":0},"statements":{"total":8,"covered":0,"skipped":0,"pct":0},"branches":{"total":0,"covered":0,"skipped":0,"pct":100}}
,"/home/runner/work/stacks-wallet-web/stacks-wallet-web/src/components/asset-search/asset-search-result.tsx": {"lines":{"total":5,"covered":0,"skipped":0,"pct":0},"functions":{"total":1,"covered":0,"skipped":0,"pct":0},"statements":{"total":5,"covered":0,"skipped":0,"pct":0},"branches":{"total":2,"covered":0,"skipped":0,"pct":0}}
,"/home/runner/work/stacks-wallet-web/stacks-wallet-web/src/components/asset-search/asset-search.tsx": {"lines":{"total":46,"covered":0,"skipped":0,"pct":0},"functions":{"total":13,"covered":0,"skipped":0,"pct":0},"statements":{"total":49,"covered":0,"skipped":0,"pct":0},"branches":{"total":53,"covered":0,"skipped":0,"pct":0}}
,"/home/runner/work/stacks-wallet-web/stacks-wallet-web/src/components/asset-search/selected-asset.tsx": {"lines":{"total":26,"covered":0,"skipped":0,"pct":0},"functions":{"total":5,"covered":0,"skipped":0,"pct":0},"statements":{"total":27,"covered":0,"skipped":0,"pct":0},"branches":{"total":14,"covered":0,"skipped":0,"pct":0}}
,"/home/runner/work/stacks-wallet-web/stacks-wallet-web/src/components/card/index.tsx": {"lines":{"total":5,"covered":0,"skipped":0,"pct":0},"functions":{"total":1,"covered":0,"skipped":0,"pct":0},"statements":{"total":5,"covered":0,"skipped":0,"pct":0},"branches":{"total":0,"covered":0,"skipped":0,"pct":100}}
,"/home/runner/work/stacks-wallet-web/stacks-wallet-web/src/components/collapse/index.tsx": {"lines":{"total":14,"covered":0,"skipped":0,"pct":0},"functions":{"total":6,"covered":0,"skipped":0,"pct":0},"statements":{"total":16,"covered":0,"skipped":0,"pct":0},"branches":{"total":18,"covered":0,"skipped":0,"pct":0}}
,"/home/runner/work/stacks-wallet-web/stacks-wallet-web/src/components/current-user/current-stx-address.tsx": {"lines":{"total":12,"covered":0,"skipped":0,"pct":0},"functions":{"total":2,"covered":0,"skipped":0,"pct":0},"statements":{"total":13,"covered":0,"skipped":0,"pct":0},"branches":{"total":2,"covered":0,"skipped":0,"pct":0}}
,"/home/runner/work/stacks-wallet-web/stacks-wallet-web/src/components/current-user/current-user-avatar.tsx": {"lines":{"total":16,"covered":0,"skipped":0,"pct":0},"functions":{"total":2,"covered":0,"skipped":0,"pct":0},"statements":{"total":18,"covered":0,"skipped":0,"pct":0},"branches":{"total":20,"covered":0,"skipped":0,"pct":0}}
,"/home/runner/work/stacks-wallet-web/stacks-wallet-web/src/components/current-user/current-user-name.tsx": {"lines":{"total":24,"covered":0,"skipped":0,"pct":0},"functions":{"total":3,"covered":0,"skipped":0,"pct":0},"statements":{"total":25,"covered":0,"skipped":0,"pct":0},"branches":{"total":20,"covered":0,"skipped":0,"pct":0}}
,"/home/runner/work/stacks-wallet-web/stacks-wallet-web/src/components/drawer/confirm-send-drawer.tsx": {"lines":{"total":34,"covered":0,"skipped":0,"pct":0},"functions":{"total":5,"covered":0,"skipped":0,"pct":0},"statements":{"total":35,"covered":0,"skipped":0,"pct":0},"branches":{"total":69,"covered":0,"skipped":0,"pct":0}}
,"/home/runner/work/stacks-wallet-web/stacks-wallet-web/src/components/drawer/controlled.tsx": {"lines":{"total":9,"covered":0,"skipped":0,"pct":0},"functions":{"total":2,"covered":0,"skipped":0,"pct":0},"statements":{"total":10,"covered":0,"skipped":0,"pct":0},"branches":{"total":4,"covered":0,"skipped":0,"pct":0}}
,"/home/runner/work/stacks-wallet-web/stacks-wallet-web/src/components/drawer/index.tsx": {"lines":{"total":18,"covered":0,"skipped":0,"pct":0},"functions":{"total":4,"covered":0,"skipped":0,"pct":0},"statements":{"total":18,"covered":0,"skipped":0,"pct":0},"branches":{"total":20,"covered":0,"skipped":0,"pct":0}}
,"/home/runner/work/stacks-wallet-web/stacks-wallet-web/src/components/drawer/networks-drawer.tsx": {"lines":{"total":38,"covered":0,"skipped":0,"pct":0},"functions":{"total":7,"covered":0,"skipped":0,"pct":0},"statements":{"total":38,"covered":0,"skipped":0,"pct":0},"branches":{"total":18,"covered":0,"skipped":0,"pct":0}}
,"/home/runner/work/stacks-wallet-web/stacks-wallet-web/src/components/drawer/reuse-app-drawer.tsx": {"lines":{"total":20,"covered":0,"skipped":0,"pct":0},"functions":{"total":6,"covered":0,"skipped":0,"pct":0},"statements":{"total":21,"covered":0,"skipped":0,"pct":0},"branches":{"total":4,"covered":0,"skipped":0,"pct":0}}
,"/home/runner/work/stacks-wallet-web/stacks-wallet-web/src/components/drawer/accounts/add-username.tsx": {"lines":{"total":19,"covered":0,"skipped":0,"pct":0},"functions":{"total":3,"covered":0,"skipped":0,"pct":0},"statements":{"total":20,"covered":0,"skipped":0,"pct":0},"branches":{"total":4,"covered":0,"skipped":0,"pct":0}}
,"/home/runner/work/stacks-wallet-web/stacks-wallet-web/src/components/drawer/accounts/create-account.tsx": {"lines":{"total":20,"covered":0,"skipped":0,"pct":0},"functions":{"total":4,"covered":0,"skipped":0,"pct":0},"statements":{"total":22,"covered":0,"skipped":0,"pct":0},"branches":{"total":6,"covered":0,"skipped":0,"pct":0}}
,"/home/runner/work/stacks-wallet-web/stacks-wallet-web/src/components/drawer/accounts/index.tsx": {"lines":{"total":20,"covered":0,"skipped":0,"pct":0},"functions":{"total":4,"covered":0,"skipped":0,"pct":0},"statements":{"total":22,"covered":0,"skipped":0,"pct":0},"branches":{"total":9,"covered":0,"skipped":0,"pct":0}}
,"/home/runner/work/stacks-wallet-web/stacks-wallet-web/src/components/drawer/accounts/switch-accounts.tsx": {"lines":{"total":45,"covered":0,"skipped":0,"pct":0},"functions":{"total":13,"covered":0,"skipped":0,"pct":0},"statements":{"total":45,"covered":0,"skipped":0,"pct":0},"branches":{"total":2,"covered":0,"skipped":0,"pct":0}}
,"/home/runner/work/stacks-wallet-web/stacks-wallet-web/src/components/home/components/actions.tsx": {"lines":{"total":24,"covered":0,"skipped":0,"pct":0},"functions":{"total":6,"covered":0,"skipped":0,"pct":0},"statements":{"total":25,"covered":0,"skipped":0,"pct":0},"branches":{"total":12,"covered":0,"skipped":0,"pct":0}}
,"/home/runner/work/stacks-wallet-web/stacks-wallet-web/src/components/home/components/user-area.tsx": {"lines":{"total":19,"covered":0,"skipped":0,"pct":0},"functions":{"total":2,"covered":0,"skipped":0,"pct":0},"statements":{"total":19,"covered":0,"skipped":0,"pct":0},"branches":{"total":12,"covered":0,"skipped":0,"pct":0}}
,"/home/runner/work/stacks-wallet-web/stacks-wallet-web/src/components/icons/checkmark-icon.tsx": {"lines":{"total":3,"covered":0,"skipped":0,"pct":0},"functions":{"total":1,"covered":0,"skipped":0,"pct":0},"statements":{"total":4,"covered":0,"skipped":0,"pct":0},"branches":{"total":0,"covered":0,"skipped":0,"pct":100}}
,"/home/runner/work/stacks-wallet-web/stacks-wallet-web/src/components/icons/chrome-icon.tsx": {"lines":{"total":4,"covered":0,"skipped":0,"pct":0},"functions":{"total":1,"covered":0,"skipped":0,"pct":0},"statements":{"total":5,"covered":0,"skipped":0,"pct":0},"branches":{"total":0,"covered":0,"skipped":0,"pct":100}}
,"/home/runner/work/stacks-wallet-web/stacks-wallet-web/src/components/icons/exclamation-mark.tsx": {"lines":{"total":3,"covered":0,"skipped":0,"pct":0},"functions":{"total":1,"covered":0,"skipped":0,"pct":0},"statements":{"total":4,"covered":0,"skipped":0,"pct":0},"branches":{"total":0,"covered":0,"skipped":0,"pct":100}}
,"/home/runner/work/stacks-wallet-web/stacks-wallet-web/src/components/icons/firefox-icon.tsx": {"lines":{"total":4,"covered":0,"skipped":0,"pct":0},"functions":{"total":1,"covered":0,"skipped":0,"pct":0},"statements":{"total":5,"covered":0,"skipped":0,"pct":0},"branches":{"total":0,"covered":0,"skipped":0,"pct":100}}
,"/home/runner/work/stacks-wallet-web/stacks-wallet-web/src/components/icons/installed-illustation.tsx": {"lines":{"total":4,"covered":0,"skipped":0,"pct":0},"functions":{"total":1,"covered":0,"skipped":0,"pct":0},"statements":{"total":5,"covered":0,"skipped":0,"pct":0},"branches":{"total":0,"covered":0,"skipped":0,"pct":100}}
,"/home/runner/work/stacks-wallet-web/stacks-wallet-web/src/components/icons/plus-in-circle.tsx": {"lines":{"total":3,"covered":0,"skipped":0,"pct":0},"functions":{"total":1,"covered":0,"skipped":0,"pct":0},"statements":{"total":4,"covered":0,"skipped":0,"pct":0},"branches":{"total":0,"covered":0,"skipped":0,"pct":100}}
,"/home/runner/work/stacks-wallet-web/stacks-wallet-web/src/components/icons/stx-icon.tsx": {"lines":{"total":4,"covered":0,"skipped":0,"pct":0},"functions":{"total":1,"covered":0,"skipped":0,"pct":0},"statements":{"total":5,"covered":0,"skipped":0,"pct":0},"branches":{"total":0,"covered":0,"skipped":0,"pct":100}}
,"/home/runner/work/stacks-wallet-web/stacks-wallet-web/src/components/image/index.tsx": {"lines":{"total":4,"covered":0,"skipped":0,"pct":0},"functions":{"total":1,"covered":0,"skipped":0,"pct":0},"statements":{"total":4,"covered":0,"skipped":0,"pct":0},"branches":{"total":0,"covered":0,"skipped":0,"pct":100}}
,"/home/runner/work/stacks-wallet-web/stacks-wallet-web/src/components/popup/balances-and-activity.tsx": {"lines":{"total":23,"covered":0,"skipped":0,"pct":0},"functions":{"total":7,"covered":0,"skipped":0,"pct":0},"statements":{"total":23,"covered":0,"skipped":0,"pct":0},"branches":{"total":6,"covered":0,"skipped":0,"pct":0}}
,"/home/runner/work/stacks-wallet-web/stacks-wallet-web/src/components/popup/collectible-assets.tsx": {"lines":{"total":16,"covered":0,"skipped":0,"pct":0},"functions":{"total":2,"covered":0,"skipped":0,"pct":0},"statements":{"total":18,"covered":0,"skipped":0,"pct":0},"branches":{"total":4,"covered":0,"skipped":0,"pct":0}}
,"/home/runner/work/stacks-wallet-web/stacks-wallet-web/src/components/popup/container.tsx": {"lines":{"total":25,"covered":0,"skipped":0,"pct":0},"functions":{"total":6,"covered":0,"skipped":0,"pct":0},"statements":{"total":27,"covered":0,"skipped":0,"pct":0},"branches":{"total":12,"covered":0,"skipped":0,"pct":0}}
,"/home/runner/work/stacks-wallet-web/stacks-wallet-web/src/components/popup/settings-popover.tsx": {"lines":{"total":45,"covered":0,"skipped":0,"pct":0},"functions":{"total":15,"covered":0,"skipped":0,"pct":0},"statements":{"total":46,"covered":0,"skipped":0,"pct":0},"branches":{"total":32,"covered":0,"skipped":0,"pct":0}}
,"/home/runner/work/stacks-wallet-web/stacks-wallet-web/src/components/popup/token-assets.tsx": {"lines":{"total":26,"covered":0,"skipped":0,"pct":0},"functions":{"total":4,"covered":0,"skipped":0,"pct":0},"statements":{"total":30,"covered":0,"skipped":0,"pct":0},"branches":{"total":27,"covered":0,"skipped":0,"pct":0}}
,"/home/runner/work/stacks-wallet-web/stacks-wallet-web/src/components/popup/transaction-list.tsx": {"lines":{"total":7,"covered":0,"skipped":0,"pct":0},"functions":{"total":3,"covered":0,"skipped":0,"pct":0},"statements":{"total":7,"covered":0,"skipped":0,"pct":0},"branches":{"total":0,"covered":0,"skipped":0,"pct":100}}
,"/home/runner/work/stacks-wallet-web/stacks-wallet-web/src/components/popup/tx-item.tsx": {"lines":{"total":51,"covered":0,"skipped":0,"pct":0},"functions":{"total":8,"covered":0,"skipped":0,"pct":0},"statements":{"total":58,"covered":0,"skipped":0,"pct":0},"branches":{"total":49,"covered":0,"skipped":0,"pct":0}}
,"/home/runner/work/stacks-wallet-web/stacks-wallet-web/src/components/screen/index.tsx": {"lines":{"total":9,"covered":0,"skipped":0,"pct":0},"functions":{"total":0,"covered":0,"skipped":0,"pct":100},"statements":{"total":9,"covered":0,"skipped":0,"pct":0},"branches":{"total":0,"covered":0,"skipped":0,"pct":100}}
,"/home/runner/work/stacks-wallet-web/stacks-wallet-web/src/components/screen/powered-by.tsx": {"lines":{"total":8,"covered":0,"skipped":0,"pct":0},"functions":{"total":2,"covered":0,"skipped":0,"pct":0},"statements":{"total":9,"covered":0,"skipped":0,"pct":0},"branches":{"total":2,"covered":0,"skipped":0,"pct":0}}
,"/home/runner/work/stacks-wallet-web/stacks-wallet-web/src/components/screen/screen-actions.tsx": {"lines":{"total":4,"covered":0,"skipped":0,"pct":0},"functions":{"total":1,"covered":0,"skipped":0,"pct":0},"statements":{"total":6,"covered":0,"skipped":0,"pct":0},"branches":{"total":0,"covered":0,"skipped":0,"pct":100}}
,"/home/runner/work/stacks-wallet-web/stacks-wallet-web/src/components/screen/screen-body.tsx": {"lines":{"total":6,"covered":0,"skipped":0,"pct":0},"functions":{"total":2,"covered":0,"skipped":0,"pct":0},"statements":{"total":7,"covered":0,"skipped":0,"pct":0},"branches":{"total":11,"covered":0,"skipped":0,"pct":0}}
,"/home/runner/work/stacks-wallet-web/stacks-wallet-web/src/components/screen/screen-footer.tsx": {"lines":{"total":5,"covered":0,"skipped":0,"pct":0},"functions":{"total":1,"covered":0,"skipped":0,"pct":0},"statements":{"total":6,"covered":0,"skipped":0,"pct":0},"branches":{"total":0,"covered":0,"skipped":0,"pct":100}}
,"/home/runner/work/stacks-wallet-web/stacks-wallet-web/src/components/screen/screen-header.tsx": {"lines":{"total":7,"covered":0,"skipped":0,"pct":0},"functions":{"total":1,"covered":0,"skipped":0,"pct":0},"statements":{"total":8,"covered":0,"skipped":0,"pct":0},"branches":{"total":5,"covered":0,"skipped":0,"pct":0}}
,"/home/runner/work/stacks-wallet-web/stacks-wallet-web/src/components/screen/screen-loader.tsx": {"lines":{"total":4,"covered":0,"skipped":0,"pct":0},"functions":{"total":1,"covered":0,"skipped":0,"pct":0},"statements":{"total":5,"covered":0,"skipped":0,"pct":0},"branches":{"total":8,"covered":0,"skipped":0,"pct":0}}
,"/home/runner/work/stacks-wallet-web/stacks-wallet-web/src/components/screen/screen.tsx": {"lines":{"total":8,"covered":0,"skipped":0,"pct":0},"functions":{"total":2,"covered":0,"skipped":0,"pct":0},"statements":{"total":9,"covered":0,"skipped":0,"pct":0},"branches":{"total":8,"covered":0,"skipped":0,"pct":0}}
,"/home/runner/work/stacks-wallet-web/stacks-wallet-web/src/components/screen/spacing.ts": {"lines":{"total":1,"covered":0,"skipped":0,"pct":0},"functions":{"total":0,"covered":0,"skipped":0,"pct":100},"statements":{"total":1,"covered":0,"skipped":0,"pct":0},"branches":{"total":0,"covered":0,"skipped":0,"pct":100}}
,"/home/runner/work/stacks-wallet-web/stacks-wallet-web/src/components/toast/index.tsx": {"lines":{"total":5,"covered":0,"skipped":0,"pct":0},"functions":{"total":1,"covered":0,"skipped":0,"pct":0},"statements":{"total":6,"covered":0,"skipped":0,"pct":0},"branches":{"total":7,"covered":0,"skipped":0,"pct":0}}
,"/home/runner/work/stacks-wallet-web/stacks-wallet-web/src/components/vector/index.tsx": {"lines":{"total":17,"covered":0,"skipped":0,"pct":0},"functions":{"total":6,"covered":0,"skipped":0,"pct":0},"statements":{"total":22,"covered":0,"skipped":0,"pct":0},"branches":{"total":2,"covered":0,"skipped":0,"pct":0}}
,"/home/runner/work/stacks-wallet-web/stacks-wallet-web/src/components/vector/no-activity.tsx": {"lines":{"total":3,"covered":0,"skipped":0,"pct":0},"functions":{"total":1,"covered":0,"skipped":0,"pct":0},"statements":{"total":3,"covered":0,"skipped":0,"pct":0},"branches":{"total":0,"covered":0,"skipped":0,"pct":100}}
,"/home/runner/work/stacks-wallet-web/stacks-wallet-web/src/components/vector/no-assets.tsx": {"lines":{"total":4,"covered":0,"skipped":0,"pct":0},"functions":{"total":1,"covered":0,"skipped":0,"pct":0},"statements":{"total":5,"covered":0,"skipped":0,"pct":0},"branches":{"total":0,"covered":0,"skipped":0,"pct":100}}
,"/home/runner/work/stacks-wallet-web/stacks-wallet-web/src/content-scripts/content-script.ts": {"lines":{"total":28,"covered":0,"skipped":0,"pct":0},"functions":{"total":6,"covered":0,"skipped":0,"pct":0},"statements":{"total":28,"covered":0,"skipped":0,"pct":0},"branches":{"total":10,"covered":0,"skipped":0,"pct":0}}
,"/home/runner/work/stacks-wallet-web/stacks-wallet-web/src/content-scripts/message-types.ts": {"lines":{"total":17,"covered":17,"skipped":0,"pct":100},"functions":{"total":2,"covered":2,"skipped":0,"pct":100},"statements":{"total":17,"covered":17,"skipped":0,"pct":100},"branches":{"total":4,"covered":4,"skipped":0,"pct":100}}
,"/home/runner/work/stacks-wallet-web/stacks-wallet-web/src/inpage/inpage-types.ts": {"lines":{"total":3,"covered":0,"skipped":0,"pct":0},"functions":{"total":1,"covered":0,"skipped":0,"pct":0},"statements":{"total":3,"covered":0,"skipped":0,"pct":0},"branches":{"total":2,"covered":0,"skipped":0,"pct":0}}
,"/home/runner/work/stacks-wallet-web/stacks-wallet-web/src/inpage/inpage.ts": {"lines":{"total":49,"covered":0,"skipped":0,"pct":0},"functions":{"total":13,"covered":0,"skipped":0,"pct":0},"statements":{"total":53,"covered":0,"skipped":0,"pct":0},"branches":{"total":30,"covered":0,"skipped":0,"pct":0}}
,"/home/runner/work/stacks-wallet-web/stacks-wallet-web/src/pages/choose-account.tsx": {"lines":{"total":22,"covered":0,"skipped":0,"pct":0},"functions":{"total":4,"covered":0,"skipped":0,"pct":0},"statements":{"total":23,"covered":0,"skipped":0,"pct":0},"branches":{"total":2,"covered":0,"skipped":0,"pct":0}}
,"/home/runner/work/stacks-wallet-web/stacks-wallet-web/src/pages/home.tsx": {"lines":{"total":11,"covered":0,"skipped":0,"pct":0},"functions":{"total":2,"covered":0,"skipped":0,"pct":0},"statements":{"total":12,"covered":0,"skipped":0,"pct":0},"branches":{"total":0,"covered":0,"skipped":0,"pct":100}}
,"/home/runner/work/stacks-wallet-web/stacks-wallet-web/src/pages/registery-error.tsx": {"lines":{"total":10,"covered":0,"skipped":0,"pct":0},"functions":{"total":3,"covered":0,"skipped":0,"pct":0},"statements":{"total":11,"covered":0,"skipped":0,"pct":0},"branches":{"total":2,"covered":0,"skipped":0,"pct":0}}
,"/home/runner/work/stacks-wallet-web/stacks-wallet-web/src/pages/set-password.tsx": {"lines":{"total":49,"covered":0,"skipped":0,"pct":0},"functions":{"total":5,"covered":0,"skipped":0,"pct":0},"statements":{"total":54,"covered":0,"skipped":0,"pct":0},"branches":{"total":29,"covered":0,"skipped":0,"pct":0}}
,"/home/runner/work/stacks-wallet-web/stacks-wallet-web/src/pages/username.tsx": {"lines":{"total":23,"covered":0,"skipped":0,"pct":0},"functions":{"total":3,"covered":0,"skipped":0,"pct":0},"statements":{"total":24,"covered":0,"skipped":0,"pct":0},"branches":{"total":6,"covered":0,"skipped":0,"pct":0}}
,"/home/runner/work/stacks-wallet-web/stacks-wallet-web/src/pages/add-network/add-network.tsx": {"lines":{"total":41,"covered":0,"skipped":0,"pct":0},"functions":{"total":5,"covered":0,"skipped":0,"pct":0},"statements":{"total":42,"covered":0,"skipped":0,"pct":0},"branches":{"total":18,"covered":0,"skipped":0,"pct":0}}
,"/home/runner/work/stacks-wallet-web/stacks-wallet-web/src/pages/install/index.tsx": {"lines":{"total":24,"covered":0,"skipped":0,"pct":0},"functions":{"total":4,"covered":0,"skipped":0,"pct":0},"statements":{"total":24,"covered":0,"skipped":0,"pct":0},"branches":{"total":2,"covered":0,"skipped":0,"pct":0}}
,"/home/runner/work/stacks-wallet-web/stacks-wallet-web/src/pages/install/magic-recovery-code.tsx": {"lines":{"total":15,"covered":0,"skipped":0,"pct":0},"functions":{"total":2,"covered":0,"skipped":0,"pct":0},"statements":{"total":15,"covered":0,"skipped":0,"pct":0},"branches":{"total":4,"covered":0,"skipped":0,"pct":0}}
,"/home/runner/work/stacks-wallet-web/stacks-wallet-web/src/pages/install/sign-in.tsx": {"lines":{"total":10,"covered":0,"skipped":0,"pct":0},"functions":{"total":1,"covered":0,"skipped":0,"pct":0},"statements":{"total":11,"covered":0,"skipped":0,"pct":0},"branches":{"total":2,"covered":0,"skipped":0,"pct":0}}
,"/home/runner/work/stacks-wallet-web/stacks-wallet-web/src/pages/receive-tokens/receive-tokens.tsx": {"lines":{"total":25,"covered":0,"skipped":0,"pct":0},"functions":{"total":4,"covered":0,"skipped":0,"pct":0},"statements":{"total":26,"covered":0,"skipped":0,"pct":0},"branches":{"total":4,"covered":0,"skipped":0,"pct":0}}
,"/home/runner/work/stacks-wallet-web/stacks-wallet-web/src/pages/send-tokens/send-tokens.tsx": {"lines":{"total":50,"covered":0,"skipped":0,"pct":0},"functions":{"total":9,"covered":0,"skipped":0,"pct":0},"statements":{"total":51,"covered":0,"skipped":0,"pct":0},"branches":{"total":29,"covered":0,"skipped":0,"pct":0}}
,"/home/runner/work/stacks-wallet-web/stacks-wallet-web/src/pages/send-tokens/components/amount-field.tsx": {"lines":{"total":18,"covered":0,"skipped":0,"pct":0},"functions":{"total":2,"covered":0,"skipped":0,"pct":0},"statements":{"total":18,"covered":0,"skipped":0,"pct":0},"branches":{"total":16,"covered":0,"skipped":0,"pct":0}}
,"/home/runner/work/stacks-wallet-web/stacks-wallet-web/src/pages/send-tokens/components/fee-fetcher.tsx": {"lines":{"total":4,"covered":0,"skipped":0,"pct":0},"functions":{"total":1,"covered":0,"skipped":0,"pct":0},"statements":{"total":4,"covered":0,"skipped":0,"pct":0},"branches":{"total":0,"covered":0,"skipped":0,"pct":100}}
,"/home/runner/work/stacks-wallet-web/stacks-wallet-web/src/pages/send-tokens/components/memo-field.tsx": {"lines":{"total":5,"covered":0,"skipped":0,"pct":0},"functions":{"total":1,"covered":0,"skipped":0,"pct":0},"statements":{"total":5,"covered":0,"skipped":0,"pct":0},"branches":{"total":2,"covered":0,"skipped":0,"pct":0}}
,"/home/runner/work/stacks-wallet-web/stacks-wallet-web/src/pages/send-tokens/components/recipient-field.tsx": {"lines":{"total":5,"covered":0,"skipped":0,"pct":0},"functions":{"total":1,"covered":0,"skipped":0,"pct":0},"statements":{"total":5,"covered":0,"skipped":0,"pct":0},"branches":{"total":2,"covered":0,"skipped":0,"pct":0}}
,"/home/runner/work/stacks-wallet-web/stacks-wallet-web/src/pages/send-tokens/components/send-max-button.tsx": {"lines":{"total":10,"covered":0,"skipped":0,"pct":0},"functions":{"total":5,"covered":0,"skipped":0,"pct":0},"statements":{"total":11,"covered":0,"skipped":0,"pct":0},"branches":{"total":2,"covered":0,"skipped":0,"pct":0}}
,"/home/runner/work/stacks-wallet-web/stacks-wallet-web/src/pages/send-tokens/hooks/use-fee-with-default.tsx": {"lines":{"total":4,"covered":0,"skipped":0,"pct":0},"functions":{"total":1,"covered":0,"skipped":0,"pct":0},"statements":{"total":4,"covered":0,"skipped":0,"pct":0},"branches":{"total":4,"covered":0,"skipped":0,"pct":0}}
,"/home/runner/work/stacks-wallet-web/stacks-wallet-web/src/pages/send-tokens/hooks/use-send-form-validation.ts": {"lines":{"total":33,"covered":0,"skipped":0,"pct":0},"functions":{"total":2,"covered":0,"skipped":0,"pct":0},"statements":{"total":34,"covered":0,"skipped":0,"pct":0},"branches":{"total":18,"covered":0,"skipped":0,"pct":0}}
,"/home/runner/work/stacks-wallet-web/stacks-wallet-web/src/pages/send-tokens/hooks/use-send-form.ts": {"lines":{"total":44,"covered":0,"skipped":0,"pct":0},"functions":{"total":6,"covered":0,"skipped":0,"pct":0},"statements":{"total":47,"covered":0,"skipped":0,"pct":0},"branches":{"total":80,"covered":0,"skipped":0,"pct":0}}
,"/home/runner/work/stacks-wallet-web/stacks-wallet-web/src/pages/sign-up/create.tsx": {"lines":{"total":39,"covered":0,"skipped":0,"pct":0},"functions":{"total":13,"covered":0,"skipped":0,"pct":0},"statements":{"total":43,"covered":0,"skipped":0,"pct":0},"branches":{"total":2,"covered":0,"skipped":0,"pct":0}}
,"/home/runner/work/stacks-wallet-web/stacks-wallet-web/src/pages/sign-up/save-key.tsx": {"lines":{"total":17,"covered":0,"skipped":0,"pct":0},"functions":{"total":3,"covered":0,"skipped":0,"pct":0},"statements":{"total":18,"covered":0,"skipped":0,"pct":0},"branches":{"total":0,"covered":0,"skipped":0,"pct":100}}
,"/home/runner/work/stacks-wallet-web/stacks-wallet-web/src/pages/transaction-signing/transaction-signing.tsx": {"lines":{"total":16,"covered":0,"skipped":0,"pct":0},"functions":{"total":1,"covered":0,"skipped":0,"pct":0},"statements":{"total":17,"covered":0,"skipped":0,"pct":0},"branches":{"total":8,"covered":0,"skipped":0,"pct":0}}
,"/home/runner/work/stacks-wallet-web/stacks-wallet-web/src/pages/transaction-signing/components/actions.tsx": {"lines":{"total":52,"covered":0,"skipped":0,"pct":0},"functions":{"total":11,"covered":0,"skipped":0,"pct":0},"statements":{"total":54,"covered":0,"skipped":0,"pct":0},"branches":{"total":10,"covered":0,"skipped":0,"pct":0}}
,"/home/runner/work/stacks-wallet-web/stacks-wallet-web/src/pages/transaction-signing/components/asset-item.tsx": {"lines":{"total":7,"covered":0,"skipped":0,"pct":0},"functions":{"total":1,"covered":0,"skipped":0,"pct":0},"statements":{"total":7,"covered":0,"skipped":0,"pct":0},"branches":{"total":0,"covered":0,"skipped":0,"pct":100}}
,"/home/runner/work/stacks-wallet-web/stacks-wallet-web/src/pages/transaction-signing/components/attachment-row.tsx": {"lines":{"total":7,"covered":0,"skipped":0,"pct":0},"functions":{"total":1,"covered":0,"skipped":0,"pct":0},"statements":{"total":8,"covered":0,"skipped":0,"pct":0},"branches":{"total":6,"covered":0,"skipped":0,"pct":0}}
,"/home/runner/work/stacks-wallet-web/stacks-wallet-web/src/pages/transaction-signing/components/contract-call-details.tsx": {"lines":{"total":42,"covered":0,"skipped":0,"pct":0},"functions":{"total":10,"covered":0,"skipped":0,"pct":0},"statements":{"total":45,"covered":0,"skipped":0,"pct":0},"branches":{"total":18,"covered":0,"skipped":0,"pct":0}}
,"/home/runner/work/stacks-wallet-web/stacks-wallet-web/src/pages/transaction-signing/components/contract-deploy-details.tsx": {"lines":{"total":25,"covered":0,"skipped":0,"pct":0},"functions":{"total":5,"covered":0,"skipped":0,"pct":0},"statements":{"total":26,"covered":0,"skipped":0,"pct":0},"branches":{"total":22,"covered":0,"skipped":0,"pct":0}}
,"/home/runner/work/stacks-wallet-web/stacks-wallet-web/src/pages/transaction-signing/components/contract-preview.tsx": {"lines":{"total":6,"covered":0,"skipped":0,"pct":0},"functions":{"total":1,"covered":0,"skipped":0,"pct":0},"statements":{"total":6,"covered":0,"skipped":0,"pct":0},"branches":{"total":10,"covered":0,"skipped":0,"pct":0}}
,"/home/runner/work/stacks-wallet-web/stacks-wallet-web/src/pages/transaction-signing/components/error.tsx": {"lines":{"total":9,"covered":0,"skipped":0,"pct":0},"functions":{"total":4,"covered":0,"skipped":0,"pct":0},"statements":{"total":9,"covered":0,"skipped":0,"pct":0},"branches":{"total":6,"covered":0,"skipped":0,"pct":0}}
,"/home/runner/work/stacks-wallet-web/stacks-wallet-web/src/pages/transaction-signing/components/event-card.tsx": {"lines":{"total":8,"covered":0,"skipped":0,"pct":0},"functions":{"total":1,"covered":0,"skipped":0,"pct":0},"statements":{"total":9,"covered":0,"skipped":0,"pct":0},"branches":{"total":14,"covered":0,"skipped":0,"pct":0}}
,"/home/runner/work/stacks-wallet-web/stacks-wallet-web/src/pages/transaction-signing/components/fee.tsx": {"lines":{"total":7,"covered":0,"skipped":0,"pct":0},"functions":{"total":1,"covered":0,"skipped":0,"pct":0},"statements":{"total":9,"covered":0,"skipped":0,"pct":0},"branches":{"total":4,"covered":0,"skipped":0,"pct":0}}
,"/home/runner/work/stacks-wallet-web/stacks-wallet-web/src/pages/transaction-signing/components/popup-header.tsx": {"lines":{"total":18,"covered":0,"skipped":0,"pct":0},"functions":{"total":4,"covered":0,"skipped":0,"pct":0},"statements":{"total":19,"covered":0,"skipped":0,"pct":0},"branches":{"total":6,"covered":0,"skipped":0,"pct":0}}
,"/home/runner/work/stacks-wallet-web/stacks-wallet-web/src/pages/transaction-signing/components/row-item.tsx": {"lines":{"total":12,"covered":0,"skipped":0,"pct":0},"functions":{"total":3,"covered":0,"skipped":0,"pct":0},"statements":{"total":12,"covered":0,"skipped":0,"pct":0},"branches":{"total":10,"covered":0,"skipped":0,"pct":0}}
,"/home/runner/work/stacks-wallet-web/stacks-wallet-web/src/pages/transaction-signing/components/stx-transfer-details.tsx": {"lines":{"total":12,"covered":0,"skipped":0,"pct":0},"functions":{"total":1,"covered":0,"skipped":0,"pct":0},"statements":{"total":13,"covered":0,"skipped":0,"pct":0},"branches":{"total":8,"covered":0,"skipped":0,"pct":0}}
,"/home/runner/work/stacks-wallet-web/stacks-wallet-web/src/pages/transaction-signing/components/transaction-error.tsx": {"lines":{"total":24,"covered":0,"skipped":0,"pct":0},"functions":{"total":3,"covered":0,"skipped":0,"pct":0},"statements":{"total":25,"covered":0,"skipped":0,"pct":0},"branches":{"total":11,"covered":0,"skipped":0,"pct":0}}
,"/home/runner/work/stacks-wallet-web/stacks-wallet-web/src/pages/transaction-signing/components/transaction-errors.tsx": {"lines":{"total":50,"covered":0,"skipped":0,"pct":0},"functions":{"total":12,"covered":0,"skipped":0,"pct":0},"statements":{"total":51,"covered":0,"skipped":0,"pct":0},"branches":{"total":40,"covered":0,"skipped":0,"pct":0}}
,"/home/runner/work/stacks-wallet-web/stacks-wallet-web/src/pages/transaction-signing/components/transaction-page-top.tsx": {"lines":{"total":19,"covered":0,"skipped":0,"pct":0},"functions":{"total":1,"covered":0,"skipped":0,"pct":0},"statements":{"total":20,"covered":0,"skipped":0,"pct":0},"branches":{"total":18,"covered":0,"skipped":0,"pct":0}}
,"/home/runner/work/stacks-wallet-web/stacks-wallet-web/src/pages/transaction-signing/components/post-conditions/list.tsx": {"lines":{"total":31,"covered":0,"skipped":0,"pct":0},"functions":{"total":7,"covered":0,"skipped":0,"pct":0},"statements":{"total":34,"covered":0,"skipped":0,"pct":0},"branches":{"total":30,"covered":0,"skipped":0,"pct":0}}
,"/home/runner/work/stacks-wallet-web/stacks-wallet-web/src/pages/transaction-signing/components/post-conditions/single.tsx": {"lines":{"total":42,"covered":0,"skipped":0,"pct":0},"functions":{"total":3,"covered":0,"skipped":0,"pct":0},"statements":{"total":47,"covered":0,"skipped":0,"pct":0},"branches":{"total":82,"covered":0,"skipped":0,"pct":0}}
,"/home/runner/work/stacks-wallet-web/stacks-wallet-web/src/pages/transaction-signing/hooks/use-asset-transfer.ts": {"lines":{"total":28,"covered":0,"skipped":0,"pct":0},"functions":{"total":4,"covered":0,"skipped":0,"pct":0},"statements":{"total":29,"covered":0,"skipped":0,"pct":0},"branches":{"total":30,"covered":0,"skipped":0,"pct":0}}
,"/home/runner/work/stacks-wallet-web/stacks-wallet-web/src/pages/transaction-signing/hooks/use-edit-postconditions.ts": {"lines":{"total":36,"covered":0,"skipped":0,"pct":0},"functions":{"total":5,"covered":0,"skipped":0,"pct":0},"statements":{"total":36,"covered":0,"skipped":0,"pct":0},"branches":{"total":24,"covered":0,"skipped":0,"pct":0}}
,"/home/runner/work/stacks-wallet-web/stacks-wallet-web/src/pages/transaction-signing/hooks/use-make-stx-transfer.ts": {"lines":{"total":32,"covered":0,"skipped":0,"pct":0},"functions":{"total":5,"covered":0,"skipped":0,"pct":0},"statements":{"total":35,"covered":0,"skipped":0,"pct":0},"branches":{"total":20,"covered":0,"skipped":0,"pct":0}}
,"/home/runner/work/stacks-wallet-web/stacks-wallet-web/src/pages/transaction-signing/hooks/use-pending-transaction.ts": {"lines":{"total":4,"covered":0,"skipped":0,"pct":0},"functions":{"total":1,"covered":0,"skipped":0,"pct":0},"statements":{"total":4,"covered":0,"skipped":0,"pct":0},"branches":{"total":0,"covered":0,"skipped":0,"pct":100}}
,"/home/runner/work/stacks-wallet-web/stacks-wallet-web/src/pages/transaction-signing/hooks/use-submit-stx-transaction.ts": {"lines":{"total":40,"covered":0,"skipped":0,"pct":0},"functions":{"total":3,"covered":0,"skipped":0,"pct":0},"statements":{"total":41,"covered":0,"skipped":0,"pct":0},"branches":{"total":15,"covered":0,"skipped":0,"pct":0}}
,"/home/runner/work/stacks-wallet-web/stacks-wallet-web/src/pages/transaction-signing/hooks/use-transaction-broadcast.ts": {"lines":{"total":23,"covered":0,"skipped":0,"pct":0},"functions":{"total":2,"covered":0,"skipped":0,"pct":0},"statements":{"total":23,"covered":0,"skipped":0,"pct":0},"branches":{"total":7,"covered":0,"skipped":0,"pct":0}}
,"/home/runner/work/stacks-wallet-web/stacks-wallet-web/src/pages/transaction-signing/hooks/use-transaction-error.ts": {"lines":{"total":43,"covered":0,"skipped":0,"pct":0},"functions":{"total":2,"covered":0,"skipped":0,"pct":0},"statements":{"total":49,"covered":0,"skipped":0,"pct":0},"branches":{"total":32,"covered":0,"skipped":0,"pct":0}}
,"/home/runner/work/stacks-wallet-web/stacks-wallet-web/src/pages/transaction-signing/hooks/use-transaction-fee.ts": {"lines":{"total":6,"covered":0,"skipped":0,"pct":0},"functions":{"total":1,"covered":0,"skipped":0,"pct":0},"statements":{"total":6,"covered":0,"skipped":0,"pct":0},"branches":{"total":0,"covered":0,"skipped":0,"pct":100}}
,"/home/runner/work/stacks-wallet-web/stacks-wallet-web/src/pages/transaction-signing/hooks/use-transaction-page-title.ts": {"lines":{"total":13,"covered":0,"skipped":0,"pct":0},"functions":{"total":2,"covered":0,"skipped":0,"pct":0},"statements":{"total":16,"covered":0,"skipped":0,"pct":0},"branches":{"total":16,"covered":0,"skipped":0,"pct":0}}
,"/home/runner/work/stacks-wallet-web/stacks-wallet-web/src/pages/transaction-signing/hooks/use-transaction.ts": {"lines":{"total":13,"covered":0,"skipped":0,"pct":0},"functions":{"total":5,"covered":0,"skipped":0,"pct":0},"statements":{"total":13,"covered":0,"skipped":0,"pct":0},"branches":{"total":0,"covered":0,"skipped":0,"pct":100}}
,"/home/runner/work/stacks-wallet-web/stacks-wallet-web/src/store/contracts.ts": {"lines":{"total":43,"covered":14,"skipped":0,"pct":32.56},"functions":{"total":7,"covered":1,"skipped":0,"pct":14.29},"statements":{"total":45,"covered":14,"skipped":0,"pct":31.11},"branches":{"total":6,"covered":2,"skipped":0,"pct":33.33}}
,"/home/runner/work/stacks-wallet-web/stacks-wallet-web/src/store/networks.ts": {"lines":{"total":43,"covered":24,"skipped":0,"pct":55.81},"functions":{"total":7,"covered":0,"skipped":0,"pct":0},"statements":{"total":46,"covered":24,"skipped":0,"pct":52.17},"branches":{"total":24,"covered":0,"skipped":0,"pct":0}}
,"/home/runner/work/stacks-wallet-web/stacks-wallet-web/src/store/onboarding.ts": {"lines":{"total":23,"covered":0,"skipped":0,"pct":0},"functions":{"total":4,"covered":0,"skipped":0,"pct":0},"statements":{"total":27,"covered":0,"skipped":0,"pct":0},"branches":{"total":0,"covered":0,"skipped":0,"pct":100}}
,"/home/runner/work/stacks-wallet-web/stacks-wallet-web/src/store/query.ts": {"lines":{"total":25,"covered":8,"skipped":0,"pct":32},"functions":{"total":9,"covered":1,"skipped":0,"pct":11.11},"statements":{"total":27,"covered":10,"skipped":0,"pct":37.04},"branches":{"total":4,"covered":2,"skipped":0,"pct":50}}
,"/home/runner/work/stacks-wallet-web/stacks-wallet-web/src/store/ui.ts": {"lines":{"total":22,"covered":0,"skipped":0,"pct":0},"functions":{"total":3,"covered":0,"skipped":0,"pct":0},"statements":{"total":22,"covered":0,"skipped":0,"pct":0},"branches":{"total":2,"covered":0,"skipped":0,"pct":0}}
,"/home/runner/work/stacks-wallet-web/stacks-wallet-web/src/store/wallet.ts": {"lines":{"total":22,"covered":18,"skipped":0,"pct":81.82},"functions":{"total":1,"covered":0,"skipped":0,"pct":0},"statements":{"total":23,"covered":18,"skipped":0,"pct":78.26},"branches":{"total":2,"covered":0,"skipped":0,"pct":0}}
,"/home/runner/work/stacks-wallet-web/stacks-wallet-web/src/store/accounts/index.ts": {"lines":{"total":85,"covered":41,"skipped":0,"pct":48.24},"functions":{"total":17,"covered":1,"skipped":0,"pct":5.88},"statements":{"total":94,"covered":41,"skipped":0,"pct":43.62},"branches":{"total":58,"covered":2,"skipped":0,"pct":3.45}}
,"/home/runner/work/stacks-wallet-web/stacks-wallet-web/src/store/accounts/names.ts": {"lines":{"total":32,"covered":0,"skipped":0,"pct":0},"functions":{"total":7,"covered":0,"skipped":0,"pct":0},"statements":{"total":36,"covered":0,"skipped":0,"pct":0},"branches":{"total":16,"covered":0,"skipped":0,"pct":0}}
,"/home/runner/work/stacks-wallet-web/stacks-wallet-web/src/store/accounts/nonce.ts": {"lines":{"total":33,"covered":9,"skipped":0,"pct":27.27},"functions":{"total":6,"covered":0,"skipped":0,"pct":0},"statements":{"total":35,"covered":9,"skipped":0,"pct":25.71},"branches":{"total":99,"covered":0,"skipped":0,"pct":0}}
,"/home/runner/work/stacks-wallet-web/stacks-wallet-web/src/store/assets/asset-search.ts": {"lines":{"total":15,"covered":0,"skipped":0,"pct":0},"functions":{"total":3,"covered":0,"skipped":0,"pct":0},"statements":{"total":16,"covered":0,"skipped":0,"pct":0},"branches":{"total":4,"covered":0,"skipped":0,"pct":0}}
,"/home/runner/work/stacks-wallet-web/stacks-wallet-web/src/store/assets/fungible-tokens.ts": {"lines":{"total":46,"covered":15,"skipped":0,"pct":32.61},"functions":{"total":7,"covered":1,"skipped":0,"pct":14.29},"statements":{"total":49,"covered":15,"skipped":0,"pct":30.61},"branches":{"total":15,"covered":2,"skipped":0,"pct":13.33}}
,"/home/runner/work/stacks-wallet-web/stacks-wallet-web/src/store/assets/tokens.ts": {"lines":{"total":52,"covered":23,"skipped":0,"pct":44.23},"functions":{"total":13,"covered":0,"skipped":0,"pct":0},"statements":{"total":57,"covered":23,"skipped":0,"pct":40.35},"branches":{"total":29,"covered":0,"skipped":0,"pct":0}}
,"/home/runner/work/stacks-wallet-web/stacks-wallet-web/src/store/assets/utils.ts": {"lines":{"total":60,"covered":11,"skipped":0,"pct":18.33},"functions":{"total":14,"covered":0,"skipped":0,"pct":0},"statements":{"total":68,"covered":12,"skipped":0,"pct":17.65},"branches":{"total":15,"covered":0,"skipped":0,"pct":0}}
,"/home/runner/work/stacks-wallet-web/stacks-wallet-web/src/store/common/api-clients.ts": {"lines":{"total":22,"covered":10,"skipped":0,"pct":45.45},"functions":{"total":6,"covered":0,"skipped":0,"pct":0},"statements":{"total":22,"covered":10,"skipped":0,"pct":45.45},"branches":{"total":0,"covered":0,"skipped":0,"pct":100}}
,"/home/runner/work/stacks-wallet-web/stacks-wallet-web/src/store/common/api-request.ts": {"lines":{"total":4,"covered":0,"skipped":0,"pct":0},"functions":{"total":1,"covered":0,"skipped":0,"pct":0},"statements":{"total":4,"covered":0,"skipped":0,"pct":0},"branches":{"total":0,"covered":0,"skipped":0,"pct":100}}
,"/home/runner/work/stacks-wallet-web/stacks-wallet-web/src/store/common/constants.ts": {"lines":{"total":1,"covered":0,"skipped":0,"pct":0},"functions":{"total":0,"covered":0,"skipped":0,"pct":100},"statements":{"total":1,"covered":0,"skipped":0,"pct":0},"branches":{"total":0,"covered":0,"skipped":0,"pct":100}}
,"/home/runner/work/stacks-wallet-web/stacks-wallet-web/src/store/common/types.ts": {"lines":{"total":43,"covered":0,"skipped":0,"pct":0},"functions":{"total":2,"covered":0,"skipped":0,"pct":0},"statements":{"total":43,"covered":0,"skipped":0,"pct":0},"branches":{"total":4,"covered":0,"skipped":0,"pct":0}}
,"/home/runner/work/stacks-wallet-web/stacks-wallet-web/src/store/common/utils.ts": {"lines":{"total":21,"covered":7,"skipped":0,"pct":33.33},"functions":{"total":6,"covered":0,"skipped":0,"pct":0},"statements":{"total":23,"covered":7,"skipped":0,"pct":30.43},"branches":{"total":2,"covered":0,"skipped":0,"pct":0}}
,"/home/runner/work/stacks-wallet-web/stacks-wallet-web/src/store/transactions/contract-call.ts": {"lines":{"total":30,"covered":0,"skipped":0,"pct":0},"functions":{"total":4,"covered":0,"skipped":0,"pct":0},"statements":{"total":34,"covered":0,"skipped":0,"pct":0},"branches":{"total":21,"covered":0,"skipped":0,"pct":0}}
,"/home/runner/work/stacks-wallet-web/stacks-wallet-web/src/store/transactions/fungible-token-transfer.ts": {"lines":{"total":13,"covered":0,"skipped":0,"pct":0},"functions":{"total":1,"covered":0,"skipped":0,"pct":0},"statements":{"total":13,"covered":0,"skipped":0,"pct":0},"branches":{"total":5,"covered":0,"skipped":0,"pct":0}}
,"/home/runner/work/stacks-wallet-web/stacks-wallet-web/src/store/transactions/index.ts": {"lines":{"total":49,"covered":28,"skipped":0,"pct":57.14},"functions":{"total":8,"covered":0,"skipped":0,"pct":0},"statements":{"total":54,"covered":28,"skipped":0,"pct":51.85},"branches":{"total":62,"covered":0,"skipped":0,"pct":0}}
,"/home/runner/work/stacks-wallet-web/stacks-wallet-web/src/store/transactions/requests.ts": {"lines":{"total":33,"covered":18,"skipped":0,"pct":54.55},"functions":{"total":5,"covered":0,"skipped":0,"pct":0},"statements":{"total":36,"covered":18,"skipped":0,"pct":50},"branches":{"total":17,"covered":0,"skipped":0,"pct":0}}
,"/home/runner/work/stacks-wallet-web/stacks-wallet-web/src/store/transactions/utils.ts": {"lines":{"total":13,"covered":3,"skipped":0,"pct":23.08},"functions":{"total":1,"covered":0,"skipped":0,"pct":0},"statements":{"total":14,"covered":3,"skipped":0,"pct":21.43},"branches":{"total":8,"covered":0,"skipped":0,"pct":0}}
}
