{"/home/runner/work/wallet/wallet/src/app/common/date-utils.ts": {"path":"/home/runner/work/wallet/wallet/src/app/common/date-utils.ts","statementMap":{"0":{"start":{"line":8,"column":0},"end":{"line":8,"column":null}},"1":{"start":{"line":9,"column":0},"end":{"line":9,"column":null}},"2":{"start":{"line":10,"column":0},"end":{"line":10,"column":null}},"3":{"start":{"line":11,"column":0},"end":{"line":11,"column":null}},"4":{"start":{"line":12,"column":0},"end":{"line":12,"column":null}},"5":{"start":{"line":15,"column":2},"end":{"line":15,"column":null}},"6":{"start":{"line":20,"column":2},"end":{"line":20,"column":null}},"7":{"start":{"line":25,"column":15},"end":{"line":25,"column":null}},"8":{"start":{"line":26,"column":2},"end":{"line":26,"column":null}},"9":{"start":{"line":26,"column":22},"end":{"line":26,"column":null}},"10":{"start":{"line":27,"column":2},"end":{"line":27,"column":null}},"11":{"start":{"line":27,"column":26},"end":{"line":27,"column":null}},"12":{"start":{"line":28,"column":2},"end":{"line":30,"column":null}},"13":{"start":{"line":29,"column":4},"end":{"line":29,"column":null}},"14":{"start":{"line":31,"column":2},"end":{"line":31,"column":null}},"15":{"start":{"line":35,"column":2},"end":{"line":39,"column":null}},"16":{"start":{"line":36,"column":4},"end":{"line":36,"column":null}},"17":{"start":{"line":38,"column":4},"end":{"line":38,"column":null}}},"fnMap":{"0":{"name":"todaysIsoDate","decl":{"start":{"line":14,"column":16},"end":{"line":14,"column":32}},"loc":{"start":{"line":14,"column":32},"end":{"line":16,"column":null}}},"1":{"name":"isoDateToLocalDate","decl":{"start":{"line":19,"column":16},"end":{"line":19,"column":35}},"loc":{"start":{"line":19,"column":60},"end":{"line":21,"column":null}}},"2":{"name":"displayDate","decl":{"start":{"line":24,"column":16},"end":{"line":24,"column":28}},"loc":{"start":{"line":24,"column":52},"end":{"line":32,"column":null}}},"3":{"name":"isoDateToLocalDateSafe","decl":{"start":{"line":34,"column":16},"end":{"line":34,"column":39}},"loc":{"start":{"line":34,"column":56},"end":{"line":40,"column":null}}}},"branchMap":{"0":{"loc":{"start":{"line":26,"column":2},"end":{"line":26,"column":null}},"type":"if","locations":[{"start":{"line":26,"column":2},"end":{"line":26,"column":null}},{"start":{"line":26,"column":2},"end":{"line":26,"column":null}}]},"1":{"loc":{"start":{"line":27,"column":2},"end":{"line":27,"column":null}},"type":"if","locations":[{"start":{"line":27,"column":2},"end":{"line":27,"column":null}},{"start":{"line":27,"column":2},"end":{"line":27,"column":null}}]},"2":{"loc":{"start":{"line":28,"column":2},"end":{"line":30,"column":null}},"type":"if","locations":[{"start":{"line":28,"column":2},"end":{"line":30,"column":null}},{"start":{"line":28,"column":2},"end":{"line":30,"column":null}}]}},"s":{"0":2,"1":2,"2":2,"3":2,"4":2,"5":0,"6":11,"7":4,"8":4,"9":1,"10":3,"11":1,"12":2,"13":1,"14":1,"15":7,"16":7,"17":0},"f":{"0":0,"1":11,"2":4,"3":7},"b":{"0":[1,3],"1":[1,2],"2":[1,1]}}
,"/home/runner/work/wallet/wallet/src/app/common/initial-search-params.ts": {"path":"/home/runner/work/wallet/wallet/src/app/common/initial-search-params.ts","statementMap":{"0":{"start":{"line":1,"column":35},"end":{"line":1,"column":null}},"1":{"start":{"line":3,"column":20},"end":{"line":3,"column":null}},"2":{"start":{"line":4,"column":22},"end":{"line":4,"column":null}}},"fnMap":{},"branchMap":{},"s":{"0":2,"1":2,"2":2},"f":{},"b":{}}
,"/home/runner/work/wallet/wallet/src/app/common/stacks-utils.ts": {"path":"/home/runner/work/wallet/wallet/src/app/common/stacks-utils.ts","statementMap":{"0":{"start":{"line":12,"column":27},"end":{"line":32,"column":null}},"1":{"start":{"line":23,"column":17},"end":{"line":23,"column":null}},"2":{"start":{"line":24,"column":20},"end":{"line":24,"column":null}},"3":{"start":{"line":25,"column":2},"end":{"line":31,"column":null}},"4":{"start":{"line":34,"column":26},"end":{"line":40,"column":null}},"5":{"start":{"line":35,"column":17},"end":{"line":35,"column":null}},"6":{"start":{"line":36,"column":2},"end":{"line":39,"column":null}},"7":{"start":{"line":42,"column":33},"end":{"line":45,"column":null}},"8":{"start":{"line":43,"column":17},"end":{"line":43,"column":null}},"9":{"start":{"line":44,"column":2},"end":{"line":44,"column":null}},"10":{"start":{"line":47,"column":37},"end":{"line":54,"column":null}},"11":{"start":{"line":48,"column":2},"end":{"line":53,"column":null}},"12":{"start":{"line":49,"column":4},"end":{"line":49,"column":null}},"13":{"start":{"line":50,"column":4},"end":{"line":50,"column":null}},"14":{"start":{"line":52,"column":4},"end":{"line":52,"column":null}},"15":{"start":{"line":57,"column":17},"end":{"line":57,"column":null}},"16":{"start":{"line":58,"column":2},"end":{"line":65,"column":null}},"17":{"start":{"line":60,"column":6},"end":{"line":60,"column":null}},"18":{"start":{"line":62,"column":6},"end":{"line":62,"column":null}},"19":{"start":{"line":64,"column":6},"end":{"line":64,"column":null}}},"fnMap":{"0":{"name":"(anonymous_0)","decl":{"start":{"line":12,"column":27},"end":{"line":12,"column":28}},"loc":{"start":{"line":22,"column":6},"end":{"line":32,"column":null}}},"1":{"name":"(anonymous_1)","decl":{"start":{"line":34,"column":26},"end":{"line":34,"column":27}},"loc":{"start":{"line":34,"column":84},"end":{"line":40,"column":null}}},"2":{"name":"(anonymous_2)","decl":{"start":{"line":42,"column":33},"end":{"line":42,"column":34}},"loc":{"start":{"line":42,"column":91},"end":{"line":45,"column":null}}},"3":{"name":"(anonymous_3)","decl":{"start":{"line":47,"column":37},"end":{"line":47,"column":38}},"loc":{"start":{"line":47,"column":73},"end":{"line":54,"column":null}}},"4":{"name":"validateAddressChain","decl":{"start":{"line":56,"column":16},"end":{"line":56,"column":37}},"loc":{"start":{"line":56,"column":92},"end":{"line":66,"column":null}}}},"branchMap":{"0":{"loc":{"start":{"line":14,"column":2},"end":{"line":14,"column":null}},"type":"default-arg","locations":[{"start":{"line":14,"column":18},"end":{"line":14,"column":null}}]},"1":{"loc":{"start":{"line":15,"column":2},"end":{"line":15,"column":null}},"type":"default-arg","locations":[{"start":{"line":15,"column":15},"end":{"line":15,"column":null}}]},"2":{"loc":{"start":{"line":16,"column":2},"end":{"line":16,"column":null}},"type":"default-arg","locations":[{"start":{"line":16,"column":15},"end":{"line":16,"column":null}}]},"3":{"loc":{"start":{"line":26,"column":4},"end":{"line":30,"column":null}},"type":"cond-expr","locations":[{"start":{"line":27,"column":8},"end":{"line":27,"column":null}},{"start":{"line":28,"column":8},"end":{"line":30,"column":null}}]},"4":{"loc":{"start":{"line":26,"column":4},"end":{"line":26,"column":null}},"type":"binary-expr","locations":[{"start":{"line":26,"column":4},"end":{"line":26,"column":18}},{"start":{"line":26,"column":18},"end":{"line":26,"column":null}}]},"5":{"loc":{"start":{"line":29,"column":33},"end":{"line":29,"column":null}},"type":"cond-expr","locations":[{"start":{"line":29,"column":49},"end":{"line":29,"column":64}},{"start":{"line":29,"column":64},"end":{"line":29,"column":null}}]},"6":{"loc":{"start":{"line":31,"column":5},"end":{"line":31,"column":null}},"type":"cond-expr","locations":[{"start":{"line":31,"column":18},"end":{"line":31,"column":27}},{"start":{"line":31,"column":27},"end":{"line":31,"column":null}}]},"7":{"loc":{"start":{"line":58,"column":2},"end":{"line":65,"column":null}},"type":"switch","locations":[{"start":{"line":59,"column":4},"end":{"line":60,"column":null}},{"start":{"line":61,"column":4},"end":{"line":62,"column":null}},{"start":{"line":63,"column":4},"end":{"line":64,"column":null}}]},"8":{"loc":{"start":{"line":60,"column":13},"end":{"line":60,"column":null}},"type":"binary-expr","locations":[{"start":{"line":60,"column":13},"end":{"line":60,"column":32}},{"start":{"line":60,"column":32},"end":{"line":60,"column":null}}]},"9":{"loc":{"start":{"line":62,"column":13},"end":{"line":62,"column":null}},"type":"binary-expr","locations":[{"start":{"line":62,"column":13},"end":{"line":62,"column":32}},{"start":{"line":62,"column":32},"end":{"line":62,"column":null}}]}},"s":{"0":4,"1":4,"2":4,"3":4,"4":4,"5":0,"6":0,"7":4,"8":0,"9":0,"10":4,"11":0,"12":0,"13":0,"14":0,"15":0,"16":0,"17":0,"18":0,"19":0},"f":{"0":4,"1":0,"2":0,"3":0,"4":0},"b":{"0":[3],"1":[3],"2":[3],"3":[1,3],"4":[4,1],"5":[2,1],"6":[3,1],"7":[0,0,0],"8":[0,0],"9":[0,0]}}
,"/home/runner/work/wallet/wallet/src/app/common/string-utils.ts": {"path":"/home/runner/work/wallet/wallet/src/app/common/string-utils.ts","statementMap":{"0":{"start":{"line":2,"column":2},"end":{"line":2,"column":null}}},"fnMap":{"0":{"name":"convertUnicodeToAscii","decl":{"start":{"line":1,"column":16},"end":{"line":1,"column":38}},"loc":{"start":{"line":1,"column":51},"end":{"line":3,"column":null}}}},"branchMap":{},"s":{"0":18},"f":{"0":18},"b":{}}
,"/home/runner/work/wallet/wallet/src/app/common/utils.ts": {"path":"/home/runner/work/wallet/wallet/src/app/common/utils.ts","statementMap":{"0":{"start":{"line":17,"column":2},"end":{"line":17,"column":null}},"1":{"start":{"line":21,"column":17},"end":{"line":21,"column":null}},"2":{"start":{"line":22,"column":2},"end":{"line":24,"column":null}},"3":{"start":{"line":22,"column":15},"end":{"line":22,"column":26}},"4":{"start":{"line":23,"column":4},"end":{"line":23,"column":null}},"5":{"start":{"line":25,"column":2},"end":{"line":25,"column":null}},"6":{"start":{"line":29,"column":2},"end":{"line":29,"column":null}},"7":{"start":{"line":29,"column":43},"end":{"line":29,"column":68}},"8":{"start":{"line":33,"column":16},"end":{"line":33,"column":null}},"9":{"start":{"line":34,"column":16},"end":{"line":34,"column":null}},"10":{"start":{"line":35,"column":2},"end":{"line":42,"column":null}},"11":{"start":{"line":36,"column":4},"end":{"line":39,"column":null}},"12":{"start":{"line":37,"column":20},"end":{"line":37,"column":57}},"13":{"start":{"line":41,"column":4},"end":{"line":41,"column":null}},"14":{"start":{"line":46,"column":17},"end":{"line":46,"column":null}},"15":{"start":{"line":47,"column":2},"end":{"line":47,"column":null}},"16":{"start":{"line":51,"column":18},"end":{"line":51,"column":null}},"17":{"start":{"line":53,"column":25},"end":{"line":53,"column":null}},"18":{"start":{"line":54,"column":32},"end":{"line":54,"column":null}},"19":{"start":{"line":56,"column":2},"end":{"line":59,"column":null}},"20":{"start":{"line":58,"column":4},"end":{"line":58,"column":null}},"21":{"start":{"line":60,"column":2},"end":{"line":65,"column":null}},"22":{"start":{"line":61,"column":4},"end":{"line":64,"column":null}},"23":{"start":{"line":66,"column":2},"end":{"line":66,"column":null}},"24":{"start":{"line":81,"column":2},"end":{"line":88,"column":null}},"25":{"start":{"line":83,"column":6},"end":{"line":83,"column":null}},"26":{"start":{"line":85,"column":6},"end":{"line":85,"column":null}},"27":{"start":{"line":87,"column":6},"end":{"line":87,"column":null}},"28":{"start":{"line":92,"column":2},"end":{"line":94,"column":null}},"29":{"start":{"line":93,"column":4},"end":{"line":93,"column":null}},"30":{"start":{"line":95,"column":2},"end":{"line":95,"column":null}},"31":{"start":{"line":99,"column":2},"end":{"line":99,"column":null}},"32":{"start":{"line":103,"column":13},"end":{"line":103,"column":null}},"33":{"start":{"line":104,"column":2},"end":{"line":113,"column":null}},"34":{"start":{"line":105,"column":18},"end":{"line":105,"column":null}},"35":{"start":{"line":106,"column":4},"end":{"line":110,"column":null}},"36":{"start":{"line":107,"column":6},"end":{"line":107,"column":null}},"37":{"start":{"line":109,"column":6},"end":{"line":109,"column":null}},"38":{"start":{"line":111,"column":2},"end":{"line":113,"column":null}},"39":{"start":{"line":112,"column":4},"end":{"line":112,"column":null}},"40":{"start":{"line":114,"column":2},"end":{"line":114,"column":null}},"41":{"start":{"line":118,"column":17},"end":{"line":118,"column":null}},"42":{"start":{"line":119,"column":2},"end":{"line":119,"column":null}},"43":{"start":{"line":123,"column":2},"end":{"line":125,"column":null}},"44":{"start":{"line":124,"column":4},"end":{"line":124,"column":null}},"45":{"start":{"line":126,"column":10},"end":{"line":126,"column":null}},"46":{"start":{"line":127,"column":14},"end":{"line":127,"column":null}},"47":{"start":{"line":128,"column":2},"end":{"line":180,"column":null}},"48":{"start":{"line":130,"column":4},"end":{"line":133,"column":null}},"49":{"start":{"line":131,"column":6},"end":{"line":131,"column":null}},"50":{"start":{"line":132,"column":6},"end":{"line":132,"column":null}},"51":{"start":{"line":135,"column":4},"end":{"line":144,"column":null}},"52":{"start":{"line":137,"column":6},"end":{"line":143,"column":null}},"53":{"start":{"line":138,"column":8},"end":{"line":138,"column":null}},"54":{"start":{"line":140,"column":8},"end":{"line":140,"column":null}},"55":{"start":{"line":142,"column":8},"end":{"line":142,"column":null}},"56":{"start":{"line":147,"column":4},"end":{"line":154,"column":null}},"57":{"start":{"line":152,"column":6},"end":{"line":152,"column":null}},"58":{"start":{"line":153,"column":6},"end":{"line":153,"column":null}},"59":{"start":{"line":157,"column":4},"end":{"line":165,"column":null}},"60":{"start":{"line":162,"column":6},"end":{"line":162,"column":null}},"61":{"start":{"line":164,"column":6},"end":{"line":164,"column":null}},"62":{"start":{"line":169,"column":4},"end":{"line":178,"column":null}},"63":{"start":{"line":176,"column":6},"end":{"line":176,"column":null}},"64":{"start":{"line":177,"column":6},"end":{"line":177,"column":null}},"65":{"start":{"line":179,"column":4},"end":{"line":179,"column":null}},"66":{"start":{"line":181,"column":2},"end":{"line":181,"column":null}},"67":{"start":{"line":184,"column":32},"end":{"line":191,"column":null}},"68":{"start":{"line":185,"column":2},"end":{"line":185,"column":null}},"69":{"start":{"line":185,"column":15},"end":{"line":185,"column":null}},"70":{"start":{"line":186,"column":2},"end":{"line":186,"column":null}},"71":{"start":{"line":186,"column":27},"end":{"line":186,"column":null}},"72":{"start":{"line":187,"column":2},"end":{"line":187,"column":null}},"73":{"start":{"line":187,"column":27},"end":{"line":187,"column":null}},"74":{"start":{"line":188,"column":2},"end":{"line":188,"column":null}},"75":{"start":{"line":188,"column":28},"end":{"line":188,"column":null}},"76":{"start":{"line":189,"column":2},"end":{"line":189,"column":null}},"77":{"start":{"line":189,"column":17},"end":{"line":189,"column":null}},"78":{"start":{"line":190,"column":2},"end":{"line":190,"column":null}},"79":{"start":{"line":194,"column":17},"end":{"line":194,"column":null}},"80":{"start":{"line":195,"column":2},"end":{"line":195,"column":null}},"81":{"start":{"line":199,"column":2},"end":{"line":199,"column":null}},"82":{"start":{"line":199,"column":39},"end":{"line":199,"column":null}},"83":{"start":{"line":200,"column":2},"end":{"line":202,"column":null}},"84":{"start":{"line":206,"column":2},"end":{"line":206,"column":null}},"85":{"start":{"line":210,"column":2},"end":{"line":210,"column":null}},"86":{"start":{"line":210,"column":19},"end":{"line":210,"column":null}},"87":{"start":{"line":211,"column":15},"end":{"line":211,"column":null}},"88":{"start":{"line":212,"column":2},"end":{"line":212,"column":null}},"89":{"start":{"line":212,"column":20},"end":{"line":212,"column":null}},"90":{"start":{"line":213,"column":2},"end":{"line":213,"column":null}},"91":{"start":{"line":216,"column":23},"end":{"line":226,"column":null}},"92":{"start":{"line":217,"column":16},"end":{"line":217,"column":null}},"93":{"start":{"line":219,"column":2},"end":{"line":225,"column":null}},"94":{"start":{"line":229,"column":2},"end":{"line":229,"column":null}},"95":{"start":{"line":233,"column":2},"end":{"line":233,"column":null}},"96":{"start":{"line":237,"column":15},"end":{"line":237,"column":null}},"97":{"start":{"line":238,"column":2},"end":{"line":238,"column":null}},"98":{"start":{"line":242,"column":2},"end":{"line":242,"column":null}},"99":{"start":{"line":242,"column":32},"end":{"line":242,"column":55}},"100":{"start":{"line":246,"column":2},"end":{"line":246,"column":null}},"101":{"start":{"line":246,"column":21},"end":{"line":246,"column":null}},"102":{"start":{"line":250,"column":2},"end":{"line":250,"column":null}},"103":{"start":{"line":254,"column":2},"end":{"line":254,"column":null}},"104":{"start":{"line":258,"column":2},"end":{"line":258,"column":null}},"105":{"start":{"line":262,"column":2},"end":{"line":262,"column":null}},"106":{"start":{"line":265,"column":19},"end":{"line":265,"column":null}},"107":{"start":{"line":267,"column":17},"end":{"line":267,"column":null}},"108":{"start":{"line":274,"column":2},"end":{"line":274,"column":null}},"109":{"start":{"line":278,"column":2},"end":{"line":278,"column":null}},"110":{"start":{"line":286,"column":2},"end":{"line":286,"column":null}},"111":{"start":{"line":286,"column":56},"end":{"line":286,"column":null}},"112":{"start":{"line":291,"column":2},"end":{"line":291,"column":null}},"113":{"start":{"line":291,"column":46},"end":{"line":291,"column":null}},"114":{"start":{"line":295,"column":2},"end":{"line":295,"column":null}},"115":{"start":{"line":295,"column":63},"end":{"line":295,"column":null}},"116":{"start":{"line":299,"column":2},"end":{"line":299,"column":null}},"117":{"start":{"line":300,"column":2},"end":{"line":300,"column":null}},"118":{"start":{"line":303,"column":36},"end":{"line":309,"column":null}},"119":{"start":{"line":304,"column":2},"end":{"line":308,"column":null}},"120":{"start":{"line":305,"column":4},"end":{"line":305,"column":null}},"121":{"start":{"line":307,"column":4},"end":{"line":307,"column":null}},"122":{"start":{"line":312,"column":2},"end":{"line":312,"column":null}},"123":{"start":{"line":316,"column":2},"end":{"line":316,"column":null}},"124":{"start":{"line":320,"column":2},"end":{"line":320,"column":null}}},"fnMap":{"0":{"name":"createNullArrayOfLength","decl":{"start":{"line":16,"column":16},"end":{"line":16,"column":40}},"loc":{"start":{"line":16,"column":56},"end":{"line":18,"column":null}}},"1":{"name":"createNumArrayOfRange","decl":{"start":{"line":20,"column":16},"end":{"line":20,"column":38}},"loc":{"start":{"line":20,"column":74},"end":{"line":26,"column":null}}},"2":{"name":"kebabCase","decl":{"start":{"line":28,"column":9},"end":{"line":28,"column":19}},"loc":{"start":{"line":28,"column":32},"end":{"line":30,"column":null}}},"3":{"name":"(anonymous_3)","decl":{"start":{"line":29,"column":34},"end":{"line":29,"column":43}},"loc":{"start":{"line":29,"column":43},"end":{"line":29,"column":68}}},"4":{"name":"extractPhraseFromString","decl":{"start":{"line":32,"column":16},"end":{"line":32,"column":40}},"loc":{"start":{"line":32,"column":55},"end":{"line":43,"column":null}}},"5":{"name":"(anonymous_5)","decl":{"start":{"line":37,"column":11},"end":{"line":37,"column":20}},"loc":{"start":{"line":37,"column":20},"end":{"line":37,"column":57}}},"6":{"name":"extractPhraseFromPasteEvent","decl":{"start":{"line":45,"column":16},"end":{"line":45,"column":44}},"loc":{"start":{"line":45,"column":67},"end":{"line":48,"column":null}}},"7":{"name":"validateAndCleanRecoveryInput","decl":{"start":{"line":50,"column":16},"end":{"line":50,"column":46}},"loc":{"start":{"line":50,"column":61},"end":{"line":67,"column":null}}},"8":{"name":"makeTxExplorerLink","decl":{"start":{"line":75,"column":16},"end":{"line":75,"column":35}},"loc":{"start":{"line":80,"column":27},"end":{"line":89,"column":null}}},"9":{"name":"truncateString","decl":{"start":{"line":91,"column":16},"end":{"line":91,"column":31}},"loc":{"start":{"line":91,"column":63},"end":{"line":96,"column":null}}},"10":{"name":"getLetters","decl":{"start":{"line":98,"column":9},"end":{"line":98,"column":20}},"loc":{"start":{"line":98,"column":48},"end":{"line":100,"column":null}}},"11":{"name":"getTicker","decl":{"start":{"line":102,"column":16},"end":{"line":102,"column":26}},"loc":{"start":{"line":102,"column":41},"end":{"line":115,"column":null}}},"12":{"name":"postConditionFromString","decl":{"start":{"line":117,"column":16},"end":{"line":117,"column":40}},"loc":{"start":{"line":117,"column":78},"end":{"line":120,"column":null}}},"13":{"name":"isUtf8","decl":{"start":{"line":122,"column":9},"end":{"line":122,"column":16}},"loc":{"start":{"line":122,"column":52},"end":{"line":182,"column":null}}},"14":{"name":"(anonymous_14)","decl":{"start":{"line":184,"column":32},"end":{"line":184,"column":33}},"loc":{"start":{"line":184,"column":47},"end":{"line":191,"column":null}}},"15":{"name":"isHex","decl":{"start":{"line":193,"column":9},"end":{"line":193,"column":15}},"loc":{"start":{"line":193,"column":37},"end":{"line":196,"column":null}}},"16":{"name":"cleanHex","decl":{"start":{"line":198,"column":9},"end":{"line":198,"column":18}},"loc":{"start":{"line":198,"column":54},"end":{"line":203,"column":null}}},"17":{"name":"hexToBuff","decl":{"start":{"line":205,"column":16},"end":{"line":205,"column":26}},"loc":{"start":{"line":205,"column":47},"end":{"line":207,"column":null}}},"18":{"name":"hexToHumanReadable","decl":{"start":{"line":209,"column":16},"end":{"line":209,"column":35}},"loc":{"start":{"line":209,"column":48},"end":{"line":214,"column":null}}},"19":{"name":"(anonymous_19)","decl":{"start":{"line":216,"column":23},"end":{"line":216,"column":27}},"loc":{"start":{"line":216,"column":65},"end":{"line":226,"column":null}}},"20":{"name":"getUrlHostname","decl":{"start":{"line":228,"column":16},"end":{"line":228,"column":31}},"loc":{"start":{"line":228,"column":44},"end":{"line":230,"column":null}}},"21":{"name":"getUrlPort","decl":{"start":{"line":232,"column":9},"end":{"line":232,"column":20}},"loc":{"start":{"line":232,"column":33},"end":{"line":234,"column":null}}},"22":{"name":"addPortSuffix","decl":{"start":{"line":236,"column":16},"end":{"line":236,"column":30}},"loc":{"start":{"line":236,"column":43},"end":{"line":239,"column":null}}},"23":{"name":"delay","decl":{"start":{"line":241,"column":22},"end":{"line":241,"column":28}},"loc":{"start":{"line":241,"column":40},"end":{"line":243,"column":null}}},"24":{"name":"(anonymous_24)","decl":{"start":{"line":242,"column":21},"end":{"line":242,"column":32}},"loc":{"start":{"line":242,"column":32},"end":{"line":242,"column":55}}},"25":{"name":"createDelay","decl":{"start":{"line":245,"column":16},"end":{"line":245,"column":28}},"loc":{"start":{"line":245,"column":40},"end":{"line":247,"column":null}}},"26":{"name":"(anonymous_26)","decl":{"start":{"line":246,"column":9},"end":{"line":246,"column":21}},"loc":{"start":{"line":246,"column":21},"end":{"line":246,"column":null}}},"27":{"name":"with0x","decl":{"start":{"line":249,"column":16},"end":{"line":249,"column":23}},"loc":{"start":{"line":249,"column":46},"end":{"line":251,"column":null}}},"28":{"name":"pullContractIdFromIdentity","decl":{"start":{"line":253,"column":16},"end":{"line":253,"column":43}},"loc":{"start":{"line":253,"column":63},"end":{"line":255,"column":null}}},"29":{"name":"formatContractId","decl":{"start":{"line":257,"column":16},"end":{"line":257,"column":33}},"loc":{"start":{"line":257,"column":64},"end":{"line":259,"column":null}}},"30":{"name":"doesBrowserSupportWebUsbApi","decl":{"start":{"line":261,"column":16},"end":{"line":261,"column":46}},"loc":{"start":{"line":261,"column":46},"end":{"line":263,"column":null}}},"31":{"name":"whenPageMode","decl":{"start":{"line":273,"column":16},"end":{"line":273,"column":32}},"loc":{"start":{"line":273,"column":65},"end":{"line":275,"column":null}}},"32":{"name":"isPopupMode","decl":{"start":{"line":277,"column":16},"end":{"line":277,"column":30}},"loc":{"start":{"line":277,"column":30},"end":{"line":279,"column":null}}},"33":{"name":"whenStacksChainId","decl":{"start":{"line":285,"column":16},"end":{"line":285,"column":34}},"loc":{"start":{"line":285,"column":52},"end":{"line":287,"column":null}}},"34":{"name":"(anonymous_34)","decl":{"start":{"line":286,"column":9},"end":{"line":286,"column":13}},"loc":{"start":{"line":286,"column":56},"end":{"line":286,"column":null}}},"35":{"name":"whenNetwork","decl":{"start":{"line":290,"column":16},"end":{"line":290,"column":28}},"loc":{"start":{"line":290,"column":48},"end":{"line":292,"column":null}}},"36":{"name":"(anonymous_36)","decl":{"start":{"line":291,"column":9},"end":{"line":291,"column":13}},"loc":{"start":{"line":291,"column":46},"end":{"line":291,"column":null}}},"37":{"name":"whenBitcoinNetwork","decl":{"start":{"line":294,"column":16},"end":{"line":294,"column":35}},"loc":{"start":{"line":294,"column":62},"end":{"line":296,"column":null}}},"38":{"name":"(anonymous_38)","decl":{"start":{"line":295,"column":9},"end":{"line":295,"column":13}},"loc":{"start":{"line":295,"column":63},"end":{"line":295,"column":null}}},"39":{"name":"logAndThrow","decl":{"start":{"line":298,"column":16},"end":{"line":298,"column":28}},"loc":{"start":{"line":298,"column":59},"end":{"line":301,"column":null}}},"40":{"name":"(anonymous_40)","decl":{"start":{"line":303,"column":36},"end":{"line":303,"column":37}},"loc":{"start":{"line":303,"column":51},"end":{"line":309,"column":null}}},"41":{"name":"capitalize","decl":{"start":{"line":311,"column":16},"end":{"line":311,"column":27}},"loc":{"start":{"line":311,"column":40},"end":{"line":313,"column":null}}},"42":{"name":"isFulfilled","decl":{"start":{"line":315,"column":16},"end":{"line":315,"column":31}},"loc":{"start":{"line":315,"column":91},"end":{"line":317,"column":null}}},"43":{"name":"isRejected","decl":{"start":{"line":319,"column":16},"end":{"line":319,"column":30}},"loc":{"start":{"line":319,"column":86},"end":{"line":321,"column":null}}}},"branchMap":{"0":{"loc":{"start":{"line":35,"column":2},"end":{"line":42,"column":null}},"type":"if","locations":[{"start":{"line":35,"column":2},"end":{"line":42,"column":null}},{"start":{"line":40,"column":9},"end":{"line":42,"column":null}}]},"1":{"loc":{"start":{"line":37,"column":20},"end":{"line":37,"column":57}},"type":"cond-expr","locations":[{"start":{"line":37,"column":45},"end":{"line":37,"column":52}},{"start":{"line":37,"column":52},"end":{"line":37,"column":57}}]},"2":{"loc":{"start":{"line":56,"column":2},"end":{"line":59,"column":null}},"type":"if","locations":[{"start":{"line":56,"column":2},"end":{"line":59,"column":null}},{"start":{"line":56,"column":2},"end":{"line":59,"column":null}}]},"3":{"loc":{"start":{"line":56,"column":6},"end":{"line":56,"column":67}},"type":"binary-expr","locations":[{"start":{"line":56,"column":6},"end":{"line":56,"column":31}},{"start":{"line":56,"column":31},"end":{"line":56,"column":67}}]},"4":{"loc":{"start":{"line":60,"column":2},"end":{"line":65,"column":null}},"type":"if","locations":[{"start":{"line":60,"column":2},"end":{"line":65,"column":null}},{"start":{"line":60,"column":2},"end":{"line":65,"column":null}}]},"5":{"loc":{"start":{"line":78,"column":2},"end":{"line":78,"column":null}},"type":"default-arg","locations":[{"start":{"line":78,"column":11},"end":{"line":78,"column":null}}]},"6":{"loc":{"start":{"line":81,"column":2},"end":{"line":88,"column":null}},"type":"switch","locations":[{"start":{"line":82,"column":4},"end":{"line":83,"column":null}},{"start":{"line":84,"column":4},"end":{"line":85,"column":null}},{"start":{"line":86,"column":4},"end":{"line":87,"column":null}}]},"7":{"loc":{"start":{"line":83,"column":38},"end":{"line":83,"column":80}},"type":"cond-expr","locations":[{"start":{"line":83,"column":59},"end":{"line":83,"column":72}},{"start":{"line":83,"column":72},"end":{"line":83,"column":80}}]},"8":{"loc":{"start":{"line":92,"column":2},"end":{"line":94,"column":null}},"type":"if","locations":[{"start":{"line":92,"column":2},"end":{"line":94,"column":null}},{"start":{"line":92,"column":2},"end":{"line":94,"column":null}}]},"9":{"loc":{"start":{"line":98,"column":36},"end":{"line":98,"column":48}},"type":"default-arg","locations":[{"start":{"line":98,"column":45},"end":{"line":98,"column":48}}]},"10":{"loc":{"start":{"line":104,"column":2},"end":{"line":113,"column":null}},"type":"if","locations":[{"start":{"line":104,"column":2},"end":{"line":113,"column":null}},{"start":{"line":111,"column":2},"end":{"line":113,"column":null}}]},"11":{"loc":{"start":{"line":106,"column":4},"end":{"line":110,"column":null}},"type":"if","locations":[{"start":{"line":106,"column":4},"end":{"line":110,"column":null}},{"start":{"line":108,"column":11},"end":{"line":110,"column":null}}]},"12":{"loc":{"start":{"line":111,"column":2},"end":{"line":113,"column":null}},"type":"if","locations":[{"start":{"line":111,"column":2},"end":{"line":113,"column":null}},{"start":{"line":111,"column":2},"end":{"line":113,"column":null}}]},"13":{"loc":{"start":{"line":123,"column":2},"end":{"line":125,"column":null}},"type":"if","locations":[{"start":{"line":123,"column":2},"end":{"line":125,"column":null}},{"start":{"line":123,"column":2},"end":{"line":125,"column":null}}]},"14":{"loc":{"start":{"line":130,"column":4},"end":{"line":133,"column":null}},"type":"if","locations":[{"start":{"line":130,"column":4},"end":{"line":133,"column":null}},{"start":{"line":130,"column":4},"end":{"line":133,"column":null}}]},"15":{"loc":{"start":{"line":135,"column":4},"end":{"line":144,"column":null}},"type":"if","locations":[{"start":{"line":135,"column":4},"end":{"line":144,"column":null}},{"start":{"line":135,"column":4},"end":{"line":144,"column":null}}]},"16":{"loc":{"start":{"line":135,"column":8},"end":{"line":135,"column":42}},"type":"binary-expr","locations":[{"start":{"line":135,"column":8},"end":{"line":135,"column":26}},{"start":{"line":135,"column":26},"end":{"line":135,"column":42}}]},"17":{"loc":{"start":{"line":137,"column":6},"end":{"line":143,"column":null}},"type":"if","locations":[{"start":{"line":137,"column":6},"end":{"line":143,"column":null}},{"start":{"line":141,"column":13},"end":{"line":143,"column":null}}]},"18":{"loc":{"start":{"line":147,"column":4},"end":{"line":154,"column":null}},"type":"if","locations":[{"start":{"line":147,"column":4},"end":{"line":154,"column":null}},{"start":{"line":147,"column":4},"end":{"line":154,"column":null}}]},"19":{"loc":{"start":{"line":147,"column":4},"end":{"line":150,"column":null}},"type":"binary-expr","locations":[{"start":{"line":148,"column":8},"end":{"line":148,"column":27}},{"start":{"line":148,"column":27},"end":{"line":148,"column":49}},{"start":{"line":148,"column":49},"end":{"line":148,"column":null}},{"start":{"line":149,"column":9},"end":{"line":149,"column":28}},{"start":{"line":149,"column":28},"end":{"line":149,"column":50}},{"start":{"line":149,"column":50},"end":{"line":149,"column":null}},{"start":{"line":150,"column":6},"end":{"line":150,"column":null}}]},"20":{"loc":{"start":{"line":157,"column":4},"end":{"line":165,"column":null}},"type":"if","locations":[{"start":{"line":157,"column":4},"end":{"line":165,"column":null}},{"start":{"line":157,"column":4},"end":{"line":165,"column":null}}]},"21":{"loc":{"start":{"line":157,"column":4},"end":{"line":160,"column":null}},"type":"binary-expr","locations":[{"start":{"line":158,"column":8},"end":{"line":158,"column":26}},{"start":{"line":158,"column":26},"end":{"line":158,"column":46}},{"start":{"line":158,"column":46},"end":{"line":158,"column":64}},{"start":{"line":158,"column":64},"end":{"line":158,"column":null}},{"start":{"line":159,"column":6},"end":{"line":159,"column":null}},{"start":{"line":160,"column":6},"end":{"line":160,"column":null}}]},"22":{"loc":{"start":{"line":169,"column":4},"end":{"line":178,"column":null}},"type":"if","locations":[{"start":{"line":169,"column":4},"end":{"line":178,"column":null}},{"start":{"line":169,"column":4},"end":{"line":178,"column":null}}]},"23":{"loc":{"start":{"line":169,"column":4},"end":{"line":174,"column":null}},"type":"binary-expr","locations":[{"start":{"line":170,"column":8},"end":{"line":170,"column":27}},{"start":{"line":170,"column":27},"end":{"line":170,"column":49}},{"start":{"line":170,"column":49},"end":{"line":170,"column":null}},{"start":{"line":171,"column":9},"end":{"line":171,"column":27}},{"start":{"line":171,"column":27},"end":{"line":171,"column":45}},{"start":{"line":171,"column":45},"end":{"line":171,"column":null}},{"start":{"line":172,"column":9},"end":{"line":172,"column":28}},{"start":{"line":172,"column":28},"end":{"line":172,"column":50}},{"start":{"line":172,"column":50},"end":{"line":172,"column":null}},{"start":{"line":173,"column":6},"end":{"line":173,"column":null}},{"start":{"line":174,"column":6},"end":{"line":174,"column":null}}]},"24":{"loc":{"start":{"line":185,"column":2},"end":{"line":185,"column":null}},"type":"if","locations":[{"start":{"line":185,"column":2},"end":{"line":185,"column":null}},{"start":{"line":185,"column":2},"end":{"line":185,"column":null}}]},"25":{"loc":{"start":{"line":186,"column":2},"end":{"line":186,"column":null}},"type":"if","locations":[{"start":{"line":186,"column":2},"end":{"line":186,"column":null}},{"start":{"line":186,"column":2},"end":{"line":186,"column":null}}]},"26":{"loc":{"start":{"line":186,"column":6},"end":{"line":186,"column":27}},"type":"binary-expr","locations":[{"start":{"line":186,"column":6},"end":{"line":186,"column":18}},{"start":{"line":186,"column":18},"end":{"line":186,"column":27}}]},"27":{"loc":{"start":{"line":187,"column":2},"end":{"line":187,"column":null}},"type":"if","locations":[{"start":{"line":187,"column":2},"end":{"line":187,"column":null}},{"start":{"line":187,"column":2},"end":{"line":187,"column":null}}]},"28":{"loc":{"start":{"line":187,"column":6},"end":{"line":187,"column":27}},"type":"binary-expr","locations":[{"start":{"line":187,"column":6},"end":{"line":187,"column":18}},{"start":{"line":187,"column":18},"end":{"line":187,"column":27}}]},"29":{"loc":{"start":{"line":188,"column":2},"end":{"line":188,"column":null}},"type":"if","locations":[{"start":{"line":188,"column":2},"end":{"line":188,"column":null}},{"start":{"line":188,"column":2},"end":{"line":188,"column":null}}]},"30":{"loc":{"start":{"line":188,"column":6},"end":{"line":188,"column":28}},"type":"binary-expr","locations":[{"start":{"line":188,"column":6},"end":{"line":188,"column":18}},{"start":{"line":188,"column":18},"end":{"line":188,"column":28}}]},"31":{"loc":{"start":{"line":189,"column":2},"end":{"line":189,"column":null}},"type":"if","locations":[{"start":{"line":189,"column":2},"end":{"line":189,"column":null}},{"start":{"line":189,"column":2},"end":{"line":189,"column":null}}]},"32":{"loc":{"start":{"line":199,"column":2},"end":{"line":199,"column":null}},"type":"if","locations":[{"start":{"line":199,"column":2},"end":{"line":199,"column":null}},{"start":{"line":199,"column":2},"end":{"line":199,"column":null}}]},"33":{"loc":{"start":{"line":200,"column":9},"end":{"line":202,"column":null}},"type":"cond-expr","locations":[{"start":{"line":201,"column":6},"end":{"line":201,"column":null}},{"start":{"line":202,"column":6},"end":{"line":202,"column":null}}]},"34":{"loc":{"start":{"line":210,"column":2},"end":{"line":210,"column":null}},"type":"if","locations":[{"start":{"line":210,"column":2},"end":{"line":210,"column":null}},{"start":{"line":210,"column":2},"end":{"line":210,"column":null}}]},"35":{"loc":{"start":{"line":212,"column":2},"end":{"line":212,"column":null}},"type":"if","locations":[{"start":{"line":212,"column":2},"end":{"line":212,"column":null}},{"start":{"line":212,"column":2},"end":{"line":212,"column":null}}]},"36":{"loc":{"start":{"line":238,"column":9},"end":{"line":238,"column":null}},"type":"cond-expr","locations":[{"start":{"line":238,"column":16},"end":{"line":238,"column":29}},{"start":{"line":238,"column":29},"end":{"line":238,"column":null}}]},"37":{"loc":{"start":{"line":250,"column":9},"end":{"line":250,"column":null}},"type":"cond-expr","locations":[{"start":{"line":250,"column":35},"end":{"line":250,"column":50}},{"start":{"line":250,"column":50},"end":{"line":250,"column":null}}]},"38":{"loc":{"start":{"line":267,"column":17},"end":{"line":267,"column":null}},"type":"cond-expr","locations":[{"start":{"line":267,"column":30},"end":{"line":267,"column":39}},{"start":{"line":267,"column":39},"end":{"line":267,"column":null}}]},"39":{"loc":{"start":{"line":298,"column":41},"end":{"line":298,"column":59}},"type":"default-arg","locations":[{"start":{"line":298,"column":55},"end":{"line":298,"column":59}}]}},"s":{"0":1,"1":0,"2":0,"3":0,"4":0,"5":0,"6":3,"7":0,"8":2,"9":2,"10":2,"11":2,"12":77,"13":0,"14":0,"15":0,"16":0,"17":0,"18":0,"19":0,"20":0,"21":0,"22":0,"23":0,"24":0,"25":0,"26":0,"27":0,"28":0,"29":0,"30":0,"31":6,"32":3,"33":3,"34":2,"35":2,"36":1,"37":1,"38":1,"39":1,"40":3,"41":2,"42":2,"43":0,"44":0,"45":0,"46":0,"47":0,"48":0,"49":0,"50":0,"51":0,"52":0,"53":0,"54":0,"55":0,"56":0,"57":0,"58":0,"59":0,"60":0,"61":0,"62":0,"63":0,"64":0,"65":0,"66":0,"67":8,"68":1,"69":0,"70":1,"71":1,"72":0,"73":0,"74":0,"75":0,"76":0,"77":0,"78":0,"79":0,"80":0,"81":0,"82":0,"83":0,"84":0,"85":0,"86":0,"87":0,"88":0,"89":0,"90":0,"91":8,"92":0,"93":0,"94":0,"95":0,"96":0,"97":0,"98":0,"99":0,"100":0,"101":0,"102":8,"103":0,"104":0,"105":0,"106":8,"107":8,"108":0,"109":0,"110":2,"111":2,"112":0,"113":0,"114":0,"115":0,"116":0,"117":0,"118":8,"119":0,"120":0,"121":0,"122":0,"123":0,"124":0},"f":{"0":1,"1":0,"2":3,"3":0,"4":2,"5":77,"6":0,"7":0,"8":0,"9":0,"10":6,"11":3,"12":2,"13":0,"14":1,"15":0,"16":0,"17":0,"18":0,"19":0,"20":0,"21":0,"22":0,"23":0,"24":0,"25":0,"26":0,"27":8,"28":0,"29":0,"30":0,"31":0,"32":0,"33":2,"34":2,"35":0,"36":0,"37":0,"38":0,"39":0,"40":0,"41":0,"42":0,"43":0},"b":{"0":[2,0],"1":[48,29],"2":[0,0],"3":[0,0],"4":[0,0],"5":[0],"6":[0,0,0],"7":[0,0],"8":[0,0],"9":[4],"10":[2,1],"11":[1,1],"12":[1,0],"13":[0,0],"14":[0,0],"15":[0,0],"16":[0,0],"17":[0,0],"18":[0,0],"19":[0,0,0,0,0,0,0],"20":[0,0],"21":[0,0,0,0,0,0],"22":[0,0],"23":[0,0,0,0,0,0,0,0,0,0,0],"24":[0,1],"25":[1,0],"26":[1,1],"27":[0,0],"28":[0,0],"29":[0,0],"30":[0,0],"31":[0,0],"32":[0,0],"33":[0,0],"34":[0,0],"35":[0,0],"36":[0,0],"37":[5,3],"38":[0,8],"39":[0]}}
,"/home/runner/work/wallet/wallet/src/app/common/account-restoration/account-restore.ts": {"path":"/home/runner/work/wallet/wallet/src/app/common/account-restoration/account-restore.ts","statementMap":{"0":{"start":{"line":4,"column":34},"end":{"line":4,"column":null}},"1":{"start":{"line":12,"column":2},"end":{"line":12,"column":null}},"2":{"start":{"line":16,"column":2},"end":{"line":16,"column":null}},"3":{"start":{"line":16,"column":73},"end":{"line":16,"column":90}},"4":{"start":{"line":20,"column":2},"end":{"line":20,"column":null}},"5":{"start":{"line":20,"column":44},"end":{"line":20,"column":61}},"6":{"start":{"line":20,"column":76},"end":{"line":20,"column":87}},"7":{"start":{"line":24,"column":17},"end":{"line":24,"column":null}},"8":{"start":{"line":25,"column":2},"end":{"line":25,"column":null}},"9":{"start":{"line":25,"column":19},"end":{"line":25,"column":null}},"10":{"start":{"line":26,"column":2},"end":{"line":26,"column":null}},"11":{"start":{"line":44,"column":22},"end":{"line":44,"column":null}},"12":{"start":{"line":45,"column":57},"end":{"line":45,"column":null}},"13":{"start":{"line":47,"column":4},"end":{"line":52,"column":null}},"14":{"start":{"line":48,"column":20},"end":{"line":48,"column":null}},"15":{"start":{"line":49,"column":26},"end":{"line":49,"column":null}},"16":{"start":{"line":50,"column":6},"end":{"line":50,"column":null}},"17":{"start":{"line":51,"column":6},"end":{"line":51,"column":null}},"18":{"start":{"line":53,"column":4},"end":{"line":53,"column":null}},"19":{"start":{"line":56,"column":31},"end":{"line":56,"column":null}},"20":{"start":{"line":59,"column":25},"end":{"line":59,"column":null}},"21":{"start":{"line":60,"column":57},"end":{"line":60,"column":null}},"22":{"start":{"line":62,"column":4},"end":{"line":70,"column":null}},"23":{"start":{"line":66,"column":26},"end":{"line":66,"column":null}},"24":{"start":{"line":67,"column":6},"end":{"line":67,"column":null}},"25":{"start":{"line":68,"column":6},"end":{"line":68,"column":null}},"26":{"start":{"line":69,"column":6},"end":{"line":69,"column":null}},"27":{"start":{"line":71,"column":4},"end":{"line":71,"column":null}},"28":{"start":{"line":74,"column":2},"end":{"line":74,"column":null}}},"fnMap":{"0":{"name":"minNumberOfAccountsNotChecked","decl":{"start":{"line":11,"column":9},"end":{"line":11,"column":39}},"loc":{"start":{"line":11,"column":52},"end":{"line":13,"column":null}}},"1":{"name":"anyOfLastCheckedAccountsHaveActivity","decl":{"start":{"line":15,"column":9},"end":{"line":15,"column":46}},"loc":{"start":{"line":15,"column":87},"end":{"line":17,"column":null}}},"2":{"name":"(anonymous_2)","decl":{"start":{"line":16,"column":64},"end":{"line":16,"column":73}},"loc":{"start":{"line":16,"column":73},"end":{"line":16,"column":90}}},"3":{"name":"returnHighestIndex","decl":{"start":{"line":19,"column":9},"end":{"line":19,"column":28}},"loc":{"start":{"line":19,"column":69},"end":{"line":21,"column":null}}},"4":{"name":"(anonymous_4)","decl":{"start":{"line":20,"column":35},"end":{"line":20,"column":44}},"loc":{"start":{"line":20,"column":44},"end":{"line":20,"column":61}}},"5":{"name":"(anonymous_5)","decl":{"start":{"line":20,"column":67},"end":{"line":20,"column":76}},"loc":{"start":{"line":20,"column":76},"end":{"line":20,"column":87}}},"6":{"name":"recurseUntilGeneratorDone","decl":{"start":{"line":23,"column":15},"end":{"line":23,"column":41}},"loc":{"start":{"line":23,"column":82},"end":{"line":27,"column":null}}},"7":{"name":"recurseAccountsForActivity","decl":{"start":{"line":40,"column":22},"end":{"line":40,"column":49}},"loc":{"start":{"line":42,"column":52},"end":{"line":75,"column":null}}},"8":{"name":"findHighestAddressIndexExponent","decl":{"start":{"line":43,"column":18},"end":{"line":43,"column":52}},"loc":{"start":{"line":43,"column":52},"end":{"line":54,"column":null}}},"9":{"name":"checkForMostRecentAccount","decl":{"start":{"line":58,"column":18},"end":{"line":58,"column":46}},"loc":{"start":{"line":58,"column":46},"end":{"line":72,"column":null}}}},"branchMap":{"0":{"loc":{"start":{"line":25,"column":2},"end":{"line":25,"column":null}},"type":"if","locations":[{"start":{"line":25,"column":2},"end":{"line":25,"column":null}},{"start":{"line":25,"column":2},"end":{"line":25,"column":null}}]},"1":{"loc":{"start":{"line":47,"column":11},"end":{"line":47,"column":79}},"type":"binary-expr","locations":[{"start":{"line":47,"column":11},"end":{"line":47,"column":36}},{"start":{"line":47,"column":36},"end":{"line":47,"column":79}}]},"2":{"loc":{"start":{"line":63,"column":6},"end":{"line":64,"column":null}},"type":"binary-expr","locations":[{"start":{"line":63,"column":6},"end":{"line":63,"column":null}},{"start":{"line":64,"column":6},"end":{"line":64,"column":null}}]}},"s":{"0":1,"1":76,"2":36,"3":119,"4":4,"5":85,"6":34,"7":89,"8":89,"9":4,"10":85,"11":2,"12":2,"13":2,"14":11,"15":11,"16":11,"17":11,"18":2,"19":2,"20":2,"21":2,"22":2,"23":74,"24":74,"25":74,"26":74,"27":2,"28":2},"f":{"0":76,"1":36,"2":119,"3":4,"4":85,"5":34,"6":89,"7":2,"8":2,"9":2},"b":{"0":[4,85],"1":[13,11],"2":[76,36]}}
,"/home/runner/work/wallet/wallet/src/app/common/api/wrapped-fetch.ts": {"path":"/home/runner/work/wallet/wallet/src/app/common/api/wrapped-fetch.ts","statementMap":{"0":{"start":{"line":1,"column":33},"end":{"line":4,"column":null}},"1":{"start":{"line":7,"column":22},"end":{"line":7,"column":null}},"2":{"start":{"line":8,"column":2},"end":{"line":12,"column":null}},"3":{"start":{"line":19,"column":41},"end":{"line":19,"column":null}},"4":{"start":{"line":21,"column":21},"end":{"line":21,"column":null}},"5":{"start":{"line":22,"column":13},"end":{"line":22,"column":null}},"6":{"start":{"line":22,"column":30},"end":{"line":22,"column":50}},"7":{"start":{"line":24,"column":19},"end":{"line":27,"column":null}},"8":{"start":{"line":28,"column":2},"end":{"line":28,"column":null}},"9":{"start":{"line":30,"column":2},"end":{"line":30,"column":null}}},"fnMap":{"0":{"name":"fetcher","decl":{"start":{"line":6,"column":16},"end":{"line":6,"column":24}},"loc":{"start":{"line":6,"column":68},"end":{"line":13,"column":null}}},"1":{"name":"fetchWithTimeout","decl":{"start":{"line":15,"column":22},"end":{"line":15,"column":null}},"loc":{"start":{"line":18,"column":2},"end":{"line":31,"column":null}}},"2":{"name":"(anonymous_2)","decl":{"start":{"line":22,"column":24},"end":{"line":22,"column":30}},"loc":{"start":{"line":22,"column":30},"end":{"line":22,"column":50}}}},"branchMap":{"0":{"loc":{"start":{"line":6,"column":44},"end":{"line":6,"column":68}},"type":"default-arg","locations":[{"start":{"line":6,"column":64},"end":{"line":6,"column":68}}]},"1":{"loc":{"start":{"line":7,"column":22},"end":{"line":7,"column":null}},"type":"binary-expr","locations":[{"start":{"line":7,"column":22},"end":{"line":7,"column":38}},{"start":{"line":7,"column":38},"end":{"line":7,"column":null}}]},"2":{"loc":{"start":{"line":17,"column":2},"end":{"line":17,"column":null}},"type":"default-arg","locations":[{"start":{"line":17,"column":45},"end":{"line":17,"column":null}}]},"3":{"loc":{"start":{"line":19,"column":10},"end":{"line":19,"column":26}},"type":"default-arg","locations":[{"start":{"line":19,"column":20},"end":{"line":19,"column":26}}]}},"s":{"0":1,"1":0,"2":0,"3":0,"4":0,"5":0,"6":0,"7":0,"8":0,"9":0},"f":{"0":0,"1":0,"2":0},"b":{"0":[0],"1":[0,0],"2":[0],"3":[0]}}
,"/home/runner/work/wallet/wallet/src/app/common/crypto-assets/stacks-crypto-asset.utils.ts": {"path":"/home/runner/work/wallet/wallet/src/app/common/crypto-assets/stacks-crypto-asset.utils.ts","statementMap":{"0":{"start":{"line":8,"column":2},"end":{"line":8,"column":null}},"1":{"start":{"line":12,"column":2},"end":{"line":14,"column":null}},"2":{"start":{"line":18,"column":2},"end":{"line":18,"column":null}}},"fnMap":{"0":{"name":"isFtNameLikeStx","decl":{"start":{"line":7,"column":16},"end":{"line":7,"column":32}},"loc":{"start":{"line":7,"column":46},"end":{"line":9,"column":null}}},"1":{"name":"getImageCanonicalUri","decl":{"start":{"line":11,"column":16},"end":{"line":11,"column":37}},"loc":{"start":{"line":11,"column":78},"end":{"line":15,"column":null}}},"2":{"name":"isTransferableStacksFungibleTokenAsset","decl":{"start":{"line":17,"column":16},"end":{"line":17,"column":55}},"loc":{"start":{"line":17,"column":88},"end":{"line":19,"column":null}}}},"branchMap":{"0":{"loc":{"start":{"line":12,"column":9},"end":{"line":14,"column":null}},"type":"cond-expr","locations":[{"start":{"line":13,"column":6},"end":{"line":13,"column":null}},{"start":{"line":14,"column":6},"end":{"line":14,"column":null}}]},"1":{"loc":{"start":{"line":12,"column":9},"end":{"line":12,"column":null}},"type":"binary-expr","locations":[{"start":{"line":12,"column":9},"end":{"line":12,"column":30}},{"start":{"line":12,"column":30},"end":{"line":12,"column":63}},{"start":{"line":12,"column":63},"end":{"line":12,"column":null}}]},"2":{"loc":{"start":{"line":18,"column":9},"end":{"line":18,"column":null}},"type":"binary-expr","locations":[{"start":{"line":18,"column":9},"end":{"line":18,"column":41}},{"start":{"line":18,"column":41},"end":{"line":18,"column":69}},{"start":{"line":18,"column":69},"end":{"line":18,"column":null}}]}},"s":{"0":9,"1":0,"2":4},"f":{"0":9,"1":0,"2":4},"b":{"0":[0,0],"1":[0,0,0],"2":[4,2,2]}}
,"/home/runner/work/wallet/wallet/src/app/common/hooks/use-default-request-search-params.ts": {"path":"/home/runner/work/wallet/wallet/src/app/common/hooks/use-default-request-search-params.ts","statementMap":{"0":{"start":{"line":8,"column":2},"end":{"line":18,"column":null}},"1":{"start":{"line":9,"column":19},"end":{"line":9,"column":null}},"2":{"start":{"line":10,"column":18},"end":{"line":10,"column":null}},"3":{"start":{"line":11,"column":17},"end":{"line":11,"column":null}},"4":{"start":{"line":13,"column":4},"end":{"line":17,"column":null}}},"fnMap":{"0":{"name":"useDefaultRequestParams","decl":{"start":{"line":7,"column":16},"end":{"line":7,"column":42}},"loc":{"start":{"line":7,"column":42},"end":{"line":19,"column":null}}},"1":{"name":"(anonymous_1)","decl":{"start":{"line":8,"column":17},"end":{"line":8,"column":23}},"loc":{"start":{"line":8,"column":23},"end":{"line":18,"column":5}}}},"branchMap":{"0":{"loc":{"start":{"line":16,"column":13},"end":{"line":16,"column":null}},"type":"cond-expr","locations":[{"start":{"line":16,"column":31},"end":{"line":16,"column":49}},{"start":{"line":16,"column":49},"end":{"line":16,"column":null}}]}},"s":{"0":0,"1":0,"2":0,"3":0,"4":0},"f":{"0":0,"1":0},"b":{"0":[0,0]}}
,"/home/runner/work/wallet/wallet/src/app/common/keychain/keychain.ts": {"path":"/home/runner/work/wallet/wallet/src/app/common/keychain/keychain.ts","statementMap":{"0":{"start":{"line":6,"column":2},"end":{"line":6,"column":null}},"1":{"start":{"line":10,"column":15},"end":{"line":10,"column":null}},"2":{"start":{"line":11,"column":2},"end":{"line":11,"column":null}}},"fnMap":{"0":{"name":"derivePublicKey","decl":{"start":{"line":5,"column":16},"end":{"line":5,"column":32}},"loc":{"start":{"line":5,"column":45},"end":{"line":7,"column":null}}},"1":{"name":"mnemonicToRootNode","decl":{"start":{"line":9,"column":16},"end":{"line":9,"column":35}},"loc":{"start":{"line":9,"column":54},"end":{"line":12,"column":null}}}},"branchMap":{},"s":{"0":0,"1":0,"2":0},"f":{"0":0,"1":0},"b":{}}
,"/home/runner/work/wallet/wallet/src/app/common/math/calculate-averages.ts": {"path":"/home/runner/work/wallet/wallet/src/app/common/math/calculate-averages.ts","statementMap":{"0":{"start":{"line":6,"column":2},"end":{"line":9,"column":null}},"1":{"start":{"line":8,"column":28},"end":{"line":8,"column":45}}},"fnMap":{"0":{"name":"calculateMeanAverage","decl":{"start":{"line":5,"column":16},"end":{"line":5,"column":37}},"loc":{"start":{"line":5,"column":70},"end":{"line":10,"column":null}}},"1":{"name":"(anonymous_1)","decl":{"start":{"line":8,"column":12},"end":{"line":8,"column":13}},"loc":{"start":{"line":8,"column":28},"end":{"line":8,"column":45}}}},"branchMap":{},"s":{"0":2,"1":4},"f":{"0":2,"1":4},"b":{}}
,"/home/runner/work/wallet/wallet/src/app/common/math/fibonacci.ts": {"path":"/home/runner/work/wallet/wallet/src/app/common/math/fibonacci.ts","statementMap":{"0":{"start":{"line":2,"column":2},"end":{"line":2,"column":null}},"1":{"start":{"line":2,"column":13},"end":{"line":2,"column":null}},"2":{"start":{"line":3,"column":2},"end":{"line":3,"column":null}},"3":{"start":{"line":3,"column":13},"end":{"line":3,"column":null}},"4":{"start":{"line":4,"column":2},"end":{"line":4,"column":null}},"5":{"start":{"line":8,"column":14},"end":{"line":8,"column":null}},"6":{"start":{"line":9,"column":2},"end":{"line":9,"column":null}},"7":{"start":{"line":9,"column":27},"end":{"line":9,"column":null}},"8":{"start":{"line":10,"column":2},"end":{"line":10,"column":null}}},"fnMap":{"0":{"name":"fibonacci","decl":{"start":{"line":1,"column":9},"end":{"line":1,"column":19}},"loc":{"start":{"line":1,"column":34},"end":{"line":5,"column":null}}},"1":{"name":"fibonacciGenerator","decl":{"start":{"line":7,"column":17},"end":{"line":7,"column":36}},"loc":{"start":{"line":7,"column":78},"end":{"line":11,"column":null}}}},"branchMap":{"0":{"loc":{"start":{"line":1,"column":19},"end":{"line":1,"column":34}},"type":"default-arg","locations":[{"start":{"line":1,"column":23},"end":{"line":1,"column":34}}]},"1":{"loc":{"start":{"line":2,"column":2},"end":{"line":2,"column":null}},"type":"if","locations":[{"start":{"line":2,"column":2},"end":{"line":2,"column":null}},{"start":{"line":2,"column":2},"end":{"line":2,"column":null}}]},"2":{"loc":{"start":{"line":3,"column":2},"end":{"line":3,"column":null}},"type":"if","locations":[{"start":{"line":3,"column":2},"end":{"line":3,"column":null}},{"start":{"line":3,"column":2},"end":{"line":3,"column":null}}]},"3":{"loc":{"start":{"line":7,"column":36},"end":{"line":7,"column":78}},"type":"default-arg","locations":[{"start":{"line":7,"column":49},"end":{"line":7,"column":78}}]}},"s":{"0":741,"1":0,"2":741,"3":376,"4":365,"5":2,"6":2,"7":11,"8":0},"f":{"0":741,"1":2},"b":{"0":[0],"1":[0,741],"2":[376,365],"3":[0]}}
,"/home/runner/work/wallet/wallet/src/app/common/math/helpers.ts": {"path":"/home/runner/work/wallet/wallet/src/app/common/math/helpers.ts","statementMap":{"0":{"start":{"line":4,"column":2},"end":{"line":4,"column":null}},"1":{"start":{"line":8,"column":2},"end":{"line":8,"column":null}},"2":{"start":{"line":8,"column":35},"end":{"line":8,"column":50}},"3":{"start":{"line":12,"column":2},"end":{"line":12,"column":null}},"4":{"start":{"line":12,"column":26},"end":{"line":12,"column":null}},"5":{"start":{"line":16,"column":2},"end":{"line":16,"column":null}},"6":{"start":{"line":20,"column":35},"end":{"line":20,"column":null}},"7":{"start":{"line":21,"column":2},"end":{"line":21,"column":null}},"8":{"start":{"line":22,"column":17},"end":{"line":22,"column":null}},"9":{"start":{"line":23,"column":19},"end":{"line":23,"column":null}},"10":{"start":{"line":24,"column":2},"end":{"line":24,"column":null}},"11":{"start":{"line":28,"column":2},"end":{"line":28,"column":null}}},"fnMap":{"0":{"name":"initBigNumber","decl":{"start":{"line":3,"column":16},"end":{"line":3,"column":30}},"loc":{"start":{"line":3,"column":64},"end":{"line":5,"column":null}}},"1":{"name":"sumNumbers","decl":{"start":{"line":7,"column":16},"end":{"line":7,"column":27}},"loc":{"start":{"line":7,"column":43},"end":{"line":9,"column":null}}},"2":{"name":"(anonymous_2)","decl":{"start":{"line":8,"column":21},"end":{"line":8,"column":22}},"loc":{"start":{"line":8,"column":35},"end":{"line":8,"column":50}}},"3":{"name":"isMultipleOf","decl":{"start":{"line":11,"column":9},"end":{"line":11,"column":22}},"loc":{"start":{"line":11,"column":40},"end":{"line":13,"column":null}}},"4":{"name":"(anonymous_4)","decl":{"start":{"line":12,"column":9},"end":{"line":12,"column":10}},"loc":{"start":{"line":12,"column":26},"end":{"line":12,"column":null}}},"5":{"name":"isEven","decl":{"start":{"line":15,"column":16},"end":{"line":15,"column":23}},"loc":{"start":{"line":15,"column":36},"end":{"line":17,"column":null}}},"6":{"name":"countDecimals","decl":{"start":{"line":19,"column":16},"end":{"line":19,"column":30}},"loc":{"start":{"line":19,"column":64},"end":{"line":25,"column":null}}},"7":{"name":"increaseValueByOneMicroStx","decl":{"start":{"line":27,"column":16},"end":{"line":27,"column":43}},"loc":{"start":{"line":27,"column":79},"end":{"line":29,"column":null}}}},"branchMap":{"0":{"loc":{"start":{"line":4,"column":9},"end":{"line":4,"column":null}},"type":"cond-expr","locations":[{"start":{"line":4,"column":38},"end":{"line":4,"column":44}},{"start":{"line":4,"column":44},"end":{"line":4,"column":null}}]},"1":{"loc":{"start":{"line":24,"column":9},"end":{"line":24,"column":null}},"type":"cond-expr","locations":[{"start":{"line":24,"column":20},"end":{"line":24,"column":38}},{"start":{"line":24,"column":38},"end":{"line":24,"column":null}}]}},"s":{"0":12,"1":19,"2":22,"3":0,"4":0,"5":0,"6":4,"7":4,"8":4,"9":4,"10":4,"11":0},"f":{"0":12,"1":19,"2":22,"3":0,"4":0,"5":0,"6":4,"7":0},"b":{"0":[4,8],"1":[3,1]}}
,"/home/runner/work/wallet/wallet/src/app/common/money/calculate-money.ts": {"path":"/home/runner/work/wallet/wallet/src/app/common/money/calculate-money.ts","statementMap":{"0":{"start":{"line":12,"column":2},"end":{"line":17,"column":null}},"1":{"start":{"line":13,"column":4},"end":{"line":17,"column":null}},"2":{"start":{"line":19,"column":2},"end":{"line":25,"column":null}},"3":{"start":{"line":29,"column":2},"end":{"line":29,"column":null}},"4":{"start":{"line":29,"column":20},"end":{"line":29,"column":null}},"5":{"start":{"line":30,"column":2},"end":{"line":30,"column":null}},"6":{"start":{"line":30,"column":27},"end":{"line":30,"column":null}},"7":{"start":{"line":31,"column":2},"end":{"line":31,"column":null}},"8":{"start":{"line":36,"column":2},"end":{"line":36,"column":null}},"9":{"start":{"line":36,"column":20},"end":{"line":36,"column":null}},"10":{"start":{"line":37,"column":2},"end":{"line":37,"column":null}},"11":{"start":{"line":37,"column":27},"end":{"line":37,"column":null}},"12":{"start":{"line":38,"column":2},"end":{"line":38,"column":null}},"13":{"start":{"line":42,"column":2},"end":{"line":42,"column":null}},"14":{"start":{"line":42,"column":41},"end":{"line":42,"column":null}},"15":{"start":{"line":43,"column":2},"end":{"line":43,"column":null}},"16":{"start":{"line":47,"column":2},"end":{"line":48,"column":null}},"17":{"start":{"line":47,"column":29},"end":{"line":47,"column":64}},"18":{"start":{"line":48,"column":4},"end":{"line":48,"column":null}},"19":{"start":{"line":50,"column":14},"end":{"line":50,"column":null}},"20":{"start":{"line":50,"column":47},"end":{"line":50,"column":69}},"21":{"start":{"line":51,"column":2},"end":{"line":51,"column":null}}},"fnMap":{"0":{"name":"baseCurrencyAmountInQuote","decl":{"start":{"line":11,"column":16},"end":{"line":11,"column":42}},"loc":{"start":{"line":11,"column":88},"end":{"line":26,"column":null}}},"1":{"name":"convertAmountToFractionalUnit","decl":{"start":{"line":28,"column":16},"end":{"line":28,"column":46}},"loc":{"start":{"line":28,"column":89},"end":{"line":32,"column":null}}},"2":{"name":"convertAmountToBaseUnit","decl":{"start":{"line":35,"column":16},"end":{"line":35,"column":40}},"loc":{"start":{"line":35,"column":83},"end":{"line":39,"column":null}}},"3":{"name":"subtractMoney","decl":{"start":{"line":41,"column":16},"end":{"line":41,"column":30}},"loc":{"start":{"line":41,"column":62},"end":{"line":44,"column":null}}},"4":{"name":"sumMoney","decl":{"start":{"line":46,"column":16},"end":{"line":46,"column":25}},"loc":{"start":{"line":46,"column":45},"end":{"line":52,"column":null}}},"5":{"name":"(anonymous_5)","decl":{"start":{"line":47,"column":21},"end":{"line":47,"column":29}},"loc":{"start":{"line":47,"column":29},"end":{"line":47,"column":64}}},"6":{"name":"(anonymous_6)","decl":{"start":{"line":50,"column":39},"end":{"line":50,"column":47}},"loc":{"start":{"line":50,"column":47},"end":{"line":50,"column":69}}}},"branchMap":{"0":{"loc":{"start":{"line":12,"column":2},"end":{"line":17,"column":null}},"type":"if","locations":[{"start":{"line":12,"column":2},"end":{"line":17,"column":null}},{"start":{"line":12,"column":2},"end":{"line":17,"column":null}}]},"1":{"loc":{"start":{"line":29,"column":2},"end":{"line":29,"column":null}},"type":"if","locations":[{"start":{"line":29,"column":2},"end":{"line":29,"column":null}},{"start":{"line":29,"column":2},"end":{"line":29,"column":null}}]},"2":{"loc":{"start":{"line":30,"column":2},"end":{"line":30,"column":null}},"type":"if","locations":[{"start":{"line":30,"column":2},"end":{"line":30,"column":null}},{"start":{"line":30,"column":2},"end":{"line":30,"column":null}}]},"3":{"loc":{"start":{"line":36,"column":2},"end":{"line":36,"column":null}},"type":"if","locations":[{"start":{"line":36,"column":2},"end":{"line":36,"column":null}},{"start":{"line":36,"column":2},"end":{"line":36,"column":null}}]},"4":{"loc":{"start":{"line":37,"column":2},"end":{"line":37,"column":null}},"type":"if","locations":[{"start":{"line":37,"column":2},"end":{"line":37,"column":null}},{"start":{"line":37,"column":2},"end":{"line":37,"column":null}}]},"5":{"loc":{"start":{"line":42,"column":2},"end":{"line":42,"column":null}},"type":"if","locations":[{"start":{"line":42,"column":2},"end":{"line":42,"column":null}},{"start":{"line":42,"column":2},"end":{"line":42,"column":null}}]},"6":{"loc":{"start":{"line":47,"column":2},"end":{"line":48,"column":null}},"type":"if","locations":[{"start":{"line":47,"column":2},"end":{"line":48,"column":null}},{"start":{"line":47,"column":2},"end":{"line":48,"column":null}}]}},"s":{"0":3,"1":1,"2":2,"3":4,"4":0,"5":4,"6":0,"7":4,"8":4,"9":4,"10":0,"11":0,"12":0,"13":2,"14":1,"15":1,"16":2,"17":4,"18":1,"19":1,"20":2,"21":1},"f":{"0":3,"1":4,"2":4,"3":2,"4":2,"5":4,"6":2},"b":{"0":[1,2],"1":[0,4],"2":[0,4],"3":[4,0],"4":[0,0],"5":[1,1],"6":[1,1]}}
,"/home/runner/work/wallet/wallet/src/app/common/money/format-money.ts": {"path":"/home/runner/work/wallet/wallet/src/app/common/money/format-money.ts","statementMap":{"0":{"start":{"line":3,"column":18},"end":{"line":3,"column":null}},"1":{"start":{"line":6,"column":2},"end":{"line":6,"column":null}},"2":{"start":{"line":10,"column":2},"end":{"line":10,"column":null}},"3":{"start":{"line":14,"column":2},"end":{"line":14,"column":null}},"4":{"start":{"line":18,"column":2},"end":{"line":18,"column":null}},"5":{"start":{"line":18,"column":33},"end":{"line":18,"column":null}},"6":{"start":{"line":19,"column":28},"end":{"line":19,"column":null}},"7":{"start":{"line":21,"column":20},"end":{"line":23,"column":null}},"8":{"start":{"line":25,"column":2},"end":{"line":26,"column":null}},"9":{"start":{"line":26,"column":4},"end":{"line":26,"column":null}},"10":{"start":{"line":28,"column":2},"end":{"line":28,"column":null}},"11":{"start":{"line":32,"column":2},"end":{"line":32,"column":null}}},"fnMap":{"0":{"name":"formatMoney","decl":{"start":{"line":5,"column":16},"end":{"line":5,"column":28}},"loc":{"start":{"line":5,"column":65},"end":{"line":7,"column":null}}},"1":{"name":"formatMoneyWithoutSymbol","decl":{"start":{"line":9,"column":16},"end":{"line":9,"column":41}},"loc":{"start":{"line":9,"column":70},"end":{"line":11,"column":null}}},"2":{"name":"formatMoneyPadded","decl":{"start":{"line":13,"column":16},"end":{"line":13,"column":34}},"loc":{"start":{"line":13,"column":71},"end":{"line":15,"column":null}}},"3":{"name":"i18nFormatCurrency","decl":{"start":{"line":17,"column":16},"end":{"line":17,"column":35}},"loc":{"start":{"line":17,"column":70},"end":{"line":29,"column":null}}},"4":{"name":"formatDustUsdAmounts","decl":{"start":{"line":31,"column":16},"end":{"line":31,"column":37}},"loc":{"start":{"line":31,"column":52},"end":{"line":33,"column":null}}}},"branchMap":{"0":{"loc":{"start":{"line":17,"column":52},"end":{"line":17,"column":70}},"type":"default-arg","locations":[{"start":{"line":17,"column":61},"end":{"line":17,"column":70}}]},"1":{"loc":{"start":{"line":18,"column":2},"end":{"line":18,"column":null}},"type":"if","locations":[{"start":{"line":18,"column":2},"end":{"line":18,"column":null}},{"start":{"line":18,"column":2},"end":{"line":18,"column":null}}]},"2":{"loc":{"start":{"line":25,"column":2},"end":{"line":26,"column":null}},"type":"if","locations":[{"start":{"line":25,"column":2},"end":{"line":26,"column":null}},{"start":{"line":25,"column":2},"end":{"line":26,"column":null}}]},"3":{"loc":{"start":{"line":25,"column":6},"end":{"line":25,"column":null}},"type":"binary-expr","locations":[{"start":{"line":25,"column":6},"end":{"line":25,"column":42}},{"start":{"line":25,"column":42},"end":{"line":25,"column":null}}]},"4":{"loc":{"start":{"line":32,"column":9},"end":{"line":32,"column":null}},"type":"cond-expr","locations":[{"start":{"line":32,"column":34},"end":{"line":32,"column":84}},{"start":{"line":32,"column":84},"end":{"line":32,"column":null}}]}},"s":{"0":1,"1":1,"2":0,"3":0,"4":0,"5":0,"6":0,"7":0,"8":0,"9":0,"10":0,"11":0},"f":{"0":1,"1":0,"2":0,"3":0,"4":0},"b":{"0":[0],"1":[0,0],"2":[0,0],"3":[0,0],"4":[0,0]}}
,"/home/runner/work/wallet/wallet/src/app/common/money/is-money.ts": {"path":"/home/runner/work/wallet/wallet/src/app/common/money/is-money.ts","statementMap":{"0":{"start":{"line":5,"column":2},"end":{"line":5,"column":null}},"1":{"start":{"line":5,"column":22},"end":{"line":5,"column":null}},"2":{"start":{"line":6,"column":2},"end":{"line":6,"column":null}}},"fnMap":{"0":{"name":"isMoney","decl":{"start":{"line":4,"column":16},"end":{"line":4,"column":24}},"loc":{"start":{"line":4,"column":52},"end":{"line":7,"column":null}}}},"branchMap":{"0":{"loc":{"start":{"line":5,"column":2},"end":{"line":5,"column":null}},"type":"if","locations":[{"start":{"line":5,"column":2},"end":{"line":5,"column":null}},{"start":{"line":5,"column":2},"end":{"line":5,"column":null}}]},"1":{"loc":{"start":{"line":6,"column":9},"end":{"line":6,"column":null}},"type":"binary-expr","locations":[{"start":{"line":6,"column":9},"end":{"line":6,"column":28}},{"start":{"line":6,"column":28},"end":{"line":6,"column":47}},{"start":{"line":6,"column":47},"end":{"line":6,"column":null}}]}},"s":{"0":8,"1":0,"2":8},"f":{"0":8},"b":{"0":[0,8],"1":[8,4,4]}}
,"/home/runner/work/wallet/wallet/src/app/common/money/unit-conversion.ts": {"path":"/home/runner/work/wallet/wallet/src/app/common/money/unit-conversion.ts","statementMap":{"0":{"start":{"line":9,"column":2},"end":{"line":12,"column":null}},"1":{"start":{"line":10,"column":26},"end":{"line":10,"column":null}},"2":{"start":{"line":11,"column":4},"end":{"line":11,"column":null}},"3":{"start":{"line":16,"column":2},"end":{"line":19,"column":null}},"4":{"start":{"line":17,"column":26},"end":{"line":17,"column":null}},"5":{"start":{"line":18,"column":4},"end":{"line":18,"column":null}},"6":{"start":{"line":22,"column":24},"end":{"line":22,"column":null}},"7":{"start":{"line":23,"column":24},"end":{"line":23,"column":null}},"8":{"start":{"line":25,"column":29},"end":{"line":25,"column":null}},"9":{"start":{"line":26,"column":29},"end":{"line":26,"column":null}},"10":{"start":{"line":29,"column":2},"end":{"line":29,"column":null}}},"fnMap":{"0":{"name":"fractionalUnitToUnit","decl":{"start":{"line":8,"column":9},"end":{"line":8,"column":30}},"loc":{"start":{"line":8,"column":48},"end":{"line":13,"column":null}}},"1":{"name":"(anonymous_1)","decl":{"start":{"line":9,"column":9},"end":{"line":9,"column":10}},"loc":{"start":{"line":9,"column":48},"end":{"line":12,"column":null}}},"2":{"name":"unitToFractionalUnit","decl":{"start":{"line":15,"column":16},"end":{"line":15,"column":37}},"loc":{"start":{"line":15,"column":55},"end":{"line":20,"column":null}}},"3":{"name":"(anonymous_3)","decl":{"start":{"line":16,"column":9},"end":{"line":16,"column":10}},"loc":{"start":{"line":16,"column":48},"end":{"line":19,"column":null}}},"4":{"name":"moneyToBaseUnit","decl":{"start":{"line":28,"column":16},"end":{"line":28,"column":32}},"loc":{"start":{"line":28,"column":44},"end":{"line":30,"column":null}}}},"branchMap":{},"s":{"0":8,"1":4,"2":4,"3":8,"4":0,"5":0,"6":4,"7":4,"8":4,"9":4,"10":0},"f":{"0":8,"1":4,"2":8,"3":0,"4":0},"b":{}}
,"/home/runner/work/wallet/wallet/src/app/common/signature/requests.ts": {"path":"/home/runner/work/wallet/wallet/src/app/common/signature/requests.ts","statementMap":{"0":{"start":{"line":9,"column":16},"end":{"line":9,"column":null}},"1":{"start":{"line":10,"column":2},"end":{"line":10,"column":null}},"2":{"start":{"line":14,"column":16},"end":{"line":14,"column":null}},"3":{"start":{"line":15,"column":2},"end":{"line":15,"column":null}},"4":{"start":{"line":19,"column":16},"end":{"line":19,"column":null}},"5":{"start":{"line":20,"column":2},"end":{"line":20,"column":null}},"6":{"start":{"line":20,"column":31},"end":{"line":20,"column":null}},"7":{"start":{"line":22,"column":17},"end":{"line":22,"column":null}},"8":{"start":{"line":27,"column":2},"end":{"line":31,"column":null}}},"fnMap":{"0":{"name":"getGenericSignaturePayloadFromToken","decl":{"start":{"line":8,"column":16},"end":{"line":8,"column":52}},"loc":{"start":{"line":8,"column":98},"end":{"line":11,"column":null}}},"1":{"name":"getSignaturePayloadFromToken","decl":{"start":{"line":13,"column":16},"end":{"line":13,"column":45}},"loc":{"start":{"line":13,"column":85},"end":{"line":16,"column":null}}},"2":{"name":"getStructuredDataPayloadFromToken","decl":{"start":{"line":18,"column":16},"end":{"line":18,"column":50}},"loc":{"start":{"line":18,"column":72},"end":{"line":32,"column":null}}}},"branchMap":{"0":{"loc":{"start":{"line":20,"column":2},"end":{"line":20,"column":null}},"type":"if","locations":[{"start":{"line":20,"column":2},"end":{"line":20,"column":null}},{"start":{"line":20,"column":2},"end":{"line":20,"column":null}}]}},"s":{"0":0,"1":0,"2":0,"3":0,"4":0,"5":0,"6":0,"7":0,"8":0},"f":{"0":0,"1":0,"2":0},"b":{"0":[0,0]}}
,"/home/runner/work/wallet/wallet/src/app/common/transactions/bitcoin/coinselect/local-coin-selection.ts": {"path":"/home/runner/work/wallet/wallet/src/app/common/transactions/bitcoin/coinselect/local-coin-selection.ts","statementMap":{"0":{"start":{"line":22,"column":2},"end":{"line":22,"column":null}},"1":{"start":{"line":22,"column":28},"end":{"line":22,"column":null}},"2":{"start":{"line":24,"column":22},"end":{"line":24,"column":null}},"3":{"start":{"line":26,"column":18},"end":{"line":26,"column":null}},"4":{"start":{"line":28,"column":19},"end":{"line":32,"column":null}},"5":{"start":{"line":34,"column":18},"end":{"line":34,"column":null}},"6":{"start":{"line":36,"column":14},"end":{"line":36,"column":null}},"7":{"start":{"line":38,"column":2},"end":{"line":44,"column":null}},"8":{"start":{"line":53,"column":2},"end":{"line":53,"column":null}},"9":{"start":{"line":53,"column":28},"end":{"line":53,"column":null}},"10":{"start":{"line":55,"column":22},"end":{"line":55,"column":null}},"11":{"start":{"line":57,"column":23},"end":{"line":59,"column":null}},"12":{"start":{"line":58,"column":20},"end":{"line":58,"column":56}},"13":{"start":{"line":59,"column":20},"end":{"line":59,"column":37}},"14":{"start":{"line":61,"column":18},"end":{"line":61,"column":null}},"15":{"start":{"line":63,"column":22},"end":{"line":63,"column":null}},"16":{"start":{"line":64,"column":12},"end":{"line":64,"column":null}},"17":{"start":{"line":65,"column":17},"end":{"line":65,"column":null}},"18":{"start":{"line":67,"column":2},"end":{"line":79,"column":null}},"19":{"start":{"line":68,"column":4},"end":{"line":74,"column":null}},"20":{"start":{"line":75,"column":4},"end":{"line":75,"column":null}},"21":{"start":{"line":75,"column":80},"end":{"line":75,"column":null}},"22":{"start":{"line":77,"column":4},"end":{"line":77,"column":null}},"23":{"start":{"line":78,"column":4},"end":{"line":78,"column":null}},"24":{"start":{"line":81,"column":2},"end":{"line":81,"column":null}},"25":{"start":{"line":81,"column":17},"end":{"line":81,"column":null}},"26":{"start":{"line":83,"column":14},"end":{"line":83,"column":null}},"27":{"start":{"line":85,"column":18},"end":{"line":90,"column":null}},"28":{"start":{"line":92,"column":2},"end":{"line":98,"column":null}}},"fnMap":{"0":{"name":"determineUtxosForSpendAll","decl":{"start":{"line":16,"column":16},"end":{"line":16,"column":42}},"loc":{"start":{"line":21,"column":31},"end":{"line":45,"column":null}}},"1":{"name":"determineUtxosForSpend","decl":{"start":{"line":47,"column":16},"end":{"line":47,"column":39}},"loc":{"start":{"line":52,"column":31},"end":{"line":99,"column":null}}},"2":{"name":"(anonymous_2)","decl":{"start":{"line":58,"column":12},"end":{"line":58,"column":20}},"loc":{"start":{"line":58,"column":20},"end":{"line":58,"column":56}}},"3":{"name":"(anonymous_3)","decl":{"start":{"line":59,"column":10},"end":{"line":59,"column":11}},"loc":{"start":{"line":59,"column":20},"end":{"line":59,"column":37}}}},"branchMap":{"0":{"loc":{"start":{"line":22,"column":2},"end":{"line":22,"column":null}},"type":"if","locations":[{"start":{"line":22,"column":2},"end":{"line":22,"column":null}},{"start":{"line":22,"column":2},"end":{"line":22,"column":null}}]},"1":{"loc":{"start":{"line":53,"column":2},"end":{"line":53,"column":null}},"type":"if","locations":[{"start":{"line":53,"column":2},"end":{"line":53,"column":null}},{"start":{"line":53,"column":2},"end":{"line":53,"column":null}}]},"2":{"loc":{"start":{"line":75,"column":4},"end":{"line":75,"column":null}},"type":"if","locations":[{"start":{"line":75,"column":4},"end":{"line":75,"column":null}},{"start":{"line":75,"column":4},"end":{"line":75,"column":null}}]},"3":{"loc":{"start":{"line":81,"column":2},"end":{"line":81,"column":null}},"type":"if","locations":[{"start":{"line":81,"column":2},"end":{"line":81,"column":null}},{"start":{"line":81,"column":2},"end":{"line":81,"column":null}}]}},"s":{"0":0,"1":0,"2":0,"3":0,"4":0,"5":0,"6":0,"7":0,"8":12,"9":1,"10":11,"11":11,"12":180,"13":403,"14":11,"15":11,"16":11,"17":11,"18":11,"19":35,"20":35,"21":11,"22":24,"23":24,"24":11,"25":0,"26":11,"27":11,"28":11},"f":{"0":0,"1":12,"2":180,"3":403},"b":{"0":[0,0],"1":[1,11],"2":[11,24],"3":[0,11]}}
,"/home/runner/work/wallet/wallet/src/app/common/transactions/bitcoin/fees/btc-size-fee-estimator.ts": {"path":"/home/runner/work/wallet/wallet/src/app/common/transactions/bitcoin/fees/btc-size-fee-estimator.ts","statementMap":{"0":{"start":{"line":28,"column":18},"end":{"line":28,"column":null}},"1":{"start":{"line":29,"column":19},"end":{"line":29,"column":null}},"2":{"start":{"line":30,"column":18},"end":{"line":30,"column":null}},"3":{"start":{"line":31,"column":25},"end":{"line":31,"column":null}},"4":{"start":{"line":32,"column":24},"end":{"line":32,"column":null}},"5":{"start":{"line":33,"column":24},"end":{"line":33,"column":null}},"6":{"start":{"line":34,"column":19},"end":{"line":34,"column":null}},"7":{"start":{"line":35,"column":20},"end":{"line":35,"column":null}},"8":{"start":{"line":36,"column":19},"end":{"line":36,"column":null}},"9":{"start":{"line":37,"column":18},"end":{"line":37,"column":null}},"10":{"start":{"line":38,"column":17},"end":{"line":38,"column":null}},"11":{"start":{"line":39,"column":16},"end":{"line":39,"column":null}},"12":{"start":{"line":40,"column":19},"end":{"line":40,"column":null}},"13":{"start":{"line":41,"column":53},"end":{"line":49,"column":null}},"14":{"start":{"line":51,"column":26},"end":{"line":63,"column":null}},"15":{"start":{"line":65,"column":19},"end":{"line":65,"column":null}},"16":{"start":{"line":68,"column":4},"end":{"line":78,"column":null}},"17":{"start":{"line":69,"column":6},"end":{"line":69,"column":null}},"18":{"start":{"line":70,"column":4},"end":{"line":78,"column":null}},"19":{"start":{"line":71,"column":6},"end":{"line":71,"column":null}},"20":{"start":{"line":72,"column":4},"end":{"line":78,"column":null}},"21":{"start":{"line":73,"column":6},"end":{"line":73,"column":null}},"22":{"start":{"line":74,"column":4},"end":{"line":78,"column":null}},"23":{"start":{"line":75,"column":6},"end":{"line":75,"column":null}},"24":{"start":{"line":77,"column":6},"end":{"line":77,"column":null}},"25":{"start":{"line":82,"column":4},"end":{"line":92,"column":null}},"26":{"start":{"line":83,"column":6},"end":{"line":83,"column":null}},"27":{"start":{"line":84,"column":4},"end":{"line":92,"column":null}},"28":{"start":{"line":85,"column":6},"end":{"line":85,"column":null}},"29":{"start":{"line":86,"column":4},"end":{"line":92,"column":null}},"30":{"start":{"line":87,"column":6},"end":{"line":87,"column":null}},"31":{"start":{"line":88,"column":4},"end":{"line":92,"column":null}},"32":{"start":{"line":89,"column":6},"end":{"line":89,"column":null}},"33":{"start":{"line":91,"column":6},"end":{"line":91,"column":null}},"34":{"start":{"line":97,"column":4},"end":{"line":105,"column":null}},"35":{"start":{"line":98,"column":6},"end":{"line":98,"column":null}},"36":{"start":{"line":101,"column":6},"end":{"line":104,"column":null}},"37":{"start":{"line":107,"column":4},"end":{"line":112,"column":null}},"38":{"start":{"line":118,"column":4},"end":{"line":126,"column":null}},"39":{"start":{"line":119,"column":6},"end":{"line":119,"column":null}},"40":{"start":{"line":122,"column":6},"end":{"line":125,"column":null}},"41":{"start":{"line":128,"column":4},"end":{"line":128,"column":null}},"42":{"start":{"line":133,"column":4},"end":{"line":133,"column":null}},"43":{"start":{"line":135,"column":24},"end":{"line":135,"column":null}},"44":{"start":{"line":136,"column":4},"end":{"line":138,"column":null}},"45":{"start":{"line":137,"column":6},"end":{"line":137,"column":null}},"46":{"start":{"line":140,"column":25},"end":{"line":140,"column":null}},"47":{"start":{"line":141,"column":4},"end":{"line":143,"column":null}},"48":{"start":{"line":142,"column":6},"end":{"line":142,"column":null}},"49":{"start":{"line":145,"column":20},"end":{"line":145,"column":null}},"50":{"start":{"line":146,"column":4},"end":{"line":148,"column":null}},"51":{"start":{"line":147,"column":6},"end":{"line":147,"column":null}},"52":{"start":{"line":150,"column":20},"end":{"line":150,"column":null}},"53":{"start":{"line":151,"column":4},"end":{"line":153,"column":null}},"54":{"start":{"line":152,"column":6},"end":{"line":152,"column":null}},"55":{"start":{"line":155,"column":31},"end":{"line":155,"column":null}},"56":{"start":{"line":156,"column":4},"end":{"line":158,"column":null}},"57":{"start":{"line":157,"column":6},"end":{"line":157,"column":null}},"58":{"start":{"line":160,"column":30},"end":{"line":160,"column":null}},"59":{"start":{"line":161,"column":4},"end":{"line":163,"column":null}},"60":{"start":{"line":162,"column":6},"end":{"line":162,"column":null}},"61":{"start":{"line":166,"column":6},"end":{"line":166,"column":null}},"62":{"start":{"line":167,"column":4},"end":{"line":169,"column":null}},"63":{"start":{"line":168,"column":6},"end":{"line":168,"column":null}},"64":{"start":{"line":172,"column":6},"end":{"line":172,"column":null}},"65":{"start":{"line":173,"column":4},"end":{"line":175,"column":null}},"66":{"start":{"line":174,"column":6},"end":{"line":174,"column":null}},"67":{"start":{"line":177,"column":32},"end":{"line":177,"column":null}},"68":{"start":{"line":178,"column":4},"end":{"line":180,"column":null}},"69":{"start":{"line":179,"column":6},"end":{"line":179,"column":null}},"70":{"start":{"line":182,"column":31},"end":{"line":182,"column":null}},"71":{"start":{"line":183,"column":4},"end":{"line":185,"column":null}},"72":{"start":{"line":184,"column":6},"end":{"line":184,"column":null}},"73":{"start":{"line":187,"column":30},"end":{"line":187,"column":null}},"74":{"start":{"line":188,"column":4},"end":{"line":190,"column":null}},"75":{"start":{"line":189,"column":6},"end":{"line":189,"column":null}},"76":{"start":{"line":192,"column":4},"end":{"line":204,"column":null}},"77":{"start":{"line":206,"column":4},"end":{"line":206,"column":null}},"78":{"start":{"line":210,"column":4},"end":{"line":217,"column":null}},"79":{"start":{"line":223,"column":20},"end":{"line":223,"column":null}},"80":{"start":{"line":224,"column":27},"end":{"line":224,"column":null}},"81":{"start":{"line":226,"column":4},"end":{"line":274,"column":null}},"82":{"start":{"line":228,"column":8},"end":{"line":228,"column":null}},"83":{"start":{"line":229,"column":8},"end":{"line":229,"column":null}},"84":{"start":{"line":231,"column":8},"end":{"line":231,"column":null}},"85":{"start":{"line":232,"column":8},"end":{"line":232,"column":null}},"86":{"start":{"line":233,"column":8},"end":{"line":233,"column":null}},"87":{"start":{"line":235,"column":8},"end":{"line":235,"column":null}},"88":{"start":{"line":236,"column":8},"end":{"line":236,"column":null}},"89":{"start":{"line":237,"column":8},"end":{"line":237,"column":null}},"90":{"start":{"line":239,"column":8},"end":{"line":239,"column":null}},"91":{"start":{"line":240,"column":8},"end":{"line":240,"column":null}},"92":{"start":{"line":241,"column":8},"end":{"line":241,"column":null}},"93":{"start":{"line":243,"column":8},"end":{"line":247,"column":null}},"94":{"start":{"line":249,"column":10},"end":{"line":252,"column":null}},"95":{"start":{"line":253,"column":8},"end":{"line":253,"column":null}},"96":{"start":{"line":254,"column":8},"end":{"line":254,"column":null}},"97":{"start":{"line":257,"column":8},"end":{"line":261,"column":null}},"98":{"start":{"line":262,"column":8},"end":{"line":266,"column":null}},"99":{"start":{"line":267,"column":8},"end":{"line":270,"column":null}},"100":{"start":{"line":271,"column":8},"end":{"line":273,"column":null}},"101":{"start":{"line":272,"column":10},"end":{"line":272,"column":null
[...]
,"/home/runner/work/wallet/wallet/src/shared/models/market.model.ts": {"path":"/home/runner/work/wallet/wallet/src/shared/models/market.model.ts","statementMap":{"0":{"start":{"line":10,"column":2},"end":{"line":10,"column":null}},"1":{"start":{"line":14,"column":2},"end":{"line":14,"column":null}},"2":{"start":{"line":23,"column":2},"end":{"line":24,"column":null}},"3":{"start":{"line":24,"column":4},"end":{"line":24,"column":null}},"4":{"start":{"line":25,"column":2},"end":{"line":25,"column":null}}},"fnMap":{"0":{"name":"createMarketPair","decl":{"start":{"line":9,"column":16},"end":{"line":9,"column":33}},"loc":{"start":{"line":9,"column":92},"end":{"line":11,"column":null}}},"1":{"name":"formatMarketPair","decl":{"start":{"line":13,"column":16},"end":{"line":13,"column":33}},"loc":{"start":{"line":13,"column":62},"end":{"line":15,"column":null}}},"2":{"name":"createMarketData","decl":{"start":{"line":22,"column":16},"end":{"line":22,"column":33}},"loc":{"start":{"line":22,"column":77},"end":{"line":26,"column":null}}}},"branchMap":{"0":{"loc":{"start":{"line":23,"column":2},"end":{"line":24,"column":null}},"type":"if","locations":[{"start":{"line":23,"column":2},"end":{"line":24,"column":null}},{"start":{"line":23,"column":2},"end":{"line":24,"column":null}}]}},"s":{"0":2,"1":1,"2":1,"3":0,"4":1},"f":{"0":2,"1":1,"2":1},"b":{"0":[0,1]}}
,"/home/runner/work/wallet/wallet/src/shared/models/money.model.ts": {"path":"/home/runner/work/wallet/wallet/src/shared/models/money.model.ts","statementMap":{"0":{"start":{"line":18,"column":35},"end":{"line":22,"column":null}},"1":{"start":{"line":27,"column":2},"end":{"line":27,"column":null}},"2":{"start":{"line":31,"column":2},"end":{"line":31,"column":null}},"3":{"start":{"line":31,"column":43},"end":{"line":31,"column":null}},"4":{"start":{"line":32,"column":2},"end":{"line":32,"column":null}},"5":{"start":{"line":39,"column":2},"end":{"line":40,"column":null}},"6":{"start":{"line":40,"column":4},"end":{"line":40,"column":null}},"7":{"start":{"line":53,"column":2},"end":{"line":53,"column":null}},"8":{"start":{"line":54,"column":19},"end":{"line":54,"column":null}},"9":{"start":{"line":55,"column":17},"end":{"line":55,"column":null}},"10":{"start":{"line":56,"column":2},"end":{"line":56,"column":null}},"11":{"start":{"line":65,"column":2},"end":{"line":65,"column":null}},"12":{"start":{"line":66,"column":19},"end":{"line":66,"column":null}},"13":{"start":{"line":67,"column":17},"end":{"line":67,"column":null}},"14":{"start":{"line":68,"column":2},"end":{"line":68,"column":null}}},"fnMap":{"0":{"name":"isResolutionOfCurrencyKnown","decl":{"start":{"line":26,"column":9},"end":{"line":26,"column":37}},"loc":{"start":{"line":26,"column":90},"end":{"line":28,"column":null}}},"1":{"name":"getDecimalsOfSymbolIfKnown","decl":{"start":{"line":30,"column":9},"end":{"line":30,"column":36}},"loc":{"start":{"line":30,"column":56},"end":{"line":33,"column":null}}},"2":{"name":"throwWhenDecimalUnknown","decl":{"start":{"line":35,"column":9},"end":{"line":35,"column":null}},"loc":{"start":{"line":38,"column":30},"end":{"line":41,"column":null}}},"3":{"name":"createMoneyFromDecimal","decl":{"start":{"line":48,"column":16},"end":{"line":48,"column":null}},"loc":{"start":{"line":52,"column":9},"end":{"line":57,"column":null}}},"4":{"name":"createMoney","decl":{"start":{"line":64,"column":16},"end":{"line":64,"column":28}},"loc":{"start":{"line":64,"column":92},"end":{"line":69,"column":null}}}},"branchMap":{"0":{"loc":{"start":{"line":31,"column":2},"end":{"line":31,"column":null}},"type":"if","locations":[{"start":{"line":31,"column":2},"end":{"line":31,"column":null}},{"start":{"line":31,"column":2},"end":{"line":31,"column":null}}]},"1":{"loc":{"start":{"line":39,"column":2},"end":{"line":40,"column":null}},"type":"if","locations":[{"start":{"line":39,"column":2},"end":{"line":40,"column":null}},{"start":{"line":39,"column":2},"end":{"line":40,"column":null}}]},"2":{"loc":{"start":{"line":39,"column":6},"end":{"line":39,"column":null}},"type":"binary-expr","locations":[{"start":{"line":39,"column":6},"end":{"line":39,"column":31}},{"start":{"line":39,"column":31},"end":{"line":39,"column":null}}]},"3":{"loc":{"start":{"line":54,"column":19},"end":{"line":54,"column":null}},"type":"binary-expr","locations":[{"start":{"line":54,"column":19},"end":{"line":54,"column":57}},{"start":{"line":54,"column":57},"end":{"line":54,"column":null}}]},"4":{"loc":{"start":{"line":55,"column":31},"end":{"line":55,"column":73}},"type":"cond-expr","locations":[{"start":{"line":55,"column":49},"end":{"line":55,"column":68}},{"start":{"line":55,"column":68},"end":{"line":55,"column":73}}]},"5":{"loc":{"start":{"line":66,"column":19},"end":{"line":66,"column":null}},"type":"binary-expr","locations":[{"start":{"line":66,"column":19},"end":{"line":66,"column":57}},{"start":{"line":66,"column":57},"end":{"line":66,"column":null}}]},"6":{"loc":{"start":{"line":67,"column":31},"end":{"line":67,"column":73}},"type":"cond-expr","locations":[{"start":{"line":67,"column":49},"end":{"line":67,"column":68}},{"start":{"line":67,"column":68},"end":{"line":67,"column":73}}]}},"s":{"0":1,"1":15,"2":15,"3":14,"4":1,"5":9,"6":0,"7":4,"8":4,"9":4,"10":4,"11":5,"12":5,"13":5,"14":5},"f":{"0":15,"1":15,"2":9,"3":4,"4":5},"b":{"0":[14,1],"1":[0,9],"2":[9,6],"3":[4,1],"4":[0,4],"5":[5,0],"6":[0,5]}}
,"/home/runner/work/wallet/wallet/src/shared/models/onboarding-types.ts": {"path":"/home/runner/work/wallet/wallet/src/shared/models/onboarding-types.ts","statementMap":{"0":{"start":{"line":1,"column":7},"end":{"line":1,"column":null}},"1":{"start":{"line":2,"column":2},"end":{"line":2,"column":null}},"2":{"start":{"line":3,"column":2},"end":{"line":3,"column":null}},"3":{"start":{"line":4,"column":2},"end":{"line":4,"column":null}},"4":{"start":{"line":5,"column":2},"end":{"line":5,"column":null}},"5":{"start":{"line":1,"column":12},"end":{"line":1,"column":null}},"6":{"start":{"line":8,"column":7},"end":{"line":8,"column":null}},"7":{"start":{"line":9,"column":2},"end":{"line":9,"column":null}},"8":{"start":{"line":10,"column":2},"end":{"line":10,"column":null}},"9":{"start":{"line":8,"column":12},"end":{"line":8,"column":null}}},"fnMap":{"0":{"name":"(anonymous_0)","decl":{"start":{"line":1,"column":7},"end":{"line":1,"column":12}},"loc":{"start":{"line":1,"column":7},"end":{"line":1,"column":null}}},"1":{"name":"(anonymous_1)","decl":{"start":{"line":8,"column":7},"end":{"line":8,"column":12}},"loc":{"start":{"line":8,"column":7},"end":{"line":8,"column":null}}}},"branchMap":{"0":{"loc":{"start":{"line":1,"column":12},"end":{"line":1,"column":null}},"type":"binary-expr","locations":[{"start":{"line":1,"column":12},"end":{"line":1,"column":null}},{"start":{"line":1,"column":12},"end":{"line":1,"column":null}}]},"1":{"loc":{"start":{"line":8,"column":12},"end":{"line":8,"column":null}},"type":"binary-expr","locations":[{"start":{"line":8,"column":12},"end":{"line":8,"column":null}},{"start":{"line":8,"column":12},"end":{"line":8,"column":null}}]}},"s":{"0":1,"1":1,"2":1,"3":1,"4":1,"5":1,"6":1,"7":1,"8":1,"9":1},"f":{"0":1,"1":1},"b":{"0":[1,1],"1":[1,1]}}
,"/home/runner/work/wallet/wallet/src/shared/utils/analytics.ts": {"path":"/home/runner/work/wallet/wallet/src/shared/utils/analytics.ts","statementMap":{"0":{"start":{"line":15,"column":25},"end":{"line":15,"column":null}},"1":{"start":{"line":18,"column":2},"end":{"line":33,"column":null}},"2":{"start":{"line":37,"column":2},"end":{"line":37,"column":null}},"3":{"start":{"line":37,"column":34},"end":{"line":37,"column":null}},"4":{"start":{"line":39,"column":2},"end":{"line":71,"column":null}},"5":{"start":{"line":61,"column":21},"end":{"line":61,"column":null}},"6":{"start":{"line":62,"column":34},"end":{"line":62,"column":null}},"7":{"start":{"line":64,"column":6},"end":{"line":64,"column":null}},"8":{"start":{"line":64,"column":32},"end":{"line":64,"column":null}},"9":{"start":{"line":66,"column":6},"end":{"line":66,"column":null}},"10":{"start":{"line":67,"column":6},"end":{"line":67,"column":null}},"11":{"start":{"line":69,"column":6},"end":{"line":69,"column":null}}},"fnMap":{"0":{"name":"initAnalytics","decl":{"start":{"line":17,"column":16},"end":{"line":17,"column":32}},"loc":{"start":{"line":17,"column":32},"end":{"line":34,"column":null}}},"1":{"name":"initSentry","decl":{"start":{"line":36,"column":16},"end":{"line":36,"column":29}},"loc":{"start":{"line":36,"column":29},"end":{"line":72,"column":null}}},"2":{"name":"(anonymous_2)","decl":{"start":{"line":60,"column":4},"end":{"line":60,"column":10}},"loc":{"start":{"line":60,"column":28},"end":{"line":70,"column":null}}}},"branchMap":{"0":{"loc":{"start":{"line":37,"column":2},"end":{"line":37,"column":null}},"type":"if","locations":[{"start":{"line":37,"column":2},"end":{"line":37,"column":null}},{"start":{"line":37,"column":2},"end":{"line":37,"column":null}}]},"1":{"loc":{"start":{"line":37,"column":6},"end":{"line":37,"column":34}},"type":"binary-expr","locations":[{"start":{"line":37,"column":6},"end":{"line":37,"column":21}},{"start":{"line":37,"column":21},"end":{"line":37,"column":34}}]},"2":{"loc":{"start":{"line":64,"column":6},"end":{"line":64,"column":null}},"type":"if","locations":[{"start":{"line":64,"column":6},"end":{"line":64,"column":null}},{"start":{"line":64,"column":6},"end":{"line":64,"column":null}}]}},"s":{"0":1,"1":0,"2":0,"3":0,"4":0,"5":0,"6":0,"7":0,"8":0,"9":0,"10":0,"11":0},"f":{"0":0,"1":0,"2":0},"b":{"0":[0,0],"1":[0,0],"2":[0,0]}}
,"/home/runner/work/wallet/wallet/src/shared/utils/requests.ts": {"path":"/home/runner/work/wallet/wallet/src/shared/utils/requests.ts","statementMap":{"0":{"start":{"line":15,"column":2},"end":{"line":15,"column":null}},"1":{"start":{"line":15,"column":26},"end":{"line":15,"column":null}},"2":{"start":{"line":16,"column":2},"end":{"line":16,"column":null}},"3":{"start":{"line":16,"column":36},"end":{"line":16,"column":null}},"4":{"start":{"line":17,"column":2},"end":{"line":17,"column":null}},"5":{"start":{"line":21,"column":16},"end":{"line":21,"column":null}},"6":{"start":{"line":22,"column":2},"end":{"line":22,"column":null}}},"fnMap":{"0":{"name":"getCoreApiUrl","decl":{"start":{"line":14,"column":16},"end":{"line":14,"column":30}},"loc":{"start":{"line":14,"column":82},"end":{"line":18,"column":null}}},"1":{"name":"getPayloadFromToken","decl":{"start":{"line":20,"column":16},"end":{"line":20,"column":36}},"loc":{"start":{"line":20,"column":58},"end":{"line":23,"column":null}}}},"branchMap":{"0":{"loc":{"start":{"line":15,"column":2},"end":{"line":15,"column":null}},"type":"if","locations":[{"start":{"line":15,"column":2},"end":{"line":15,"column":null}},{"start":{"line":15,"column":2},"end":{"line":15,"column":null}}]},"1":{"loc":{"start":{"line":16,"column":2},"end":{"line":16,"column":null}},"type":"if","locations":[{"start":{"line":16,"column":2},"end":{"line":16,"column":null}},{"start":{"line":16,"column":2},"end":{"line":16,"column":null}}]}},"s":{"0":0,"1":0,"2":0,"3":0,"4":0,"5":2,"6":2},"f":{"0":0,"1":2},"b":{"0":[0,0],"1":[0,0]}}
,"/home/runner/work/wallet/wallet/src/shared/utils/validate-url.ts": {"path":"/home/runner/work/wallet/wallet/src/shared/utils/validate-url.ts","statementMap":{"0":{"start":{"line":4,"column":2},"end":{"line":4,"column":null}}},"fnMap":{"0":{"name":"isValidUrl","decl":{"start":{"line":3,"column":16},"end":{"line":3,"column":27}},"loc":{"start":{"line":3,"column":40},"end":{"line":5,"column":null}}}},"branchMap":{},"s":{"0":491},"f":{"0":491},"b":{}}
,"/home/runner/work/wallet/wallet/tests-legacy/mocks/index.ts": {"path":"/home/runner/work/wallet/wallet/tests-legacy/mocks/index.ts","statementMap":{"0":{"start":{"line":6,"column":2},"end":{"line":6,"column":null}},"1":{"start":{"line":9,"column":2},"end":{"line":9,"column":null}},"2":{"start":{"line":11,"column":47},"end":{"line":40,"column":null}},"3":{"start":{"line":43,"column":36},"end":{"line":63,"column":null}},"4":{"start":{"line":66,"column":2},"end":{"line":66,"column":null}},"5":{"start":{"line":69,"column":2},"end":{"line":69,"column":null}},"6":{"start":{"line":71,"column":39},"end":{"line":71,"column":null}}},"fnMap":{},"branchMap":{},"s":{"0":3,"1":3,"2":3,"3":3,"4":3,"5":3,"6":3},"f":{},"b":{}}
,"/home/runner/work/wallet/wallet/tests-legacy/mocks/local-storage-mock.ts": {"path":"/home/runner/work/wallet/wallet/tests-legacy/mocks/local-storage-mock.ts","statementMap":{"0":{"start":{"line":4,"column":4},"end":{"line":4,"column":null}},"1":{"start":{"line":8,"column":4},"end":{"line":8,"column":null}},"2":{"start":{"line":12,"column":4},"end":{"line":12,"column":null}},"3":{"start":{"line":16,"column":4},"end":{"line":16,"column":null}},"4":{"start":{"line":20,"column":4},"end":{"line":20,"column":null}}},"fnMap":{"0":{"name":"(anonymous_0)","decl":{"start":{"line":3,"column":2},"end":{"line":3,"column":16}},"loc":{"start":{"line":3,"column":16},"end":{"line":5,"column":null}}},"1":{"name":"(anonymous_1)","decl":{"start":{"line":7,"column":2},"end":{"line":7,"column":10}},"loc":{"start":{"line":7,"column":10},"end":{"line":9,"column":null}}},"2":{"name":"(anonymous_2)","decl":{"start":{"line":11,"column":2},"end":{"line":11,"column":10}},"loc":{"start":{"line":11,"column":23},"end":{"line":13,"column":null}}},"3":{"name":"(anonymous_3)","decl":{"start":{"line":15,"column":2},"end":{"line":15,"column":10}},"loc":{"start":{"line":15,"column":38},"end":{"line":17,"column":null}}},"4":{"name":"(anonymous_4)","decl":{"start":{"line":19,"column":2},"end":{"line":19,"column":13}},"loc":{"start":{"line":19,"column":26},"end":{"line":21,"column":null}}}},"branchMap":{"0":{"loc":{"start":{"line":12,"column":11},"end":{"line":12,"column":null}},"type":"binary-expr","locations":[{"start":{"line":12,"column":11},"end":{"line":12,"column":30}},{"start":{"line":12,"column":30},"end":{"line":12,"column":null}}]}},"s":{"0":1,"1":0,"2":8,"3":6,"4":6},"f":{"0":1,"1":0,"2":8,"3":6,"4":6},"b":{"0":[8,2]}}
,"/home/runner/work/wallet/wallet/tests-legacy/mocks/playwright-mocks.ts": {"path":"/home/runner/work/wallet/wallet/tests-legacy/mocks/playwright-mocks.ts","statementMap":{"0":{"start":{"line":3,"column":26},"end":{"line":46,"column":null}},"1":{"start":{"line":4,"column":2},"end":{"line":10,"column":null}},"2":{"start":{"line":5,"column":4},"end":{"line":9,"column":null}},"3":{"start":{"line":11,"column":2},"end":{"line":16,"column":null}},"4":{"start":{"line":12,"column":4},"end":{"line":15,"column":null}},"5":{"start":{"line":17,"column":2},"end":{"line":29,"column":null}},"6":{"start":{"line":18,"column":4},"end":{"line":28,"column":null}},"7":{"start":{"line":30,"column":2},"end":{"line":38,"column":null}},"8":{"start":{"line":31,"column":4},"end":{"line":37,"column":null}}},"fnMap":{"0":{"name":"(anonymous_0)","decl":{"start":{"line":3,"column":26},"end":{"line":3,"column":33}},"loc":{"start":{"line":3,"column":61},"end":{"line":46,"column":null}}},"1":{"name":"(anonymous_1)","decl":{"start":{"line":4,"column":72},"end":{"line":4,"column":81}},"loc":{"start":{"line":4,"column":81},"end":{"line":10,"column":3}}},"2":{"name":"(anonymous_2)","decl":{"start":{"line":11,"column":64},"end":{"line":11,"column":73}},"loc":{"start":{"line":11,"column":73},"end":{"line":16,"column":3}}},"3":{"name":"(anonymous_3)","decl":{"start":{"line":17,"column":61},"end":{"line":17,"column":70}},"loc":{"start":{"line":17,"column":70},"end":{"line":29,"column":3}}},"4":{"name":"(anonymous_4)","decl":{"start":{"line":30,"column":73},"end":{"line":30,"column":82}},"loc":{"start":{"line":30,"column":82},"end":{"line":38,"column":3}}}},"branchMap":{},"s":{"0":3,"1":0,"2":0,"3":0,"4":0,"5":0,"6":0,"7":0,"8":0},"f":{"0":0,"1":0,"2":0,"3":0,"4":0},"b":{}}
,"/home/runner/work/wallet/wallet/tests-legacy/utils/transation-test-utils.ts": {"path":"/home/runner/work/wallet/wallet/tests-legacy/utils/transation-test-utils.ts","statementMap":{"0":{"start":{"line":13,"column":1},"end":{"line":16,"column":null}},"1":{"start":{"line":13,"column":37},"end":{"line":16,"column":2}},"2":{"start":{"line":14,"column":14},"end":{"line":14,"column":null}},"3":{"start":{"line":18,"column":46},"end":{"line":20,"column":null}},"4":{"start":{"line":29,"column":18},"end":{"line":29,"column":null}},"5":{"start":{"line":30,"column":23},"end":{"line":30,"column":null}},"6":{"start":{"line":31,"column":28},"end":{"line":31,"column":null}},"7":{"start":{"line":32,"column":20},"end":{"line":32,"column":null}},"8":{"start":{"line":33,"column":15},"end":{"line":33,"column":null}},"9":{"start":{"line":34,"column":2},"end":{"line":41,"column":null}},"10":{"start":{"line":42,"column":2},"end":{"line":48,"column":null}},"11":{"start":{"line":49,"column":18},"end":{"line":49,"column":null}},"12":{"start":{"line":50,"column":22},"end":{"line":66,"column":null}},"13":{"start":{"line":67,"column":2},"end":{"line":67,"column":null}}},"fnMap":{"0":{"name":"(anonymous_0)","decl":{"start":{"line":13,"column":30},"end":{"line":13,"column":37}},"loc":{"start":{"line":13,"column":37},"end":{"line":16,"column":2}}},"1":{"name":"(anonymous_1)","decl":{"start":{"line":14,"column":8},"end":{"line":14,"column":14}},"loc":{"start":{"line":14,"column":14},"end":{"line":14,"column":null}}},"2":{"name":"generateContractCallToken","decl":{"start":{"line":22,"column":22},"end":{"line":22,"column":48}},"loc":{"start":{"line":28,"column":8},"end":{"line":68,"column":null}}}},"branchMap":{"0":{"loc":{"start":{"line":22,"column":48},"end":{"line":28,"column":8}},"type":"default-arg","locations":[{"start":{"line":28,"column":4},"end":{"line":28,"column":8}}]},"1":{"loc":{"start":{"line":45,"column":16},"end":{"line":45,"column":null}},"type":"binary-expr","locations":[{"start":{"line":45,"column":16},"end":{"line":45,"column":28}},{"start":{"line":45,"column":28},"end":{"line":45,"column":null}}]}},"s":{"0":1,"1":0,"2":0,"3":1,"4":1,"5":1,"6":1,"7":1,"8":1,"9":1,"10":1,"11":1,"12":1,"13":1},"f":{"0":0,"1":0,"2":1},"b":{"0":[1],"1":[1,1]}}
}
